2025-06-18 15:32:02.311 [info] Reading sessions from keychain...
2025-06-18 15:32:02.311 [info] Getting sessions for all scopes...
2025-06-18 15:32:02.311 [info] Getting sessions for all scopes...
2025-06-18 15:32:02.311 [info] Getting sessions for all scopes...
2025-06-18 15:32:02.311 [info] Getting sessions for all scopes...
2025-06-18 15:32:02.311 [info] Getting sessions for all scopes...
2025-06-18 15:32:02.311 [info] Getting sessions for all scopes...
2025-06-18 15:32:02.311 [info] Getting sessions for all scopes...
2025-06-18 15:32:02.311 [info] Getting sessions for all scopes...
2025-06-18 15:32:02.311 [info] Got stored sessions!
2025-06-18 15:32:02.311 [info] Got 2 verified sessions.
2025-06-18 15:32:02.311 [info] Got 2 sessions for ...
2025-06-18 15:32:02.311 [info] Got 2 sessions for ...
2025-06-18 15:32:02.311 [info] Got 2 sessions for ...
2025-06-18 15:32:02.311 [info] Got 2 sessions for ...
2025-06-18 15:32:02.311 [info] Got 2 sessions for ...
2025-06-18 15:32:02.311 [info] Got 2 sessions for ...
2025-06-18 15:32:02.311 [info] Got 2 sessions for ...
2025-06-18 15:32:02.311 [info] Got 2 sessions for ...
2025-06-18 15:32:02.311 [info] Getting sessions for all scopes...
2025-06-18 15:32:02.311 [info] Got 2 sessions for ...
2025-06-18 15:32:02.349 [info] Getting sessions for all scopes...
2025-06-18 15:32:02.349 [info] Got 2 sessions for ...
2025-06-18 15:32:02.349 [info] Getting sessions for all scopes...
2025-06-18 15:32:02.349 [info] Got 2 sessions for ...
2025-06-18 15:32:02.350 [info] Getting sessions for all scopes...
2025-06-18 15:32:02.350 [info] Got 2 sessions for ...
2025-06-18 15:32:02.350 [info] Getting sessions for all scopes...
2025-06-18 15:32:02.350 [info] Got 2 sessions for ...
2025-06-18 15:32:02.350 [info] Getting sessions for all scopes...
2025-06-18 15:32:02.350 [info] Got 2 sessions for ...
2025-06-18 15:32:02.351 [info] Getting sessions for all scopes...
2025-06-18 15:32:02.351 [info] Got 2 sessions for ...
2025-06-18 15:32:06.474 [info] Getting sessions for all scopes...
2025-06-18 15:32:06.474 [info] Got 2 sessions for ...
2025-06-18 15:32:06.499 [info] Getting sessions for all scopes...
2025-06-18 15:32:06.499 [info] Got 2 sessions for ...
2025-06-18 15:32:07.474 [info] Getting sessions for all scopes...
2025-06-18 15:32:07.474 [info] Got 2 sessions for ...
2025-06-18 15:32:07.910 [info] Getting sessions for all scopes...
2025-06-18 15:32:07.910 [info] Got 2 sessions for ...
2025-06-18 15:32:07.910 [info] Getting sessions for read:user,repo,user:email,workflow...
2025-06-18 15:32:07.910 [info] Got 1 sessions for read:user,repo,user:email,workflow...
2025-06-18 15:32:07.988 [info] Getting sessions for all scopes...
2025-06-18 15:32:07.988 [info] Got 2 sessions for ...
2025-06-18 15:32:07.988 [info] Getting sessions for all scopes...
2025-06-18 15:32:07.988 [info] Got 2 sessions for ...
2025-06-18 15:32:08.169 [info] Getting sessions for read:user,repo,user:email,workflow...
2025-06-18 15:32:08.169 [info] Got 1 sessions for read:user,repo,user:email,workflow...
2025-06-18 15:32:08.973 [info] Getting sessions for all scopes...
2025-06-18 15:32:08.973 [info] Got 2 sessions for ...
2025-06-18 15:32:08.997 [info] Getting sessions for all scopes...
2025-06-18 15:32:08.997 [info] Got 2 sessions for ...
2025-06-18 15:32:09.054 [info] Getting sessions for read:user,repo,user:email,workflow...
2025-06-18 15:32:09.054 [info] Got 1 sessions for read:user,repo,user:email,workflow...
2025-06-18 15:32:10.567 [info] Getting sessions for all scopes...
2025-06-18 15:32:10.567 [info] Got 2 sessions for ...
2025-06-18 15:32:10.567 [info] Getting sessions for all scopes...
2025-06-18 15:32:10.567 [info] Got 2 sessions for ...
2025-06-18 15:32:10.668 [info] Getting sessions for read:user,repo,user:email,workflow...
2025-06-18 15:32:10.669 [info] Got 1 sessions for read:user,repo,user:email,workflow...
2025-06-18 15:32:10.711 [info] Getting sessions for all scopes...
2025-06-18 15:32:10.711 [info] Got 2 sessions for ...
2025-06-18 15:32:10.721 [info] Getting sessions for read:user,repo,user:email,workflow...
2025-06-18 15:32:10.721 [info] Got 1 sessions for read:user,repo,user:email,workflow...
2025-06-18 15:32:10.957 [info] Getting sessions for all scopes...
2025-06-18 15:32:10.957 [info] Got 2 sessions for ...
2025-06-18 15:32:10.971 [info] Getting sessions for read:user,repo,user:email,workflow...
2025-06-18 15:32:10.971 [info] Got 1 sessions for read:user,repo,user:email,workflow...
2025-06-18 15:32:10.992 [info] Getting sessions for all scopes...
2025-06-18 15:32:10.992 [info] Got 2 sessions for ...
2025-06-18 15:32:10.995 [info] Getting sessions for all scopes...
2025-06-18 15:32:10.995 [info] Got 2 sessions for ...
2025-06-18 15:32:12.711 [info] Getting sessions for all scopes...
2025-06-18 15:32:12.711 [info] Got 2 sessions for ...
2025-06-18 15:32:12.713 [info] Getting sessions for read:user,repo,user:email,workflow...
2025-06-18 15:32:12.714 [info] Got 1 sessions for read:user,repo,user:email,workflow...
