2025-06-20 11:10:34.408 [info] [main] Log level: Info
2025-06-20 11:10:34.408 [info] [main] Validating found git in: "git"
2025-06-20 11:10:34.408 [info] [main] Using git "2.50.0" from "git"
2025-06-20 11:10:34.408 [info] [Model][doInitialScan] Initial repository scan started
2025-06-20 11:10:34.408 [info] > git rev-parse --show-toplevel [9ms]
2025-06-20 11:10:34.408 [info] fatal: not a git repository (or any of the parent directories): .git
2025-06-20 11:10:34.408 [info] > git rev-parse --show-toplevel [3ms]
2025-06-20 11:10:34.408 [info] fatal: not a git repository (or any of the parent directories): .git
2025-06-20 11:10:34.408 [info] [Model][doInitialScan] Initial repository scan completed - repositories (0), closed repositories (0), parent repositories (0), unsafe repositories (0)
2025-06-20 11:10:37.380 [info] > git rev-parse --show-toplevel [111ms]
2025-06-20 11:10:37.380 [info] fatal: not a git repository (or any of the parent directories): .git
2025-06-20 11:10:44.598 [info] > git rev-parse --show-toplevel [3ms]
2025-06-20 11:10:44.598 [info] fatal: not a git repository (or any of the parent directories): .git
2025-06-20 11:10:46.040 [info] > git rev-parse --show-toplevel [97ms]
2025-06-20 11:10:46.040 [info] fatal: not a git repository (or any of the parent directories): .git
2025-06-20 11:10:55.587 [info] [main] Log level: Info
2025-06-20 11:10:55.587 [info] [main] Validating found git in: "git"
2025-06-20 11:10:55.587 [info] [main] Using git "2.50.0" from "git"
2025-06-20 11:10:55.587 [info] [Model][doInitialScan] Initial repository scan started
2025-06-20 11:10:55.587 [info] > git rev-parse --show-toplevel [15ms]
2025-06-20 11:10:55.587 [info] fatal: not a git repository (or any of the parent directories): .git
2025-06-20 11:10:55.598 [info] > git rev-parse --show-toplevel [3ms]
2025-06-20 11:10:55.598 [info] fatal: not a git repository (or any of the parent directories): .git
2025-06-20 11:10:55.612 [info] > git rev-parse --show-toplevel [3ms]
2025-06-20 11:10:55.612 [info] fatal: not a git repository (or any of the parent directories): .git
2025-06-20 11:10:55.612 [info] [Model][doInitialScan] Initial repository scan completed - repositories (0), closed repositories (0), parent repositories (0), unsafe repositories (0)
2025-06-20 11:11:03.745 [info] [main] Log level: Info
2025-06-20 11:11:03.745 [info] [main] Validating found git in: "git"
2025-06-20 11:11:03.745 [info] [main] Using git "2.50.0" from "git"
2025-06-20 11:11:03.745 [info] [Model][doInitialScan] Initial repository scan started
2025-06-20 11:11:03.745 [info] > git rev-parse --show-toplevel [23ms]
2025-06-20 11:11:03.745 [info] fatal: not a git repository (or any of the parent directories): .git
2025-06-20 11:11:03.755 [info] > git rev-parse --show-toplevel [3ms]
2025-06-20 11:11:03.755 [info] fatal: not a git repository (or any of the parent directories): .git
2025-06-20 11:11:03.766 [info] > git rev-parse --show-toplevel [3ms]
2025-06-20 11:11:03.766 [info] fatal: not a git repository (or any of the parent directories): .git
2025-06-20 11:11:03.767 [info] [Model][doInitialScan] Initial repository scan completed - repositories (0), closed repositories (0), parent repositories (0), unsafe repositories (0)
2025-06-20 11:11:28.062 [info] > git rev-parse --show-toplevel [3ms]
2025-06-20 11:11:28.062 [info] fatal: not a git repository (or any of the parent directories): .git
2025-06-20 11:11:34.227 [info] > git rev-parse --show-toplevel [7ms]
2025-06-20 11:11:34.227 [info] fatal: not a git repository (or any of the parent directories): .git
