2025-06-25 08:13:24.517 [info] Reading sessions from keychain...
2025-06-25 08:13:24.517 [info] Getting sessions for all scopes...
2025-06-25 08:13:24.517 [info] Getting sessions for all scopes...
2025-06-25 08:13:24.517 [info] Getting sessions for all scopes...
2025-06-25 08:13:24.517 [info] Getting sessions for all scopes...
2025-06-25 08:13:24.517 [info] Getting sessions for all scopes...
2025-06-25 08:13:24.517 [info] Getting sessions for all scopes...
2025-06-25 08:13:24.517 [info] Getting sessions for all scopes...
2025-06-25 08:13:24.517 [info] Getting sessions for all scopes...
2025-06-25 08:13:24.517 [info] Getting sessions for all scopes...
2025-06-25 08:13:24.518 [info] Getting sessions for all scopes...
2025-06-25 08:13:24.550 [info] Got stored sessions!
2025-06-25 08:13:24.550 [info] Got 2 verified sessions.
2025-06-25 08:13:24.550 [info] Got 2 sessions for ...
2025-06-25 08:13:24.550 [info] Got 2 sessions for ...
2025-06-25 08:13:24.550 [info] Got 2 sessions for ...
2025-06-25 08:13:24.550 [info] Got 2 sessions for ...
2025-06-25 08:13:24.550 [info] Got 2 sessions for ...
2025-06-25 08:13:24.550 [info] Got 2 sessions for ...
2025-06-25 08:13:24.550 [info] Got 2 sessions for ...
2025-06-25 08:13:24.550 [info] Got 2 sessions for ...
2025-06-25 08:13:24.550 [info] Got 2 sessions for ...
2025-06-25 08:13:24.550 [info] Got 2 sessions for ...
2025-06-25 08:13:24.553 [info] Getting sessions for all scopes...
2025-06-25 08:13:24.553 [info] Got 2 sessions for ...
2025-06-25 08:13:24.556 [info] Getting sessions for all scopes...
2025-06-25 08:13:24.556 [info] Got 2 sessions for ...
2025-06-25 08:13:24.556 [info] Getting sessions for all scopes...
2025-06-25 08:13:24.557 [info] Got 2 sessions for ...
2025-06-25 08:13:24.557 [info] Getting sessions for all scopes...
2025-06-25 08:13:24.557 [info] Got 2 sessions for ...
2025-06-25 08:13:24.557 [info] Getting sessions for all scopes...
2025-06-25 08:13:24.557 [info] Got 2 sessions for ...
2025-06-25 08:13:24.558 [info] Getting sessions for all scopes...
2025-06-25 08:13:24.558 [info] Got 2 sessions for ...
2025-06-25 08:13:27.479 [info] Getting sessions for all scopes...
2025-06-25 08:13:27.479 [info] Got 2 sessions for ...
2025-06-25 08:13:27.638 [info] Getting sessions for all scopes...
2025-06-25 08:13:27.638 [info] Got 2 sessions for ...
2025-06-25 08:13:27.639 [info] Getting sessions for all scopes...
2025-06-25 08:13:27.639 [info] Got 2 sessions for ...
2025-06-25 08:13:27.639 [info] Getting sessions for all scopes...
2025-06-25 08:13:27.639 [info] Got 2 sessions for ...
2025-06-25 08:13:27.642 [info] Getting sessions for all scopes...
2025-06-25 08:13:27.642 [info] Got 2 sessions for ...
2025-06-25 08:13:27.642 [info] Getting sessions for read:user,repo,user:email,workflow...
2025-06-25 08:13:27.642 [info] Got 1 sessions for read:user,repo,user:email,workflow...
2025-06-25 08:13:27.810 [info] Getting sessions for read:user,repo,user:email,workflow...
2025-06-25 08:13:27.810 [info] Got 1 sessions for read:user,repo,user:email,workflow...
2025-06-25 08:13:27.844 [info] Getting sessions for all scopes...
2025-06-25 08:13:27.844 [info] Got 2 sessions for ...
2025-06-25 08:13:27.844 [info] Getting sessions for all scopes...
2025-06-25 08:13:27.844 [info] Got 2 sessions for ...
2025-06-25 08:13:28.156 [info] Getting sessions for read:user,repo,user:email,workflow...
2025-06-25 08:13:28.156 [info] Got 1 sessions for read:user,repo,user:email,workflow...
2025-06-25 08:13:29.191 [info] Getting sessions for all scopes...
2025-06-25 08:13:29.191 [info] Got 2 sessions for ...
2025-06-25 08:13:29.192 [info] Getting sessions for all scopes...
2025-06-25 08:13:29.192 [info] Got 2 sessions for ...
2025-06-25 08:13:29.194 [info] Getting sessions for read:user,repo,user:email,workflow...
2025-06-25 08:13:29.194 [info] Got 1 sessions for read:user,repo,user:email,workflow...
2025-06-25 08:13:29.198 [info] Getting sessions for all scopes...
2025-06-25 08:13:29.198 [info] Got 2 sessions for ...
2025-06-25 08:13:29.200 [info] Getting sessions for read:user,repo,user:email,workflow...
2025-06-25 08:13:29.200 [info] Got 1 sessions for read:user,repo,user:email,workflow...
2025-06-25 08:13:29.273 [info] Getting sessions for all scopes...
2025-06-25 08:13:29.273 [info] Got 2 sessions for ...
2025-06-25 08:13:29.275 [info] Getting sessions for read:user,repo,user:email,workflow...
2025-06-25 08:13:29.275 [info] Got 1 sessions for read:user,repo,user:email,workflow...
2025-06-25 08:13:29.280 [info] Getting sessions for all scopes...
2025-06-25 08:13:29.280 [info] Got 2 sessions for ...
2025-06-25 08:13:29.282 [info] Getting sessions for all scopes...
2025-06-25 08:13:29.282 [info] Got 2 sessions for ...
2025-06-25 08:13:30.879 [info] Getting sessions for all scopes...
2025-06-25 08:13:30.879 [info] Got 2 sessions for ...
2025-06-25 08:13:30.881 [info] Getting sessions for read:user,repo,user:email,workflow...
2025-06-25 08:13:30.881 [info] Got 1 sessions for read:user,repo,user:email,workflow...
2025-06-25 08:13:58.574 [info] Reading sessions from keychain...
2025-06-25 08:13:58.574 [info] Getting sessions for all scopes...
2025-06-25 08:13:58.574 [info] Getting sessions for all scopes...
2025-06-25 08:13:58.574 [info] Getting sessions for all scopes...
2025-06-25 08:13:58.574 [info] Getting sessions for all scopes...
2025-06-25 08:13:58.574 [info] Got stored sessions!
2025-06-25 08:13:58.574 [info] Got 2 verified sessions.
2025-06-25 08:13:58.574 [info] Got 2 sessions for ...
2025-06-25 08:13:58.574 [info] Got 2 sessions for ...
2025-06-25 08:13:58.574 [info] Got 2 sessions for ...
2025-06-25 08:13:58.574 [info] Got 2 sessions for ...
2025-06-25 08:13:58.574 [info] Getting sessions for all scopes...
2025-06-25 08:13:58.574 [info] Got 2 sessions for ...
2025-06-25 08:14:01.807 [info] Getting sessions for all scopes...
2025-06-25 08:14:01.807 [info] Got 2 sessions for ...
2025-06-25 08:14:01.807 [info] Getting sessions for all scopes...
2025-06-25 08:14:01.807 [info] Got 2 sessions for ...
2025-06-25 08:14:01.946 [info] Getting sessions for read:user,repo,user:email,workflow...
2025-06-25 08:14:01.946 [info] Got 1 sessions for read:user,repo,user:email,workflow...
2025-06-25 08:14:01.962 [info] Getting sessions for read:user,repo,user:email,workflow...
2025-06-25 08:14:01.962 [info] Got 1 sessions for read:user,repo,user:email,workflow...
2025-06-25 08:14:02.225 [info] Getting sessions for all scopes...
2025-06-25 08:14:02.225 [info] Got 2 sessions for ...
2025-06-25 08:14:02.239 [info] Getting sessions for all scopes...
2025-06-25 08:14:02.239 [info] Got 2 sessions for ...
2025-06-25 08:14:02.357 [info] Getting sessions for read:user,repo,user:email,workflow...
2025-06-25 08:14:02.357 [info] Got 1 sessions for read:user,repo,user:email,workflow...
2025-06-25 08:14:03.539 [info] Getting sessions for all scopes...
2025-06-25 08:14:03.539 [info] Got 2 sessions for ...
2025-06-25 08:14:03.540 [info] Getting sessions for all scopes...
2025-06-25 08:14:03.540 [info] Got 2 sessions for ...
2025-06-25 08:14:03.553 [info] Getting sessions for read:user,repo,user:email,workflow...
2025-06-25 08:14:03.553 [info] Got 1 sessions for read:user,repo,user:email,workflow...
2025-06-25 08:14:03.559 [info] Getting sessions for all scopes...
2025-06-25 08:14:03.559 [info] Got 2 sessions for ...
2025-06-25 08:14:03.566 [info] Getting sessions for read:user,repo,user:email,workflow...
2025-06-25 08:14:03.566 [info] Got 1 sessions for read:user,repo,user:email,workflow...
2025-06-25 08:14:03.648 [info] Getting sessions for all scopes...
2025-06-25 08:14:03.648 [info] Got 2 sessions for ...
2025-06-25 08:14:03.650 [info] Getting sessions for read:user,repo,user:email,workflow...
2025-06-25 08:14:03.650 [info] Got 1 sessions for read:user,repo,user:email,workflow...
2025-06-25 08:14:04.478 [info] Getting sessions for all scopes...
2025-06-25 08:14:04.478 [info] Got 2 sessions for ...
2025-06-25 08:14:04.479 [info] Getting sessions for read:user,repo,user:email,workflow...
2025-06-25 08:14:04.480 [info] Got 1 sessions for read:user,repo,user:email,workflow...
