No current configuration is defined in the workspace state. Assuming 'Default'.
No target defined in the workspace state. Assuming 'Default'.
Dropping various extension output files at /home/curry/.config/Code/User/workspaceStorage/4029743d00461ca2aa8bed5167aab284/ms-vscode.makefile-tools
Logging level: Normal
Configurations cached at /home/curry/.config/Code/User/workspaceStorage/4029743d00461ca2aa8bed5167aab284/ms-vscode.makefile-tools/configurationCache.log
No path to the makefile is defined in the settings file.
No folder path to the makefile is defined in the settings file.
Always pre-configure: false
Always post-configure: false
Dry-run switches: '--always-make', '--keep-going', '--print-directory'
No current launch configuration is set in the workspace state.
Default launch configuration: MIMode = undefined,
                miDebuggerPath = undefined,
                stopAtEntry = undefined,
                symbolSearchPath = undefined
Configure on open: true
Configure on edit: true
Configure after command: true
Only .PHONY targets: false
Save before build or configure: true
Build before launch: true
Clear output before build: true
Ignore directory commands: true
compile_commands.json path: null
Deduced command 'make ' for configuration "Default"
Saving opened files before build.
Generating configuration cache with command: 'make --dry-run --always-make --keep-going --print-directory'
Writing the dry-run output: /home/curry/.config/Code/User/workspaceStorage/4029743d00461ca2aa8bed5167aab284/ms-vscode.makefile-tools/dryrun.log
Generating dry-run elapsed time: 0.014
Preprocessing: "/home/curry/.config/Code/User/workspaceStorage/4029743d00461ca2aa8bed5167aab284/ms-vscode.makefile-tools/dryrun.log"
Preprocess elapsed time: 0
Parsing for IntelliSense.
Updating the CppTools IntelliSense Configuration Provider.
Parsing dry-run output for CppTools Custom Configuration Provider.
Sending configuration for file /home/curry/Workspace/SEM1/MUL/myhunter/src/main.c -----------------------------------
Sending configuration for file /home/curry/Workspace/SEM1/MUL/myhunter/src/game.c -----------------------------------
Sending configuration for file /home/curry/Workspace/SEM1/MUL/myhunter/src/draw.c -----------------------------------
Sending configuration for file /home/curry/Workspace/SEM1/MUL/myhunter/src/birds.c -----------------------------------
Sending configuration for file /home/curry/Workspace/SEM1/MUL/myhunter/src/events.c -----------------------------------
Sending configuration for file /home/curry/Workspace/SEM1/MUL/myhunter/src/textures.c -----------------------------------
Sending configuration for file /home/curry/Workspace/SEM1/MUL/myhunter/src/istty.c -----------------------------------
Sending configuration for file /home/curry/Workspace/SEM1/MUL/myhunter/src/trigger_end.c -----------------------------------
Parsing for IntelliSense elapsed time: 0.173
Parsing for launch targets.
Found the following 1 launch targets defined in the makefile: /home/curry/Workspace/SEM1/MUL/myhunter>my_hunter()
Complete list of launch targets: /home/curry/Workspace/SEM1/MUL/myhunter>my_hunter()
Parsing for launch targets elapsed time: 0.004
Generating parse content for build targets.
Generating targets information with command: 'make all --print-data-base --no-builtin-variables --no-builtin-rules --question'
Writing the dry-run output: /home/curry/.config/Code/User/workspaceStorage/4029743d00461ca2aa8bed5167aab284/ms-vscode.makefile-tools/targets.log
Generating dry-run elapsed time: 0.008
Parsing for build targets from: "/home/curry/.config/Code/User/workspaceStorage/4029743d00461ca2aa8bed5167aab284/ms-vscode.makefile-tools/targets.log"
Found the following 5 build targets defined in the makefile: all;clean;fclean;my_hunter;re
Complete list of build targets: all;clean;fclean;my_hunter;re
Parsing build targets elapsed time: 0
Configure finished. The status for all the subphases that ran:
loadFromCache: return code = -3, elapsed time = 0
generateParseContent: return code = 0, elapsed time = 0.014
preprocessParseContent: return code = 0, elapsed time = 0
parseIntelliSense: return code = 0, elapsed time = 0.173
parseLaunch: return code = 0, elapsed time = 0.004
dryrunTargets: return code = 0, elapsed time = 0.008
parseTargets: return code = 0, elapsed time = 0
Configure succeeded.
Configure elapsed time: 0.274
