2025-06-19 12:50:02.440 [info] (Client) Pylance async client (2025.6.1) started with python extension (2025.8.0)
2025-06-19 12:50:03.956 [info] [Info  - 12:50:03] (14193) Server root directory: file:///home/curry/.vscode/extensions/ms-python.vscode-pylance-2025.6.1/dist
2025-06-19 12:50:03.958 [info] [Info  - 12:50:03] (14193) Pylance language server 2025.6.1 (pyright version 1.1.401, commit b249d11c) starting
2025-06-19 12:50:03.989 [info] [Info  - 12:50:03] (14193) Starting service instance "<default>" for workspace ""
2025-06-19 12:50:04.056 [info] [Info  - 12:50:04] (14193) Setting environmentName for service "<default>": "3.13.3 (global)"
2025-06-19 12:50:04.056 [info] [Info  - 12:50:04] (14193) Setting pythonPath for service "<default>": "/bin/python"
2025-06-19 12:50:04.057 [info] [Info  - 12:50:04] (14193) No include entries specified; assuming /<default workspace root>
2025-06-19 12:50:04.057 [info] [Info  - 12:50:04] (14193) Auto-excluding **/node_modules
2025-06-19 12:50:04.058 [info] [Info  - 12:50:04] (14193) Auto-excluding **/__pycache__
2025-06-19 12:50:04.058 [info] [Info  - 12:50:04] (14193) Auto-excluding **/.*
2025-06-19 12:50:04.109 [info] [Info  - 12:50:04] (14193) Assuming Python version 3.13.3.final.0
2025-06-19 12:50:04.269 [info] [Error - 12:50:04] (14193) File or directory "/<default workspace root>" does not exist.
2025-06-19 12:50:04.272 [info] [Info  - 12:50:04] (14193) No source files found.
2025-06-19 12:50:04.394 [info] [Info  - 12:50:04] (14193) Setting environmentName for service "<default>": "3.13.3 (global)"
2025-06-19 12:50:04.395 [info] [Info  - 12:50:04] (14193) Setting pythonPath for service "<default>": "/bin/python"
2025-06-19 12:50:04.444 [info] [Info  - 12:50:04] (14193) No include entries specified; assuming /<default workspace root>
2025-06-19 12:50:04.445 [info] [Info  - 12:50:04] (14193) Auto-excluding **/node_modules
2025-06-19 12:50:04.449 [info] [Info  - 12:50:04] (14193) Auto-excluding **/__pycache__
2025-06-19 12:50:04.450 [info] [Info  - 12:50:04] (14193) Auto-excluding **/.*
2025-06-19 12:50:04.516 [info] [Info  - 12:50:04] (14193) Assuming Python version 3.13.3.final.0
2025-06-19 12:50:04.728 [info] [Error - 12:50:04] (14193) File or directory "/<default workspace root>" does not exist.
2025-06-19 12:50:04.734 [info] [Info  - 12:50:04] (14193) No source files found.
2025-06-19 12:50:05.480 [info] [Info  - 12:50:05] (14193) BG: Priority queue background worker(2) root directory: file:///home/curry/.vscode/extensions/ms-python.vscode-pylance-2025.6.1/dist
2025-06-19 12:50:05.485 [info] [Info  - 12:50:05] (14193) BG: Priority queue background worker(2) started
