2025-06-20 11:57:45.719 [info] [main] Log level: Info
2025-06-20 11:57:45.719 [info] [main] Validating found git in: "git"
2025-06-20 11:57:45.719 [info] [main] Using git "2.50.0" from "git"
2025-06-20 11:57:45.719 [info] [Model][doInitialScan] Initial repository scan started
2025-06-20 11:57:45.719 [info] > git rev-parse --show-toplevel [318ms]
2025-06-20 11:57:45.719 [info] fatal: not a git repository (or any of the parent directories): .git
2025-06-20 11:57:45.719 [info] > git rev-parse --show-toplevel [27ms]
2025-06-20 11:57:45.719 [info] fatal: not a git repository (or any of the parent directories): .git
2025-06-20 11:57:45.719 [info] [Model][doInitialScan] Initial repository scan completed - repositories (0), closed repositories (0), parent repositories (0), unsafe repositories (0)
2025-06-20 11:57:45.731 [info] > git rev-parse --show-toplevel [125ms]
2025-06-20 11:57:45.731 [info] fatal: not a git repository (or any of the parent directories): .git
2025-06-20 11:57:45.797 [info] > git rev-parse --show-toplevel [17ms]
2025-06-20 11:57:45.797 [info] fatal: not a git repository (or any of the parent directories): .git
2025-06-20 11:57:45.957 [info] > git rev-parse --show-toplevel [6ms]
2025-06-20 11:57:45.957 [info] fatal: not a git repository (or any of the parent directories): .git
2025-06-20 11:59:27.366 [info] > git rev-parse --show-toplevel [2ms]
2025-06-20 11:59:27.367 [info] fatal: not a git repository (or any of the parent directories): .git
2025-06-20 11:59:28.291 [info] > git rev-parse --show-toplevel [25ms]
2025-06-20 11:59:28.291 [info] fatal: not a git repository (or any of the parent directories): .git
2025-06-20 11:59:48.886 [info] > git rev-parse --show-toplevel [5ms]
2025-06-20 11:59:48.886 [info] fatal: not a git repository (or any of the parent directories): .git
2025-06-20 11:59:59.494 [info] > git rev-parse --show-toplevel [4ms]
2025-06-20 11:59:59.494 [info] fatal: not a git repository (or any of the parent directories): .git
2025-06-20 12:10:58.384 [warning] [Model][getRepositoryExact] Failed to get repository realpath for: "/home/curry/Workspace/Persos/vendredi/Aterlier-Meteo". Error:Error: ENOENT: no such file or directory, realpath '/home/curry/Workspace/Persos/vendredi/Aterlier-Meteo'
