make --dry-run --always-make --keep-going --print-directory
make: Entering directory '/home/curry/testcmake'
/usr/bin/cmake -S/home/curry/testcmake -B/home/curry/testcmake --check-build-system CMakeFiles/Makefile.cmake 0
/usr/bin/cmake -E cmake_progress_start /home/curry/testcmake/CMakeFiles /home/curry/testcmake//CMakeFiles/progress.marks
make -s -f CMakeFiles/Makefile2 all
 
make[1]: Entering directory '/home/curry/testcmake'
make -s -f CMakeFiles/MyCExecutable.dir/build.make CMakeFiles/MyCExecutable.dir/depend
 
make[2]: Entering directory '/home/curry/testcmake'
cd /home/curry/testcmake && /usr/bin/cmake -E cmake_depends "Unix Makefiles" /home/curry/testcmake /home/curry/testcmake /home/curry/testcmake /home/curry/testcmake /home/curry/testcmake/CMakeFiles/MyCExecutable.dir/DependInfo.cmake "--color="
make[2]: Leaving directory '/home/curry/testcmake'
 
make -s -f CMakeFiles/MyCExecutable.dir/build.make CMakeFiles/MyCExecutable.dir/build
 
make[2]: Entering directory '/home/curry/testcmake'
/usr/bin/cmake -E cmake_echo_color "--switch=" --green --progress-dir=/home/curry/testcmake/CMakeFiles --progress-num=1 "Building C object CMakeFiles/MyCExecutable.dir/src/main.c.o"
/usr/bin/cc    -MD -MT CMakeFiles/MyCExecutable.dir/src/main.c.o -MF CMakeFiles/MyCExecutable.dir/src/main.c.o.d -o CMakeFiles/MyCExecutable.dir/src/main.c.o -c /home/curry/testcmake/src/main.c
/usr/bin/cmake -E cmake_echo_color "--switch=" --green --bold --progress-dir=/home/curry/testcmake/CMakeFiles --progress-num=2 "Linking C executable MyCExecutable"
/usr/bin/cmake -E cmake_link_script CMakeFiles/MyCExecutable.dir/link.txt --verbose=
make[2]: Leaving directory '/home/curry/testcmake'
 
/usr/bin/cmake -E cmake_echo_color "--switch=" --progress-dir=/home/curry/testcmake/CMakeFiles --progress-num=1,2 "Built target MyCExecutable"
make[1]: Leaving directory '/home/curry/testcmake'
 
/usr/bin/cmake -E cmake_progress_start /home/curry/testcmake/CMakeFiles 0
make: Leaving directory '/home/curry/testcmake'
 
