2025-06-24 21:12:43.772 [info] [main] Log level: Info
2025-06-24 21:12:43.772 [info] [main] Validating found git in: "git"
2025-06-24 21:12:43.772 [info] [main] Using git "2.50.0" from "git"
2025-06-24 21:12:43.772 [info] [Model][doInitialScan] Initial repository scan started
2025-06-24 21:12:43.772 [info] > git rev-parse --show-toplevel [55ms]
2025-06-24 21:12:43.772 [info] fatal: not a git repository (or any of the parent directories): .git
2025-06-24 21:12:43.772 [info] [Model][doInitialScan] Initial repository scan completed - repositories (0), closed repositories (0), parent repositories (0), unsafe repositories (0)
2025-06-24 21:12:46.314 [info] > git rev-parse --show-toplevel [274ms]
2025-06-24 21:12:46.314 [info] fatal: not a git repository (or any of the parent directories): .git
2025-06-24 21:12:47.328 [info] > git rev-parse --show-toplevel [4ms]
2025-06-24 21:12:47.328 [info] fatal: not a git repository (or any of the parent directories): .git
2025-06-24 21:12:55.528 [info] > git rev-parse --show-toplevel [99ms]
2025-06-24 21:12:55.528 [info] fatal: not a git repository (or any of the parent directories): .git
2025-06-24 21:12:55.996 [info] > git rev-parse --show-toplevel [2ms]
2025-06-24 21:12:55.996 [info] fatal: not a git repository (or any of the parent directories): .git
2025-06-24 21:12:56.673 [info] > git rev-parse --show-toplevel [2ms]
2025-06-24 21:12:56.674 [info] fatal: not a git repository (or any of the parent directories): .git
2025-06-24 21:13:01.154 [info] > git rev-parse --show-toplevel [11ms]
2025-06-24 21:13:01.154 [info] fatal: not a git repository (or any of the parent directories): .git
2025-06-24 21:13:06.292 [info] > git rev-parse --show-toplevel [3ms]
2025-06-24 21:13:06.292 [info] fatal: not a git repository (or any of the parent directories): .git
2025-06-24 21:13:29.679 [info] > git rev-parse --show-toplevel [4ms]
2025-06-24 21:13:29.679 [info] fatal: not a git repository (or any of the parent directories): .git
2025-06-24 21:14:55.949 [info] > git rev-parse --show-toplevel [3ms]
2025-06-24 21:14:55.949 [info] fatal: not a git repository (or any of the parent directories): .git
2025-06-24 21:15:00.151 [info] > git rev-parse --show-toplevel [2ms]
2025-06-24 21:15:00.151 [info] fatal: not a git repository (or any of the parent directories): .git
2025-06-24 21:15:01.683 [info] > git rev-parse --show-toplevel [2ms]
2025-06-24 21:15:01.683 [info] fatal: not a git repository (or any of the parent directories): .git
2025-06-24 21:16:06.948 [info] > git rev-parse --show-toplevel [3ms]
2025-06-24 21:16:06.948 [info] fatal: not a git repository (or any of the parent directories): .git
2025-06-24 21:16:07.890 [info] > git rev-parse --show-toplevel [4ms]
2025-06-24 21:16:07.890 [info] fatal: not a git repository (or any of the parent directories): .git
2025-06-24 21:16:10.574 [info] > git rev-parse --show-toplevel [3ms]
2025-06-24 21:16:10.574 [info] fatal: not a git repository (or any of the parent directories): .git
2025-06-24 21:16:12.320 [info] > git rev-parse --show-toplevel [4ms]
2025-06-24 21:16:12.320 [info] fatal: not a git repository (or any of the parent directories): .git
2025-06-24 21:16:13.149 [info] > git rev-parse --show-toplevel [1ms]
2025-06-24 21:16:13.149 [info] fatal: not a git repository (or any of the parent directories): .git
2025-06-24 21:18:25.400 [info] > git rev-parse --show-toplevel [2ms]
2025-06-24 21:18:25.400 [info] fatal: not a git repository (or any of the parent directories): .git
2025-06-24 21:18:25.435 [info] > git rev-parse --show-toplevel [3ms]
2025-06-24 21:18:25.435 [info] fatal: not a git repository (or any of the parent directories): .git
2025-06-24 21:18:25.469 [info] > git rev-parse --show-toplevel [2ms]
2025-06-24 21:18:25.469 [info] fatal: not a git repository (or any of the parent directories): .git
2025-06-24 21:18:25.499 [info] > git rev-parse --show-toplevel [3ms]
2025-06-24 21:18:25.499 [info] fatal: not a git repository (or any of the parent directories): .git
2025-06-24 21:18:25.516 [info] > git rev-parse --show-toplevel [1ms]
2025-06-24 21:18:25.516 [info] fatal: not a git repository (or any of the parent directories): .git
2025-06-24 21:18:25.531 [info] > git rev-parse --show-toplevel [1ms]
2025-06-24 21:18:25.531 [info] fatal: not a git repository (or any of the parent directories): .git
2025-06-24 21:18:25.549 [info] > git rev-parse --show-toplevel [1ms]
2025-06-24 21:18:25.549 [info] fatal: not a git repository (or any of the parent directories): .git
2025-06-24 21:18:25.568 [info] > git rev-parse --show-toplevel [1ms]
2025-06-24 21:18:25.568 [info] fatal: not a git repository (or any of the parent directories): .git
2025-06-24 21:18:46.471 [info] > git rev-parse --show-toplevel [4ms]
2025-06-24 21:18:46.471 [info] fatal: not a git repository (or any of the parent directories): .git
2025-06-24 21:18:48.251 [info] > git rev-parse --show-toplevel [2ms]
2025-06-24 21:18:48.251 [info] fatal: not a git repository (or any of the parent directories): .git
2025-06-24 21:18:48.352 [info] > git rev-parse --show-toplevel [2ms]
2025-06-24 21:18:48.352 [info] fatal: not a git repository (or any of the parent directories): .git
2025-06-24 21:18:59.638 [info] > git rev-parse --show-toplevel [3ms]
2025-06-24 21:18:59.638 [info] fatal: not a git repository (or any of the parent directories): .git
2025-06-24 21:19:46.748 [info] > git rev-parse --show-toplevel [4ms]
2025-06-24 21:19:46.748 [info] fatal: not a git repository (or any of the parent directories): .git
2025-06-24 21:20:11.551 [info] > git rev-parse --show-toplevel [5ms]
2025-06-24 21:20:11.551 [info] fatal: not a git repository (or any of the parent directories): .git
2025-06-24 21:20:35.381 [info] > git rev-parse --show-toplevel [1ms]
2025-06-24 21:20:35.381 [info] fatal: not a git repository (or any of the parent directories): .git
2025-06-24 21:20:47.651 [info] > git rev-parse --show-toplevel [3ms]
2025-06-24 21:20:47.651 [info] fatal: not a git repository (or any of the parent directories): .git
2025-06-24 21:20:59.991 [info] > git rev-parse --show-toplevel [1ms]
2025-06-24 21:20:59.991 [info] fatal: not a git repository (or any of the parent directories): .git
2025-06-24 21:25:55.786 [info] > git rev-parse --show-toplevel [4ms]
2025-06-24 21:25:55.786 [info] fatal: not a git repository (or any of the parent directories): .git
