2025-06-25 08:13:25.122 [info] [main] Log level: Info
2025-06-25 08:13:25.122 [info] [main] Validating found git in: "git"
2025-06-25 08:13:25.122 [info] [main] Using git "2.50.0" from "git"
2025-06-25 08:13:25.122 [info] [Model][doInitialScan] Initial repository scan started
2025-06-25 08:13:25.122 [info] > git rev-parse --show-toplevel [8ms]
2025-06-25 08:13:25.122 [info] fatal: not a git repository (or any of the parent directories): .git
2025-06-25 08:13:25.122 [info] > git rev-parse --show-toplevel [5ms]
2025-06-25 08:13:25.122 [info] fatal: not a git repository (or any of the parent directories): .git
2025-06-25 08:13:25.122 [info] > git rev-parse --show-toplevel [7ms]
2025-06-25 08:13:25.122 [info] fatal: not a git repository (or any of the parent directories): .git
2025-06-25 08:13:25.122 [info] [Model][doInitialScan] Initial repository scan completed - repositories (0), closed repositories (0), parent repositories (0), unsafe repositories (0)
2025-06-25 08:13:59.552 [info] [main] Log level: Info
2025-06-25 08:13:59.552 [info] [main] Validating found git in: "git"
2025-06-25 08:13:59.552 [info] [main] Using git "2.50.0" from "git"
2025-06-25 08:13:59.552 [info] [Model][doInitialScan] Initial repository scan started
2025-06-25 08:13:59.552 [info] > git rev-parse --show-toplevel [10ms]
2025-06-25 08:13:59.552 [info] fatal: not a git repository (or any of the parent directories): .git
2025-06-25 08:13:59.568 [info] > git rev-parse --show-toplevel [5ms]
2025-06-25 08:13:59.568 [info] fatal: not a git repository (or any of the parent directories): .git
2025-06-25 08:13:59.570 [info] [Model][doInitialScan] Initial repository scan completed - repositories (0), closed repositories (0), parent repositories (0), unsafe repositories (0)
2025-06-25 08:14:28.085 [info] > git rev-parse --show-toplevel [9ms]
2025-06-25 08:14:28.085 [info] fatal: not a git repository (or any of the parent directories): .git
