2025-06-24 21:12:43.328 [info] Reading sessions from keychain...
2025-06-24 21:12:43.328 [info] Getting sessions for all scopes...
2025-06-24 21:12:43.328 [info] Getting sessions for all scopes...
2025-06-24 21:12:43.328 [info] Getting sessions for all scopes...
2025-06-24 21:12:43.328 [info] Getting sessions for all scopes...
2025-06-24 21:12:43.328 [info] Getting sessions for all scopes...
2025-06-24 21:12:43.328 [info] Getting sessions for all scopes...
2025-06-24 21:12:43.328 [info] Getting sessions for all scopes...
2025-06-24 21:12:43.328 [info] Getting sessions for all scopes...
2025-06-24 21:12:43.328 [info] Getting sessions for all scopes...
2025-06-24 21:12:43.328 [info] Got stored sessions!
2025-06-24 21:12:43.328 [info] Got 2 verified sessions.
2025-06-24 21:12:43.328 [info] Got 2 sessions for ...
2025-06-24 21:12:43.328 [info] Got 2 sessions for ...
2025-06-24 21:12:43.328 [info] Got 2 sessions for ...
2025-06-24 21:12:43.328 [info] Got 2 sessions for ...
2025-06-24 21:12:43.328 [info] Got 2 sessions for ...
2025-06-24 21:12:43.328 [info] Got 2 sessions for ...
2025-06-24 21:12:43.328 [info] Got 2 sessions for ...
2025-06-24 21:12:43.328 [info] Got 2 sessions for ...
2025-06-24 21:12:43.328 [info] Got 2 sessions for ...
2025-06-24 21:12:43.544 [info] Getting sessions for all scopes...
2025-06-24 21:12:43.544 [info] Got 2 sessions for ...
2025-06-24 21:12:43.545 [info] Getting sessions for all scopes...
2025-06-24 21:12:43.545 [info] Got 2 sessions for ...
2025-06-24 21:12:43.546 [info] Getting sessions for all scopes...
2025-06-24 21:12:43.546 [info] Got 2 sessions for ...
2025-06-24 21:12:43.546 [info] Getting sessions for all scopes...
2025-06-24 21:12:43.546 [info] Got 2 sessions for ...
2025-06-24 21:12:43.546 [info] Getting sessions for all scopes...
2025-06-24 21:12:43.546 [info] Got 2 sessions for ...
2025-06-24 21:12:43.547 [info] Getting sessions for all scopes...
2025-06-24 21:12:43.547 [info] Got 2 sessions for ...
2025-06-24 21:12:43.572 [info] Getting sessions for all scopes...
2025-06-24 21:12:43.572 [info] Got 2 sessions for ...
2025-06-24 21:12:46.050 [info] Getting sessions for all scopes...
2025-06-24 21:12:46.050 [info] Got 2 sessions for ...
2025-06-24 21:12:46.365 [info] Getting sessions for all scopes...
2025-06-24 21:12:46.365 [info] Got 2 sessions for ...
2025-06-24 21:12:46.365 [info] Getting sessions for all scopes...
2025-06-24 21:12:46.365 [info] Got 2 sessions for ...
2025-06-24 21:12:46.367 [info] Getting sessions for all scopes...
2025-06-24 21:12:46.367 [info] Got 2 sessions for ...
2025-06-24 21:12:46.545 [info] Getting sessions for all scopes...
2025-06-24 21:12:46.545 [info] Got 2 sessions for ...
2025-06-24 21:12:46.547 [info] Getting sessions for read:user,repo,user:email,workflow...
2025-06-24 21:12:46.547 [info] Got 1 sessions for read:user,repo,user:email,workflow...
2025-06-24 21:12:46.589 [info] Getting sessions for read:user,repo,user:email,workflow...
2025-06-24 21:12:46.590 [info] Got 1 sessions for read:user,repo,user:email,workflow...
2025-06-24 21:12:46.632 [info] Getting sessions for all scopes...
2025-06-24 21:12:46.632 [info] Got 2 sessions for ...
2025-06-24 21:12:46.978 [info] Getting sessions for all scopes...
2025-06-24 21:12:46.979 [info] Got 2 sessions for ...
2025-06-24 21:12:47.328 [info] Getting sessions for read:user,repo,user:email,workflow...
2025-06-24 21:12:47.328 [info] Got 1 sessions for read:user,repo,user:email,workflow...
2025-06-24 21:12:49.664 [info] Getting sessions for all scopes...
2025-06-24 21:12:49.664 [info] Got 2 sessions for ...
2025-06-24 21:12:49.664 [info] Getting sessions for all scopes...
2025-06-24 21:12:49.664 [info] Got 2 sessions for ...
2025-06-24 21:12:49.665 [info] Getting sessions for read:user,repo,user:email,workflow...
2025-06-24 21:12:49.665 [info] Got 1 sessions for read:user,repo,user:email,workflow...
2025-06-24 21:12:49.668 [info] Getting sessions for all scopes...
2025-06-24 21:12:49.668 [info] Got 2 sessions for ...
2025-06-24 21:12:49.669 [info] Getting sessions for read:user,repo,user:email,workflow...
2025-06-24 21:12:49.669 [info] Got 1 sessions for read:user,repo,user:email,workflow...
2025-06-24 21:12:49.734 [info] Getting sessions for all scopes...
2025-06-24 21:12:49.734 [info] Got 2 sessions for ...
2025-06-24 21:12:49.736 [info] Getting sessions for read:user,repo,user:email,workflow...
2025-06-24 21:12:49.736 [info] Got 1 sessions for read:user,repo,user:email,workflow...
2025-06-24 21:12:49.742 [info] Getting sessions for all scopes...
2025-06-24 21:12:49.742 [info] Got 2 sessions for ...
2025-06-24 21:12:49.744 [info] Getting sessions for all scopes...
2025-06-24 21:12:49.744 [info] Got 2 sessions for ...
2025-06-24 21:12:51.143 [info] Getting sessions for all scopes...
2025-06-24 21:12:51.143 [info] Got 2 sessions for ...
2025-06-24 21:12:51.144 [info] Getting sessions for read:user,repo,user:email,workflow...
2025-06-24 21:12:51.144 [info] Got 1 sessions for read:user,repo,user:email,workflow...
2025-06-24 21:13:24.680 [info] Getting sessions for all scopes...
2025-06-24 21:13:24.680 [info] Got 2 sessions for ...
2025-06-24 21:13:24.682 [info] Getting sessions for read:user,repo,user:email,workflow...
2025-06-24 21:13:24.682 [info] Got 1 sessions for read:user,repo,user:email,workflow...
2025-06-24 21:13:25.582 [info] Getting sessions for all scopes...
2025-06-24 21:13:25.582 [info] Got 2 sessions for ...
2025-06-24 21:13:25.597 [info] Getting sessions for read:user,repo,user:email,workflow...
2025-06-24 21:13:25.597 [info] Got 1 sessions for read:user,repo,user:email,workflow...
2025-06-24 21:13:25.651 [info] Getting sessions for all scopes...
2025-06-24 21:13:25.651 [info] Got 2 sessions for ...
2025-06-24 21:13:25.656 [info] Getting sessions for read:user,repo,user:email,workflow...
2025-06-24 21:13:25.656 [info] Got 1 sessions for read:user,repo,user:email,workflow...
2025-06-24 21:13:29.966 [info] Getting sessions for all scopes...
2025-06-24 21:13:29.966 [info] Got 2 sessions for ...
2025-06-24 21:13:29.979 [info] Getting sessions for read:user,repo,user:email,workflow...
2025-06-24 21:13:29.979 [info] Got 1 sessions for read:user,repo,user:email,workflow...
2025-06-24 21:13:30.024 [info] Getting sessions for all scopes...
2025-06-24 21:13:30.024 [info] Got 2 sessions for ...
2025-06-24 21:13:30.030 [info] Getting sessions for read:user,repo,user:email,workflow...
2025-06-24 21:13:30.030 [info] Got 1 sessions for read:user,repo,user:email,workflow...
2025-06-24 21:13:30.788 [info] Getting sessions for all scopes...
2025-06-24 21:13:30.788 [info] Got 2 sessions for ...
2025-06-24 21:13:30.789 [info] Getting sessions for read:user,repo,user:email,workflow...
2025-06-24 21:13:30.790 [info] Got 1 sessions for read:user,repo,user:email,workflow...
2025-06-24 21:14:42.354 [info] Getting sessions for all scopes...
2025-06-24 21:14:42.354 [info] Got 2 sessions for ...
2025-06-24 21:14:42.356 [info] Getting sessions for read:user,repo,user:email,workflow...
2025-06-24 21:14:42.356 [info] Got 1 sessions for read:user,repo,user:email,workflow...
2025-06-24 21:14:47.532 [info] Getting sessions for all scopes...
2025-06-24 21:14:47.532 [info] Got 2 sessions for ...
2025-06-24 21:14:47.541 [info] Getting sessions for read:user,repo,user:email,workflow...
2025-06-24 21:14:47.541 [info] Got 1 sessions for read:user,repo,user:email,workflow...
2025-06-24 21:14:47.585 [info] Getting sessions for all scopes...
2025-06-24 21:14:47.585 [info] Got 2 sessions for ...
2025-06-24 21:14:47.589 [info] Getting sessions for read:user,repo,user:email,workflow...
2025-06-24 21:14:47.589 [info] Got 1 sessions for read:user,repo,user:email,workflow...
2025-06-24 21:14:59.958 [info] Getting sessions for all scopes...
2025-06-24 21:14:59.958 [info] Got 2 sessions for ...
2025-06-24 21:14:59.969 [info] Getting sessions for read:user,repo,user:email,workflow...
2025-06-24 21:14:59.969 [info] Got 1 sessions for read:user,repo,user:email,workflow...
2025-06-24 21:16:01.447 [info] Getting sessions for all scopes...
2025-06-24 21:16:01.447 [info] Got 2 sessions for ...
2025-06-24 21:16:01.450 [info] Getting sessions for read:user,repo,user:email,workflow...
2025-06-24 21:16:01.450 [info] Got 1 sessions for read:user,repo,user:email,workflow...
2025-06-24 21:16:04.069 [info] Getting sessions for all scopes...
2025-06-24 21:16:04.069 [info] Got 2 sessions for ...
2025-06-24 21:16:04.081 [info] Getting sessions for read:user,repo,user:email,workflow...
2025-06-24 21:16:04.081 [info] Got 1 sessions for read:user,repo,user:email,workflow...
2025-06-24 21:16:04.146 [info] Getting sessions for all scopes...
2025-06-24 21:16:04.146 [info] Got 2 sessions for ...
2025-06-24 21:16:04.148 [info] Getting sessions for read:user,repo,user:email,workflow...
2025-06-24 21:16:04.148 [info] Got 1 sessions for read:user,repo,user:email,workflow...
2025-06-24 21:16:15.081 [info] Getting sessions for all scopes...
2025-06-24 21:16:15.082 [info] Got 2 sessions for ...
2025-06-24 21:16:15.114 [info] Getting sessions for read:user,repo,user:email,workflow...
2025-06-24 21:16:15.114 [info] Got 1 sessions for read:user,repo,user:email,workflow...
2025-06-24 21:18:29.376 [info] Getting sessions for all scopes...
2025-06-24 21:18:29.376 [info] Got 2 sessions for ...
2025-06-24 21:18:29.378 [info] Getting sessions for read:user,repo,user:email,workflow...
2025-06-24 21:18:29.378 [info] Got 1 sessions for read:user,repo,user:email,workflow...
2025-06-24 21:18:31.901 [info] Getting sessions for all scopes...
2025-06-24 21:18:31.901 [info] Got 2 sessions for ...
2025-06-24 21:18:31.939 [info] Getting sessions for read:user,repo,user:email,workflow...
2025-06-24 21:18:31.939 [info] Got 1 sessions for read:user,repo,user:email,workflow...
2025-06-24 21:18:31.949 [info] Getting sessions for all scopes...
2025-06-24 21:18:31.949 [info] Got 2 sessions for ...
2025-06-24 21:18:31.951 [info] Getting sessions for read:user,repo,user:email,workflow...
2025-06-24 21:18:31.951 [info] Got 1 sessions for read:user,repo,user:email,workflow...
2025-06-24 21:18:35.910 [info] Getting sessions for all scopes...
2025-06-24 21:18:35.910 [info] Got 2 sessions for ...
2025-06-24 21:18:35.912 [info] Getting sessions for read:user,repo,user:email,workflow...
2025-06-24 21:18:35.913 [info] Got 1 sessions for read:user,repo,user:email,workflow...
2025-06-24 21:18:36.103 [info] Getting sessions for all scopes...
2025-06-24 21:18:36.103 [info] Got 2 sessions for ...
2025-06-24 21:18:36.104 [info] Getting sessions for read:user,repo,user:email,workflow...
2025-06-24 21:18:36.104 [info] Got 1 sessions for read:user,repo,user:email,workflow...
2025-06-24 21:18:44.916 [info] Getting sessions for all scopes...
2025-06-24 21:18:44.916 [info] Got 2 sessions for ...
2025-06-24 21:18:44.922 [info] Getting sessions for read:user,repo,user:email,workflow...
2025-06-24 21:18:44.922 [info] Got 1 sessions for read:user,repo,user:email,workflow...
2025-06-24 21:18:48.096 [info] Getting sessions for all scopes...
2025-06-24 21:18:48.096 [info] Got 2 sessions for ...
2025-06-24 21:18:48.101 [info] Getting sessions for read:user,repo,user:email,workflow...
2025-06-24 21:18:48.101 [info] Got 1 sessions for read:user,repo,user:email,workflow...
2025-06-24 21:18:48.141 [info] Getting sessions for all scopes...
2025-06-24 21:18:48.141 [info] Got 2 sessions for ...
2025-06-24 21:18:48.144 [info] Getting sessions for read:user,repo,user:email,workflow...
2025-06-24 21:18:48.144 [info] Got 1 sessions for read:user,repo,user:email,workflow...
2025-06-24 21:18:48.515 [info] Getting sessions for all scopes...
2025-06-24 21:18:48.515 [info] Got 2 sessions for ...
2025-06-24 21:18:48.535 [info] Getting sessions for read:user,repo,user:email,workflow...
2025-06-24 21:18:48.535 [info] Got 1 sessions for read:user,repo,user:email,workflow...
2025-06-24 21:27:51.151 [info] Getting sessions for all scopes...
2025-06-24 21:27:51.151 [info] Got 2 sessions for ...
2025-06-24 21:27:51.154 [info] Getting sessions for read:user,repo,user:email,workflow...
2025-06-24 21:27:51.154 [info] Got 1 sessions for read:user,repo,user:email,workflow...
2025-06-24 21:27:51.157 [info] Getting sessions for all scopes...
2025-06-24 21:27:51.157 [info] Got 2 sessions for ...
2025-06-24 21:27:51.160 [info] Getting sessions for read:user,repo,user:email,workflow...
2025-06-24 21:27:51.160 [info] Got 1 sessions for read:user,repo,user:email,workflow...
