2025-06-25 11:41:24.637 [info] Reading sessions from keychain...
2025-06-25 11:41:24.637 [info] Getting sessions for all scopes...
2025-06-25 11:41:24.637 [info] Getting sessions for all scopes...
2025-06-25 11:41:24.637 [info] Getting sessions for all scopes...
2025-06-25 11:41:24.637 [info] Getting sessions for all scopes...
2025-06-25 11:41:24.637 [info] Getting sessions for all scopes...
2025-06-25 11:41:24.637 [info] Getting sessions for all scopes...
2025-06-25 11:41:24.637 [info] Getting sessions for all scopes...
2025-06-25 11:41:24.637 [info] Getting sessions for all scopes...
2025-06-25 11:41:24.637 [info] Getting sessions for all scopes...
2025-06-25 11:41:24.637 [info] Got stored sessions!
2025-06-25 11:41:24.637 [info] Got 2 verified sessions.
2025-06-25 11:41:24.637 [info] Got 2 sessions for ...
2025-06-25 11:41:24.637 [info] Got 2 sessions for ...
2025-06-25 11:41:24.637 [info] Got 2 sessions for ...
2025-06-25 11:41:24.637 [info] Got 2 sessions for ...
2025-06-25 11:41:24.637 [info] Got 2 sessions for ...
2025-06-25 11:41:24.637 [info] Got 2 sessions for ...
2025-06-25 11:41:24.637 [info] Got 2 sessions for ...
2025-06-25 11:41:24.637 [info] Got 2 sessions for ...
2025-06-25 11:41:24.637 [info] Got 2 sessions for ...
2025-06-25 11:41:24.731 [info] Getting sessions for all scopes...
2025-06-25 11:41:24.731 [info] Got 2 sessions for ...
2025-06-25 11:41:24.732 [info] Getting sessions for all scopes...
2025-06-25 11:41:24.732 [info] Got 2 sessions for ...
2025-06-25 11:41:24.732 [info] Getting sessions for all scopes...
2025-06-25 11:41:24.732 [info] Got 2 sessions for ...
2025-06-25 11:41:24.732 [info] Getting sessions for all scopes...
2025-06-25 11:41:24.732 [info] Got 2 sessions for ...
2025-06-25 11:41:24.732 [info] Getting sessions for all scopes...
2025-06-25 11:41:24.732 [info] Got 2 sessions for ...
2025-06-25 11:41:24.732 [info] Getting sessions for all scopes...
2025-06-25 11:41:24.732 [info] Got 2 sessions for ...
2025-06-25 11:41:24.744 [info] Getting sessions for all scopes...
2025-06-25 11:41:24.744 [info] Got 2 sessions for ...
2025-06-25 11:41:25.074 [info] Getting sessions for read:user,repo,user:email,workflow...
2025-06-25 11:41:25.074 [info] Got 1 sessions for read:user,repo,user:email,workflow...
2025-06-25 11:41:27.212 [info] Getting sessions for all scopes...
2025-06-25 11:41:27.212 [info] Got 2 sessions for ...
2025-06-25 11:41:27.346 [info] Getting sessions for all scopes...
2025-06-25 11:41:27.346 [info] Got 2 sessions for ...
2025-06-25 11:41:27.346 [info] Getting sessions for all scopes...
2025-06-25 11:41:27.346 [info] Got 2 sessions for ...
2025-06-25 11:41:27.346 [info] Getting sessions for all scopes...
2025-06-25 11:41:27.346 [info] Got 2 sessions for ...
2025-06-25 11:41:27.465 [info] Getting sessions for all scopes...
2025-06-25 11:41:27.465 [info] Got 2 sessions for ...
2025-06-25 11:41:27.513 [info] Getting sessions for read:user,repo,user:email,workflow...
2025-06-25 11:41:27.513 [info] Got 1 sessions for read:user,repo,user:email,workflow...
2025-06-25 11:41:27.551 [info] Getting sessions for read:user,repo,user:email,workflow...
2025-06-25 11:41:27.551 [info] Got 1 sessions for read:user,repo,user:email,workflow...
2025-06-25 11:41:27.893 [info] Getting sessions for all scopes...
2025-06-25 11:41:27.893 [info] Got 2 sessions for ...
2025-06-25 11:41:27.893 [info] Getting sessions for all scopes...
2025-06-25 11:41:27.893 [info] Got 2 sessions for ...
2025-06-25 11:41:27.990 [info] Getting sessions for read:user,repo,user:email,workflow...
2025-06-25 11:41:27.990 [info] Got 1 sessions for read:user,repo,user:email,workflow...
2025-06-25 11:41:28.276 [info] Getting sessions for all scopes...
2025-06-25 11:41:28.276 [info] Got 2 sessions for ...
2025-06-25 11:41:28.278 [info] Getting sessions for read:user,repo,user:email,workflow...
2025-06-25 11:41:28.278 [info] Got 1 sessions for read:user,repo,user:email,workflow...
2025-06-25 11:41:29.032 [info] Getting sessions for all scopes...
2025-06-25 11:41:29.032 [info] Got 2 sessions for ...
2025-06-25 11:41:29.033 [info] Getting sessions for all scopes...
2025-06-25 11:41:29.033 [info] Got 2 sessions for ...
2025-06-25 11:41:29.034 [info] Getting sessions for read:user,repo,user:email,workflow...
2025-06-25 11:41:29.034 [info] Got 1 sessions for read:user,repo,user:email,workflow...
2025-06-25 11:41:29.036 [info] Getting sessions for all scopes...
2025-06-25 11:41:29.036 [info] Got 2 sessions for ...
2025-06-25 11:41:29.040 [info] Getting sessions for read:user,repo,user:email,workflow...
2025-06-25 11:41:29.040 [info] Got 1 sessions for read:user,repo,user:email,workflow...
2025-06-25 11:41:29.169 [info] Getting sessions for all scopes...
2025-06-25 11:41:29.169 [info] Got 2 sessions for ...
2025-06-25 11:41:29.169 [info] Getting sessions for all scopes...
2025-06-25 11:41:29.169 [info] Got 2 sessions for ...
2025-06-25 11:41:29.184 [info] Getting sessions for read:user,repo,user:email,workflow...
2025-06-25 11:41:29.184 [info] Got 1 sessions for read:user,repo,user:email,workflow...
2025-06-25 11:41:29.192 [info] Getting sessions for all scopes...
2025-06-25 11:41:29.192 [info] Got 2 sessions for ...
2025-06-25 11:41:29.195 [info] Getting sessions for all scopes...
2025-06-25 11:41:29.195 [info] Got 2 sessions for ...
2025-06-25 11:41:30.556 [info] Getting sessions for all scopes...
2025-06-25 11:41:30.556 [info] Got 2 sessions for ...
2025-06-25 11:41:30.556 [info] Getting sessions for read:user,repo,user:email,workflow...
2025-06-25 11:41:30.557 [info] Got 1 sessions for read:user,repo,user:email,workflow...
2025-06-25 11:41:37.052 [info] Getting sessions for all scopes...
2025-06-25 11:41:37.052 [info] Got 2 sessions for ...
2025-06-25 11:41:37.054 [info] Getting sessions for read:user,repo,user:email,workflow...
2025-06-25 11:41:37.054 [info] Got 1 sessions for read:user,repo,user:email,workflow...
2025-06-25 11:41:37.897 [info] Getting sessions for all scopes...
2025-06-25 11:41:37.897 [info] Got 2 sessions for ...
2025-06-25 11:41:37.906 [info] Getting sessions for all scopes...
2025-06-25 11:41:37.906 [info] Got 2 sessions for ...
2025-06-25 11:41:37.906 [info] Getting sessions for read:user,repo,user:email,workflow...
2025-06-25 11:41:37.906 [info] Got 1 sessions for read:user,repo,user:email,workflow...
2025-06-25 11:41:38.005 [info] Getting sessions for all scopes...
2025-06-25 11:41:38.005 [info] Got 2 sessions for ...
2025-06-25 11:41:38.005 [info] Getting sessions for all scopes...
2025-06-25 11:41:38.005 [info] Got 2 sessions for ...
2025-06-25 11:41:38.007 [info] Getting sessions for read:user,repo,user:email,workflow...
2025-06-25 11:41:38.007 [info] Got 1 sessions for read:user,repo,user:email,workflow...
2025-06-25 11:41:38.521 [info] Getting sessions for all scopes...
2025-06-25 11:41:38.521 [info] Got 2 sessions for ...
2025-06-25 11:41:38.521 [info] Getting sessions for all scopes...
2025-06-25 11:41:38.521 [info] Got 2 sessions for ...
2025-06-25 11:41:38.524 [info] Getting sessions for read:user,repo,user:email,workflow...
2025-06-25 11:41:38.524 [info] Got 1 sessions for read:user,repo,user:email,workflow...
2025-06-25 11:41:39.436 [info] Getting sessions for all scopes...
2025-06-25 11:41:39.436 [info] Got 2 sessions for ...
2025-06-25 11:41:39.439 [info] Getting sessions for read:user,repo,user:email,workflow...
2025-06-25 11:41:39.439 [info] Got 1 sessions for read:user,repo,user:email,workflow...
2025-06-25 11:41:41.655 [info] Getting sessions for all scopes...
2025-06-25 11:41:41.655 [info] Got 2 sessions for ...
2025-06-25 11:41:41.660 [info] Getting sessions for read:user,repo,user:email,workflow...
2025-06-25 11:41:41.661 [info] Got 1 sessions for read:user,repo,user:email,workflow...
2025-06-25 11:41:42.209 [info] Getting sessions for all scopes...
2025-06-25 11:41:42.209 [info] Got 2 sessions for ...
2025-06-25 11:41:42.211 [info] Getting sessions for read:user,repo,user:email,workflow...
2025-06-25 11:41:42.211 [info] Got 1 sessions for read:user,repo,user:email,workflow...
2025-06-25 11:41:43.194 [info] Getting sessions for all scopes...
2025-06-25 11:41:43.194 [info] Got 2 sessions for ...
2025-06-25 11:41:43.197 [info] Getting sessions for read:user,repo,user:email,workflow...
2025-06-25 11:41:43.197 [info] Got 1 sessions for read:user,repo,user:email,workflow...
2025-06-25 11:41:48.809 [info] Getting sessions for all scopes...
2025-06-25 11:41:48.809 [info] Got 2 sessions for ...
2025-06-25 11:41:48.810 [info] Getting sessions for read:user,repo,user:email,workflow...
2025-06-25 11:41:48.811 [info] Got 1 sessions for read:user,repo,user:email,workflow...
2025-06-25 11:41:48.839 [info] Getting sessions for all scopes...
2025-06-25 11:41:48.839 [info] Got 2 sessions for ...
2025-06-25 11:41:48.841 [info] Getting sessions for read:user,repo,user:email,workflow...
2025-06-25 11:41:48.841 [info] Got 1 sessions for read:user,repo,user:email,workflow...
2025-06-25 11:41:49.190 [info] Getting sessions for all scopes...
2025-06-25 11:41:49.190 [info] Got 2 sessions for ...
2025-06-25 11:41:49.192 [info] Getting sessions for read:user,repo,user:email,workflow...
2025-06-25 11:41:49.192 [info] Got 1 sessions for read:user,repo,user:email,workflow...
2025-06-25 11:46:28.052 [info] Getting sessions for all scopes...
2025-06-25 11:46:28.052 [info] Got 2 sessions for ...
2025-06-25 11:46:28.056 [info] Getting sessions for read:user,repo,user:email,workflow...
2025-06-25 11:46:28.056 [info] Got 1 sessions for read:user,repo,user:email,workflow...
