make --dry-run --always-make --keep-going --print-directory
make: Entering directory '/home/curry/Workspace/SEM2/CPE/amazed/build'
/usr/bin/cmake -S/home/curry/Workspace/SEM2/CPE/amazed -B/home/curry/Workspace/SEM2/CPE/amazed/build --check-build-system CMakeFiles/Makefile.cmake 0
/usr/bin/cmake -E cmake_progress_start /home/curry/Workspace/SEM2/CPE/amazed/build/CMakeFiles /home/curry/Workspace/SEM2/CPE/amazed/build//CMakeFiles/progress.marks
make -s -f CMakeFiles/Makefile2 all
 
make[1]: Entering directory '/home/curry/Workspace/SEM2/CPE/amazed/build'
make -s -f CMakeFiles/my.dir/build.make CMakeFiles/my.dir/depend
 
make[2]: Entering directory '/home/curry/Workspace/SEM2/CPE/amazed/build'
cd /home/curry/Workspace/SEM2/CPE/amazed/build && /usr/bin/cmake -E cmake_depends "Unix Makefiles" /home/curry/Workspace/SEM2/CPE/amazed /home/curry/Workspace/SEM2/CPE/amazed /home/curry/Workspace/SEM2/CPE/amazed/build /home/curry/Workspace/SEM2/CPE/amazed/build /home/curry/Workspace/SEM2/CPE/amazed/build/CMakeFiles/my.dir/DependInfo.cmake "--color="
make[2]: Leaving directory '/home/curry/Workspace/SEM2/CPE/amazed/build'
 
make -s -f CMakeFiles/my.dir/build.make CMakeFiles/my.dir/build
 
make[2]: Entering directory '/home/curry/Workspace/SEM2/CPE/amazed/build'
/usr/bin/cmake -E cmake_echo_color "--switch=" --green --progress-dir=/home/curry/Workspace/SEM2/CPE/amazed/build/CMakeFiles --progress-num=16 "Building C object CMakeFiles/my.dir/lib/my/mini_printf.c.o"
/usr/bin/clang   -std=gnu11 -MD -MT CMakeFiles/my.dir/lib/my/mini_printf.c.o -MF CMakeFiles/my.dir/lib/my/mini_printf.c.o.d -o CMakeFiles/my.dir/lib/my/mini_printf.c.o -c /home/curry/Workspace/SEM2/CPE/amazed/lib/my/mini_printf.c
/usr/bin/cmake -E cmake_echo_color "--switch=" --green --progress-dir=/home/curry/Workspace/SEM2/CPE/amazed/build/CMakeFiles --progress-num=17 "Building C object CMakeFiles/my.dir/lib/my/my_char_in_str.c.o"
/usr/bin/clang   -std=gnu11 -MD -MT CMakeFiles/my.dir/lib/my/my_char_in_str.c.o -MF CMakeFiles/my.dir/lib/my/my_char_in_str.c.o.d -o CMakeFiles/my.dir/lib/my/my_char_in_str.c.o -c /home/curry/Workspace/SEM2/CPE/amazed/lib/my/my_char_in_str.c
/usr/bin/cmake -E cmake_echo_color "--switch=" --green --progress-dir=/home/curry/Workspace/SEM2/CPE/amazed/build/CMakeFiles --progress-num=18 "Building C object CMakeFiles/my.dir/lib/my/my_compute_power_it.c.o"
/usr/bin/clang   -std=gnu11 -MD -MT CMakeFiles/my.dir/lib/my/my_compute_power_it.c.o -MF CMakeFiles/my.dir/lib/my/my_compute_power_it.c.o.d -o CMakeFiles/my.dir/lib/my/my_compute_power_it.c.o -c /home/curry/Workspace/SEM2/CPE/amazed/lib/my/my_compute_power_it.c
/usr/bin/cmake -E cmake_echo_color "--switch=" --green --progress-dir=/home/curry/Workspace/SEM2/CPE/amazed/build/CMakeFiles --progress-num=19 "Building C object CMakeFiles/my.dir/lib/my/my_get_number.c.o"
/usr/bin/clang   -std=gnu11 -MD -MT CMakeFiles/my.dir/lib/my/my_get_number.c.o -MF CMakeFiles/my.dir/lib/my/my_get_number.c.o.d -o CMakeFiles/my.dir/lib/my/my_get_number.c.o -c /home/curry/Workspace/SEM2/CPE/amazed/lib/my/my_get_number.c
/usr/bin/cmake -E cmake_echo_color "--switch=" --green --progress-dir=/home/curry/Workspace/SEM2/CPE/amazed/build/CMakeFiles --progress-num=20 "Building C object CMakeFiles/my.dir/lib/my/my_get_word.c.o"
/usr/bin/clang   -std=gnu11 -MD -MT CMakeFiles/my.dir/lib/my/my_get_word.c.o -MF CMakeFiles/my.dir/lib/my/my_get_word.c.o.d -o CMakeFiles/my.dir/lib/my/my_get_word.c.o -c /home/curry/Workspace/SEM2/CPE/amazed/lib/my/my_get_word.c
/usr/bin/cmake -E cmake_echo_color "--switch=" --green --progress-dir=/home/curry/Workspace/SEM2/CPE/amazed/build/CMakeFiles --progress-num=21 "Building C object CMakeFiles/my.dir/lib/my/my_getnbr.c.o"
/usr/bin/clang   -std=gnu11 -MD -MT CMakeFiles/my.dir/lib/my/my_getnbr.c.o -MF CMakeFiles/my.dir/lib/my/my_getnbr.c.o.d -o CMakeFiles/my.dir/lib/my/my_getnbr.c.o -c /home/curry/Workspace/SEM2/CPE/amazed/lib/my/my_getnbr.c
/usr/bin/cmake -E cmake_echo_color "--switch=" --green --progress-dir=/home/curry/Workspace/SEM2/CPE/amazed/build/CMakeFiles --progress-num=22 "Building C object CMakeFiles/my.dir/lib/my/my_memset.c.o"
/usr/bin/clang   -std=gnu11 -MD -MT CMakeFiles/my.dir/lib/my/my_memset.c.o -MF CMakeFiles/my.dir/lib/my/my_memset.c.o.d -o CMakeFiles/my.dir/lib/my/my_memset.c.o -c /home/curry/Workspace/SEM2/CPE/amazed/lib/my/my_memset.c
/usr/bin/cmake -E cmake_echo_color "--switch=" --green --progress-dir=/home/curry/Workspace/SEM2/CPE/amazed/build/CMakeFiles --progress-num=23 "Building C object CMakeFiles/my.dir/lib/my/my_nb_to_str.c.o"
/usr/bin/clang   -std=gnu11 -MD -MT CMakeFiles/my.dir/lib/my/my_nb_to_str.c.o -MF CMakeFiles/my.dir/lib/my/my_nb_to_str.c.o.d -o CMakeFiles/my.dir/lib/my/my_nb_to_str.c.o -c /home/curry/Workspace/SEM2/CPE/amazed/lib/my/my_nb_to_str.c
 
/usr/bin/cmake -E cmake_echo_color "--switch=" --green --progress-dir=/home/curry/Workspace/SEM2/CPE/amazed/build/CMakeFiles --progress-num=24 "Building C object CMakeFiles/my.dir/lib/my/my_nblen.c.o"
/usr/bin/clang   -std=gnu11 -MD -MT CMakeFiles/my.dir/lib/my/my_nblen.c.o -MF CMakeFiles/my.dir/lib/my/my_nblen.c.o.d -o CMakeFiles/my.dir/lib/my/my_nblen.c.o -c /home/curry/Workspace/SEM2/CPE/amazed/lib/my/my_nblen.c
/usr/bin/cmake -E cmake_echo_color "--switch=" --green --progress-dir=/home/curry/Workspace/SEM2/CPE/amazed/build/CMakeFiles --progress-num=25 "Building C object CMakeFiles/my.dir/lib/my/my_put_nbr.c.o"
/usr/bin/clang   -std=gnu11 -MD -MT CMakeFiles/my.dir/lib/my/my_put_nbr.c.o -MF CMakeFiles/my.dir/lib/my/my_put_nbr.c.o.d -o CMakeFiles/my.dir/lib/my/my_put_nbr.c.o -c /home/curry/Workspace/SEM2/CPE/amazed/lib/my/my_put_nbr.c
/usr/bin/cmake -E cmake_echo_color "--switch=" --green --progress-dir=/home/curry/Workspace/SEM2/CPE/amazed/build/CMakeFiles --progress-num=26 "Building C object CMakeFiles/my.dir/lib/my/my_putchar.c.o"
/usr/bin/clang   -std=gnu11 -MD -MT CMakeFiles/my.dir/lib/my/my_putchar.c.o -MF CMakeFiles/my.dir/lib/my/my_putchar.c.o.d -o CMakeFiles/my.dir/lib/my/my_putchar.c.o -c /home/curry/Workspace/SEM2/CPE/amazed/lib/my/my_putchar.c
/usr/bin/cmake -E cmake_echo_color "--switch=" --green --progress-dir=/home/curry/Workspace/SEM2/CPE/amazed/build/CMakeFiles --progress-num=27 "Building C object CMakeFiles/my.dir/lib/my/my_putstr.c.o"
/usr/bin/clang   -std=gnu11 -MD -MT CMakeFiles/my.dir/lib/my/my_putstr.c.o -MF CMakeFiles/my.dir/lib/my/my_putstr.c.o.d -o CMakeFiles/my.dir/lib/my/my_putstr.c.o -c /home/curry/Workspace/SEM2/CPE/amazed/lib/my/my_putstr.c
/usr/bin/cmake -E cmake_echo_color "--switch=" --green --progress-dir=/home/curry/Workspace/SEM2/CPE/amazed/build/CMakeFiles --progress-num=28 "Building C object CMakeFiles/my.dir/lib/my/my_rev_str_word.c.o"
/usr/bin/clang   -std=gnu11 -MD -MT CMakeFiles/my.dir/lib/my/my_rev_str_word.c.o -MF CMakeFiles/my.dir/lib/my/my_rev_str_word.c.o.d -o CMakeFiles/my.dir/lib/my/my_rev_str_word.c.o -c /home/curry/Workspace/SEM2/CPE/amazed/lib/my/my_rev_str_word.c
/usr/bin/cmake -E cmake_echo_color "--switch=" --green --progress-dir=/home/curry/Workspace/SEM2/CPE/amazed/build/CMakeFiles --progress-num=29 "Building C object CMakeFiles/my.dir/lib/my/my_revstr.c.o"
/usr/bin/clang   -std=gnu11 -MD -MT CMakeFiles/my.dir/lib/my/my_revstr.c.o -MF CMakeFiles/my.dir/lib/my/my_revstr.c.o.d -o CMakeFiles/my.dir/lib/my/my_revstr.c.o -c /home/curry/Workspace/SEM2/CPE/amazed/lib/my/my_revstr.c
/usr/bin/cmake -E cmake_echo_color "--switch=" --green --progress-dir=/home/curry/Workspace/SEM2/CPE/amazed/build/CMakeFiles --progress-num=30 "Building C object CMakeFiles/my.dir/lib/my/my_str_is_alphanumeric.c.o"
/usr/bin/clang   -std=gnu11 -MD -MT CMakeFiles/my.dir/lib/my/my_str_is_alphanumeric.c.o -MF CMakeFiles/my.dir/lib/my/my_str_is_alphanumeric.c.o.d -o CMakeFiles/my.dir/lib/my/my_str_is_alphanumeric.c.o -c /home/curry/Workspace/SEM2/CPE/amazed/lib/my/my_str_is_alphanumeric.c
/usr/bin/cmake -E cmake_echo_color "--switch=" --green --progress-dir=/home/curry/Workspace/SEM2/CPE/amazed/build/CMakeFiles --progress-num=31 "Building C object CMakeFiles/my.dir/lib/my/my_str_malloc.c.o"
/usr/bin/clang   -std=gnu11 -MD -MT CMakeFiles/my.dir/lib/my/my_str_malloc.c.o -MF CMakeFiles/my.dir/lib/my/my_str_malloc.c.o.d -o CMakeFiles/my.dir/lib/my/my_str_malloc.c.o -c /home/curry/Workspace/SEM2/CPE/amazed/lib/my/my_str_malloc.c
/usr/bin/cmake -E cmake_echo_color "--switch=" --green --progress-dir=/home/curry/Workspace/SEM2/CPE/amazed/build/CMakeFiles --progress-num=32 "Building C object CMakeFiles/my.dir/lib/my/my_str_realloc.c.o"
/usr/bin/clang   -std=gnu11 -MD -MT CMakeFiles/my.dir/lib/my/my_str_realloc.c.o -MF CMakeFiles/my.dir/lib/my/my_str_realloc.c.o.d -o CMakeFiles/my.dir/lib/my/my_str_realloc.c.o -c /home/curry/Workspace/SEM2/CPE/amazed/lib/my/my_str_realloc.c
/usr/bin/cmake -E cmake_echo_color "--switch=" --green --progress-dir=/home/curry/Workspace/SEM2/CPE/amazed/build/CMakeFiles --progress-num=33 "Building C object CMakeFiles/my.dir/lib/my/my_str_to_min.c.o"
/usr/bin/clang   -std=gnu11 -MD -MT CMakeFiles/my.dir/lib/my/my_str_to_min.c.o -MF CMakeFiles/my.dir/lib/my/my_str_to_min.c.o.d -o CMakeFiles/my.dir/lib/my/my_str_to_min.c.o -c /home/curry/Workspace/SEM2/CPE/amazed/lib/my/my_str_to_min.c
/usr/bin/cmake -E cmake_echo_color "--switch=" --green --progress-dir=/home/curry/Workspace/SEM2/CPE/amazed/build/CMakeFiles --progress-num=34 "Building C object CMakeFiles/my.dir/lib/my/my_str_to_word_array.c.o"
 
/usr/bin/clang   -std=gnu11 -MD -MT CMakeFiles/my.dir/lib/my/my_str_to_word_array.c.o -MF CMakeFiles/my.dir/lib/my/my_str_to_word_array.c.o.d -o CMakeFiles/my.dir/lib/my/my_str_to_word_array.c.o -c /home/curry/Workspace/SEM2/CPE/amazed/lib/my/my_str_to_word_array.c
/usr/bin/cmake -E cmake_echo_color "--switch=" --green --progress-dir=/home/curry/Workspace/SEM2/CPE/amazed/build/CMakeFiles --progress-num=35 "Building C object CMakeFiles/my.dir/lib/my/my_strcat.c.o"
/usr/bin/clang   -std=gnu11 -MD -MT CMakeFiles/my.dir/lib/my/my_strcat.c.o -MF CMakeFiles/my.dir/lib/my/my_strcat.c.o.d -o CMakeFiles/my.dir/lib/my/my_strcat.c.o -c /home/curry/Workspace/SEM2/CPE/amazed/lib/my/my_strcat.c
/usr/bin/cmake -E cmake_echo_color "--switch=" --green --progress-dir=/home/curry/Workspace/SEM2/CPE/amazed/build/CMakeFiles --progress-num=36 "Building C object CMakeFiles/my.dir/lib/my/my_strcmp.c.o"
/usr/bin/clang   -std=gnu11 -MD -MT CMakeFiles/my.dir/lib/my/my_strcmp.c.o -MF CMakeFiles/my.dir/lib/my/my_strcmp.c.o.d -o CMakeFiles/my.dir/lib/my/my_strcmp.c.o -c /home/curry/Workspace/SEM2/CPE/amazed/lib/my/my_strcmp.c
/usr/bin/cmake -E cmake_echo_color "--switch=" --green --progress-dir=/home/curry/Workspace/SEM2/CPE/amazed/build/CMakeFiles --progress-num=37 "Building C object CMakeFiles/my.dir/lib/my/my_strdup.c.o"
/usr/bin/clang   -std=gnu11 -MD -MT CMakeFiles/my.dir/lib/my/my_strdup.c.o -MF CMakeFiles/my.dir/lib/my/my_strdup.c.o.d -o CMakeFiles/my.dir/lib/my/my_strdup.c.o -c /home/curry/Workspace/SEM2/CPE/amazed/lib/my/my_strdup.c
/usr/bin/cmake -E cmake_echo_color "--switch=" --green --progress-dir=/home/curry/Workspace/SEM2/CPE/amazed/build/CMakeFiles --progress-num=38 "Building C object CMakeFiles/my.dir/lib/my/my_strlen.c.o"
/usr/bin/clang   -std=gnu11 -MD -MT CMakeFiles/my.dir/lib/my/my_strlen.c.o -MF CMakeFiles/my.dir/lib/my/my_strlen.c.o.d -o CMakeFiles/my.dir/lib/my/my_strlen.c.o -c /home/curry/Workspace/SEM2/CPE/amazed/lib/my/my_strlen.c
/usr/bin/cmake -E cmake_echo_color "--switch=" --green --progress-dir=/home/curry/Workspace/SEM2/CPE/amazed/build/CMakeFiles --progress-num=39 "Building C object CMakeFiles/my.dir/lib/my/my_strncmp.c.o"
/usr/bin/clang   -std=gnu11 -MD -MT CMakeFiles/my.dir/lib/my/my_strncmp.c.o -MF CMakeFiles/my.dir/lib/my/my_strncmp.c.o.d -o CMakeFiles/my.dir/lib/my/my_strncmp.c.o -c /home/curry/Workspace/SEM2/CPE/amazed/lib/my/my_strncmp.c
/usr/bin/cmake -E cmake_echo_color "--switch=" --green --progress-dir=/home/curry/Workspace/SEM2/CPE/amazed/build/CMakeFiles --progress-num=40 "Building C object CMakeFiles/my.dir/lib/my/my_word_array_alpha.c.o"
/usr/bin/clang   -std=gnu11 -MD -MT CMakeFiles/my.dir/lib/my/my_word_array_alpha.c.o -MF CMakeFiles/my.dir/lib/my/my_word_array_alpha.c.o.d -o CMakeFiles/my.dir/lib/my/my_word_array_alpha.c.o -c /home/curry/Workspace/SEM2/CPE/amazed/lib/my/my_word_array_alpha.c
/usr/bin/cmake -E cmake_echo_color "--switch=" --green --progress-dir=/home/curry/Workspace/SEM2/CPE/amazed/build/CMakeFiles --progress-num=41 "Building C object CMakeFiles/my.dir/lib/my/my_word_array_dup.c.o"
/usr/bin/clang   -std=gnu11 -MD -MT CMakeFiles/my.dir/lib/my/my_word_array_dup.c.o -MF CMakeFiles/my.dir/lib/my/my_word_array_dup.c.o.d -o CMakeFiles/my.dir/lib/my/my_word_array_dup.c.o -c /home/curry/Workspace/SEM2/CPE/amazed/lib/my/my_word_array_dup.c
/usr/bin/cmake -E cmake_echo_color "--switch=" --green --progress-dir=/home/curry/Workspace/SEM2/CPE/amazed/build/CMakeFiles --progress-num=42 "Building C object CMakeFiles/my.dir/lib/my/my_word_array_free.c.o"
/usr/bin/clang   -std=gnu11 -MD -MT CMakeFiles/my.dir/lib/my/my_word_array_free.c.o -MF CMakeFiles/my.dir/lib/my/my_word_array_free.c.o.d -o CMakeFiles/my.dir/lib/my/my_word_array_free.c.o -c /home/curry/Workspace/SEM2/CPE/amazed/lib/my/my_word_array_free.c
 
/usr/bin/cmake -E cmake_echo_color "--switch=" --green --progress-dir=/home/curry/Workspace/SEM2/CPE/amazed/build/CMakeFiles --progress-num=43 "Building C object CMakeFiles/my.dir/lib/my/my_word_array_len.c.o"
/usr/bin/clang   -std=gnu11 -MD -MT CMakeFiles/my.dir/lib/my/my_word_array_len.c.o -MF CMakeFiles/my.dir/lib/my/my_word_array_len.c.o.d -o CMakeFiles/my.dir/lib/my/my_word_array_len.c.o -c /home/curry/Workspace/SEM2/CPE/amazed/lib/my/my_word_array_len.c
/usr/bin/cmake -E cmake_echo_color "--switch=" --green --bold --progress-dir=/home/curry/Workspace/SEM2/CPE/amazed/build/CMakeFiles --progress-num=44 "Linking C static library libmy.a"
/usr/bin/cmake -P CMakeFiles/my.dir/cmake_clean_target.cmake
/usr/bin/cmake -E cmake_link_script CMakeFiles/my.dir/link.txt --verbose=
make[2]: Leaving directory '/home/curry/Workspace/SEM2/CPE/amazed/build'
 
/usr/bin/cmake -E cmake_echo_color "--switch=" --progress-dir=/home/curry/Workspace/SEM2/CPE/amazed/build/CMakeFiles --progress-num=16,17,18,19,20,21,22,23,24,25,26,27,28,29,30,31,32,33,34,35,36,37,38,39,40,41,42,43,44 "Built target my"
make -s -f CMakeFiles/amazed.dir/build.make CMakeFiles/amazed.dir/depend
 
make[2]: Entering directory '/home/curry/Workspace/SEM2/CPE/amazed/build'
cd /home/curry/Workspace/SEM2/CPE/amazed/build && /usr/bin/cmake -E cmake_depends "Unix Makefiles" /home/curry/Workspace/SEM2/CPE/amazed /home/curry/Workspace/SEM2/CPE/amazed /home/curry/Workspace/SEM2/CPE/amazed/build /home/curry/Workspace/SEM2/CPE/amazed/build /home/curry/Workspace/SEM2/CPE/amazed/build/CMakeFiles/amazed.dir/DependInfo.cmake "--color="
make[2]: Leaving directory '/home/curry/Workspace/SEM2/CPE/amazed/build'
 
make -s -f CMakeFiles/amazed.dir/build.make CMakeFiles/amazed.dir/build
 
make[2]: Entering directory '/home/curry/Workspace/SEM2/CPE/amazed/build'
/usr/bin/cmake -E cmake_echo_color "--switch=" --green --progress-dir=/home/curry/Workspace/SEM2/CPE/amazed/build/CMakeFiles --progress-num=1 "Building C object CMakeFiles/amazed.dir/src/display.c.o"
/usr/bin/clang  -I/home/curry/Workspace/SEM2/CPE/amazed/include -I/home/curry/Workspace/SEM2/CPE/amazed/lib -std=gnu11 -MD -MT CMakeFiles/amazed.dir/src/display.c.o -MF CMakeFiles/amazed.dir/src/display.c.o.d -o CMakeFiles/amazed.dir/src/display.c.o -c /home/curry/Workspace/SEM2/CPE/amazed/src/display.c
/usr/bin/cmake -E cmake_echo_color "--switch=" --green --progress-dir=/home/curry/Workspace/SEM2/CPE/amazed/build/CMakeFiles --progress-num=2 "Building C object CMakeFiles/amazed.dir/src/graph/create_graph.c.o"
/usr/bin/clang  -I/home/curry/Workspace/SEM2/CPE/amazed/include -I/home/curry/Workspace/SEM2/CPE/amazed/lib -std=gnu11 -MD -MT CMakeFiles/amazed.dir/src/graph/create_graph.c.o -MF CMakeFiles/amazed.dir/src/graph/create_graph.c.o.d -o CMakeFiles/amazed.dir/src/graph/create_graph.c.o -c /home/curry/Workspace/SEM2/CPE/amazed/src/graph/create_graph.c
/usr/bin/cmake -E cmake_echo_color "--switch=" --green --progress-dir=/home/curry/Workspace/SEM2/CPE/amazed/build/CMakeFiles --progress-num=3 "Building C object CMakeFiles/amazed.dir/src/graph/free_graph.c.o"
/usr/bin/clang  -I/home/curry/Workspace/SEM2/CPE/amazed/include -I/home/curry/Workspace/SEM2/CPE/amazed/lib -std=gnu11 -MD -MT CMakeFiles/amazed.dir/src/graph/free_graph.c.o -MF CMakeFiles/amazed.dir/src/graph/free_graph.c.o.d -o CMakeFiles/amazed.dir/src/graph/free_graph.c.o -c /home/curry/Workspace/SEM2/CPE/amazed/src/graph/free_graph.c
/usr/bin/cmake -E cmake_echo_color "--switch=" --green --progress-dir=/home/curry/Workspace/SEM2/CPE/amazed/build/CMakeFiles --progress-num=4 "Building C object CMakeFiles/amazed.dir/src/graph/utils.c.o"
/usr/bin/clang  -I/home/curry/Workspace/SEM2/CPE/amazed/include -I/home/curry/Workspace/SEM2/CPE/amazed/lib -std=gnu11 -MD -MT CMakeFiles/amazed.dir/src/graph/utils.c.o -MF CMakeFiles/amazed.dir/src/graph/utils.c.o.d -o CMakeFiles/amazed.dir/src/graph/utils.c.o -c /home/curry/Workspace/SEM2/CPE/amazed/src/graph/utils.c
/usr/bin/cmake -E cmake_echo_color "--switch=" --green --progress-dir=/home/curry/Workspace/SEM2/CPE/amazed/build/CMakeFiles --progress-num=5 "Building C object CMakeFiles/amazed.dir/src/main.c.o"
/usr/bin/clang  -I/home/curry/Workspace/SEM2/CPE/amazed/include -I/home/curry/Workspace/SEM2/CPE/amazed/lib -std=gnu11 -MD -MT CMakeFiles/amazed.dir/src/main.c.o -MF CMakeFiles/amazed.dir/src/main.c.o.d -o CMakeFiles/amazed.dir/src/main.c.o -c /home/curry/Workspace/SEM2/CPE/amazed/src/main.c
 
/usr/bin/cmake -E cmake_echo_color "--switch=" --green --progress-dir=/home/curry/Workspace/SEM2/CPE/amazed/build/CMakeFiles --progress-num=6 "Building C object CMakeFiles/amazed.dir/src/parsing/comments.c.o"
/usr/bin/clang  -I/home/curry/Workspace/SEM2/CPE/amazed/include -I/home/curry/Workspace/SEM2/CPE/amazed/lib -std=gnu11 -MD -MT CMakeFiles/amazed.dir/src/parsing/comments.c.o -MF CMakeFiles/amazed.dir/src/parsing/comments.c.o.d -o CMakeFiles/amazed.dir/src/parsing/comments.c.o -c /home/curry/Workspace/SEM2/CPE/amazed/src/parsing/comments.c
/usr/bin/cmake -E cmake_echo_color "--switch=" --green --progress-dir=/home/curry/Workspace/SEM2/CPE/amazed/build/CMakeFiles --progress-num=7 "Building C object CMakeFiles/amazed.dir/src/parsing/error.c.o"
/usr/bin/clang  -I/home/curry/Workspace/SEM2/CPE/amazed/include -I/home/curry/Workspace/SEM2/CPE/amazed/lib -std=gnu11 -MD -MT CMakeFiles/amazed.dir/src/parsing/error.c.o -MF CMakeFiles/amazed.dir/src/parsing/error.c.o.d -o CMakeFiles/amazed.dir/src/parsing/error.c.o -c /home/curry/Workspace/SEM2/CPE/amazed/src/parsing/error.c
/usr/bin/cmake -E cmake_echo_color "--switch=" --green --progress-dir=/home/curry/Workspace/SEM2/CPE/amazed/build/CMakeFiles --progress-num=8 "Building C object CMakeFiles/amazed.dir/src/parsing/init_robot.c.o"
/usr/bin/clang  -I/home/curry/Workspace/SEM2/CPE/amazed/include -I/home/curry/Workspace/SEM2/CPE/amazed/lib -std=gnu11 -MD -MT CMakeFiles/amazed.dir/src/parsing/init_robot.c.o -MF CMakeFiles/amazed.dir/src/parsing/init_robot.c.o.d -o CMakeFiles/amazed.dir/src/parsing/init_robot.c.o -c /home/curry/Workspace/SEM2/CPE/amazed/src/parsing/init_robot.c
/usr/bin/cmake -E cmake_echo_color "--switch=" --green --progress-dir=/home/curry/Workspace/SEM2/CPE/amazed/build/CMakeFiles --progress-num=9 "Building C object CMakeFiles/amazed.dir/src/parsing/number_robot.c.o"
/usr/bin/clang  -I/home/curry/Workspace/SEM2/CPE/amazed/include -I/home/curry/Workspace/SEM2/CPE/amazed/lib -std=gnu11 -MD -MT CMakeFiles/amazed.dir/src/parsing/number_robot.c.o -MF CMakeFiles/amazed.dir/src/parsing/number_robot.c.o.d -o CMakeFiles/amazed.dir/src/parsing/number_robot.c.o -c /home/curry/Workspace/SEM2/CPE/amazed/src/parsing/number_robot.c
/usr/bin/cmake -E cmake_echo_color "--switch=" --green --progress-dir=/home/curry/Workspace/SEM2/CPE/amazed/build/CMakeFiles --progress-num=10 "Building C object CMakeFiles/amazed.dir/src/parsing/parsing.c.o"
/usr/bin/clang  -I/home/curry/Workspace/SEM2/CPE/amazed/include -I/home/curry/Workspace/SEM2/CPE/amazed/lib -std=gnu11 -MD -MT CMakeFiles/amazed.dir/src/parsing/parsing.c.o -MF CMakeFiles/amazed.dir/src/parsing/parsing.c.o.d -o CMakeFiles/amazed.dir/src/parsing/parsing.c.o -c /home/curry/Workspace/SEM2/CPE/amazed/src/parsing/parsing.c
/usr/bin/cmake -E cmake_echo_color "--switch=" --green --progress-dir=/home/curry/Workspace/SEM2/CPE/amazed/build/CMakeFiles --progress-num=11 "Building C object CMakeFiles/amazed.dir/src/parsing/rooms.c.o"
/usr/bin/clang  -I/home/curry/Workspace/SEM2/CPE/amazed/include -I/home/curry/Workspace/SEM2/CPE/amazed/lib -std=gnu11 -MD -MT CMakeFiles/amazed.dir/src/parsing/rooms.c.o -MF CMakeFiles/amazed.dir/src/parsing/rooms.c.o.d -o CMakeFiles/amazed.dir/src/parsing/rooms.c.o -c /home/curry/Workspace/SEM2/CPE/amazed/src/parsing/rooms.c
/usr/bin/cmake -E cmake_echo_color "--switch=" --green --progress-dir=/home/curry/Workspace/SEM2/CPE/amazed/build/CMakeFiles --progress-num=12 "Building C object CMakeFiles/amazed.dir/src/parsing/start_end.c.o"
/usr/bin/clang  -I/home/curry/Workspace/SEM2/CPE/amazed/include -I/home/curry/Workspace/SEM2/CPE/amazed/lib -std=gnu11 -MD -MT CMakeFiles/amazed.dir/src/parsing/start_end.c.o -MF CMakeFiles/amazed.dir/src/parsing/start_end.c.o.d -o CMakeFiles/amazed.dir/src/parsing/start_end.c.o -c /home/curry/Workspace/SEM2/CPE/amazed/src/parsing/start_end.c
/usr/bin/cmake -E cmake_echo_color "--switch=" --green --progress-dir=/home/curry/Workspace/SEM2/CPE/amazed/build/CMakeFiles --progress-num=13 "Building C object CMakeFiles/amazed.dir/src/parsing/text.c.o"
/usr/bin/clang  -I/home/curry/Workspace/SEM2/CPE/amazed/include -I/home/curry/Workspace/SEM2/CPE/amazed/lib -std=gnu11 -MD -MT CMakeFiles/amazed.dir/src/parsing/text.c.o -MF CMakeFiles/amazed.dir/src/parsing/text.c.o.d -o CMakeFiles/amazed.dir/src/parsing/text.c.o -c /home/curry/Workspace/SEM2/CPE/amazed/src/parsing/text.c
/usr/bin/cmake -E cmake_echo_color "--switch=" --green --progress-dir=/home/curry/Workspace/SEM2/CPE/amazed/build/CMakeFiles --progress-num=14 "Building C object CMakeFiles/amazed.dir/src/walking/init_moves.c.o"
/usr/bin/clang  -I/home/curry/Workspace/SEM2/CPE/amazed/include -I/home/curry/Workspace/SEM2/CPE/amazed/lib -std=gnu11 -MD -MT CMakeFiles/amazed.dir/src/walking/init_moves.c.o -MF CMakeFiles/amazed.dir/src/walking/init_moves.c.o.d -o CMakeFiles/amazed.dir/src/walking/init_moves.c.o -c /home/curry/Workspace/SEM2/CPE/amazed/src/walking/init_moves.c
make[2]: Leaving directory '/home/curry/Workspace/SEM2/CPE/amazed/build'
 
make[2]: *** No rule to make target 'libmy.a', needed by 'amazed'.
make[1]: *** [CMakeFiles/Makefile2:122: CMakeFiles/amazed.dir/all] Error 2

make[1]: Leaving directory '/home/curry/Workspace/SEM2/CPE/amazed/build'
make: Leaving directory '/home/curry/Workspace/SEM2/CPE/amazed/build'
 
make: *** [Makefile:91: all] Error 2

