2025-06-18 15:32:03.246 [info] Telemetry level is off
2025-06-18 15:32:03.246 [info] Experiments are disabled, only manually opted experiments are active.
2025-06-18 15:32:03.246 [warning] Dir "/home/curry/Downloads/sujets/Groupe 1 - 5/Mercredi/Ressources/.pixi/envs" is not watchable (directory does not exist)
2025-06-18 15:32:03.246 [info] Starting Environment refresh
2025-06-18 15:32:03.246 [info] VS Code was launched from an activated environment: 'venv', selecting it as the interpreter for workspace.
2025-06-18 15:32:03.246 [info] > hatch env show --json
2025-06-18 15:32:03.246 [info] cwd: ~/Downloads/sujets/Groupe 1 - 5/Mercredi/Ressources
2025-06-18 15:32:03.246 [info] Python interpreter path: ./venv/bin/python
2025-06-18 15:32:03.398 [info] > pyenv which python
2025-06-18 15:32:03.398 [info] cwd: ~/Downloads/sujets/Groupe 1 - 5/Mercredi/Ressources
2025-06-18 15:32:07.971 [info] > "~/Downloads/sujets/Groupe 1 - 5/Mercredi/Ressources/venv/bin/python" -I ~/.vscode/extensions/ms-python.python-2025.8.0-linux-x64/python_files/get_output_via_markers.py ~/.vscode/extensions/ms-python.python-2025.8.0-linux-x64/python_files/interpreterInfo.py
2025-06-18 15:32:07.973 [info] Environments refresh paths discovered: 5677 milliseconds
2025-06-18 15:32:08.171 [info] CreateEnv Trigger - Skipping for /home/curry/Downloads/sujets/Groupe 1 - 5/Mercredi/Ressources/tictactoe.py
2025-06-18 15:32:09.037 [info] Environments refresh finished (event): 6741 milliseconds
2025-06-18 15:32:09.047 [info] Environment refresh took 6752 milliseconds
2025-06-18 15:32:09.050 [info] Send text to terminal: source "/home/curry/Downloads/sujets/Groupe 1 - 5/Mercredi/Ressources/venv/bin/activate"
2025-06-18 15:32:09.554 [info] Send text to terminal: "/home/curry/Downloads/sujets/Groupe 1 - 5/Mercredi/Ressources/venv/bin/python" "/home/curry/Downloads/sujets/Groupe 1 - 5/Mercredi/Ressources/tictactoe.py"
2025-06-18 15:32:09.670 [info] Starting Pylance language server.
2025-06-18 15:32:31.194 [info] Discover tests for workspace name: Ressources - uri: /home/curry/Downloads/sujets/Groupe 1 - 5/Mercredi/Ressources/tictactoe.py
2025-06-18 15:32:34.209 [info] Send text to terminal: "/home/curry/Downloads/sujets/Groupe 1 - 5/Mercredi/Ressources/venv/bin/python" "/home/curry/Downloads/sujets/Groupe 1 - 5/Mercredi/Ressources/tictactoe.py"
