2025-06-18 15:32:08.161 [info] (Client) Pylance async client (2025.6.1) started with python extension (2025.8.0)
2025-06-18 15:32:09.604 [info] [Info  - 15:32:09] (38587) Server root directory: file:///home/curry/.vscode/extensions/ms-python.vscode-pylance-2025.6.1/dist
2025-06-18 15:32:09.605 [info] [Info  - 15:32:09] (38587) Pylance language server 2025.6.1 (pyright version 1.1.401, commit b249d11c) starting
2025-06-18 15:32:09.644 [info] [Info  - 15:32:09] (38587) Starting service instance "Ressources" for workspace "/home/curry/Downloads/sujets/Groupe 1 - 5/Mercredi/Ressources"
2025-06-18 15:32:09.791 [info] [Info  - 15:32:09] (38587) Setting environmentName for service "Ressources": "3.13.3 (venv venv)"
2025-06-18 15:32:09.792 [info] [Info  - 15:32:09] (38587) Setting pythonPath for service "Ressources": "/home/curry/Downloads/sujets/Groupe 1 - 5/Mercredi/Ressources/venv/bin/python"
2025-06-18 15:32:09.792 [info] [Info  - 15:32:09] (38587) No include entries specified; assuming /home/curry/Downloads/sujets/Groupe 1 - 5/Mercredi/Ressources
2025-06-18 15:32:09.793 [info] [Info  - 15:32:09] (38587) Auto-excluding **/node_modules
2025-06-18 15:32:09.796 [info] [Info  - 15:32:09] (38587) Auto-excluding **/__pycache__
2025-06-18 15:32:09.796 [info] [Info  - 15:32:09] (38587) Auto-excluding **/.*
2025-06-18 15:32:09.855 [info] [Info  - 15:32:09] (38587) Assuming Python version 3.13.3.final.0
2025-06-18 15:32:10.047 [info] [Info  - 15:32:10] (38587) Auto-excluding /home/curry/Downloads/sujets/Groupe 1 - 5/Mercredi/Ressources/venv
2025-06-18 15:32:10.054 [info] [Info  - 15:32:10] (38587) Found 1 source file
2025-06-18 15:32:10.132 [info] [Info  - 15:32:10] (38587) Setting environmentName for service "Ressources": "3.13.3 (venv venv)"
2025-06-18 15:32:10.132 [info] [Info  - 15:32:10] (38587) Setting pythonPath for service "Ressources": "/home/curry/Downloads/sujets/Groupe 1 - 5/Mercredi/Ressources/venv/bin/python"
2025-06-18 15:32:10.132 [info] [Info  - 15:32:10] (38587) No include entries specified; assuming /home/curry/Downloads/sujets/Groupe 1 - 5/Mercredi/Ressources
2025-06-18 15:32:10.133 [info] [Info  - 15:32:10] (38587) Auto-excluding **/node_modules
2025-06-18 15:32:10.133 [info] [Info  - 15:32:10] (38587) Auto-excluding **/__pycache__
2025-06-18 15:32:10.133 [info] [Info  - 15:32:10] (38587) Auto-excluding **/.*
2025-06-18 15:32:10.222 [info] [Info  - 15:32:10] (38587) Assuming Python version 3.13.3.final.0
2025-06-18 15:32:10.445 [info] [Info  - 15:32:10] (38587) Auto-excluding /home/curry/Downloads/sujets/Groupe 1 - 5/Mercredi/Ressources/venv
2025-06-18 15:32:10.494 [info] [Info  - 15:32:10] (38587) Found 1 source file
2025-06-18 15:32:12.340 [info] [Info  - 15:32:12] (38587) BG: Priority queue background worker(2) root directory: file:///home/curry/.vscode/extensions/ms-python.vscode-pylance-2025.6.1/dist
2025-06-18 15:32:12.342 [info] [Info  - 15:32:12] (38587) BG: Priority queue background worker(2) started
2025-06-18 15:32:12.670 [info] [Info  - 15:32:12] (38587) BG: Indexer background runner(3) root directory: file:///home/curry/.vscode/extensions/ms-python.vscode-pylance-2025.6.1/dist (index)
2025-06-18 15:32:12.671 [info] [Info  - 15:32:12] (38587) BG: Indexing(3) started
2025-06-18 15:32:14.341 [info] [Info  - 15:32:14] (38587) BG: scanned(3) 11 files over 1 exec env
2025-06-18 15:32:14.363 [info] [Info  - 15:32:14] (38587) BG: indexed(3) 11 files over 1 exec env
2025-06-18 15:32:14.385 [info] [Info  - 15:32:14] (38587) BG: Indexing finished(3).
