2025-06-18 16:02:07.345 [info] (Client) Pylance async client (2025.6.1) started with python extension (2025.8.0)
2025-06-18 16:02:08.624 [info] [Info  - 16:02:08] (2922) Server root directory: file:///home/curry/.vscode/extensions/ms-python.vscode-pylance-2025.6.1/dist
2025-06-18 16:02:08.625 [info] [Info  - 16:02:08] (2922) Pylance language server 2025.6.1 (pyright version 1.1.401, commit b249d11c) starting
2025-06-18 16:02:08.658 [info] [Info  - 16:02:08] (2922) Starting service instance "Ressources" for workspace "/home/curry/Downloads/sujets/Groupe 1 - 5/Mercredi/Ressources"
2025-06-18 16:02:08.893 [info] [Info  - 16:02:08] (2922) Setting environmentName for service "Ressources": "3.13.3 (venv venv)"
2025-06-18 16:02:08.893 [info] [Info  - 16:02:08] (2922) Setting pythonPath for service "Ressources": "/home/curry/Downloads/sujets/Groupe 1 - 5/Mercredi/Ressources/venv/bin/python"
2025-06-18 16:02:08.894 [info] [Info  - 16:02:08] (2922) No include entries specified; assuming /home/curry/Downloads/sujets/Groupe 1 - 5/Mercredi/Ressources
2025-06-18 16:02:08.897 [info] [Info  - 16:02:08] (2922) Auto-excluding **/node_modules
2025-06-18 16:02:08.897 [info] [Info  - 16:02:08] (2922) Auto-excluding **/__pycache__
2025-06-18 16:02:08.897 [info] [Info  - 16:02:08] (2922) Auto-excluding **/.*
2025-06-18 16:02:08.996 [info] [Info  - 16:02:08] (2922) Assuming Python version 3.13.3.final.0
2025-06-18 16:02:09.246 [info] [Info  - 16:02:09] (2922) Auto-excluding /home/curry/Downloads/sujets/Groupe 1 - 5/Mercredi/Ressources/venv
2025-06-18 16:02:09.248 [info] [Info  - 16:02:09] (2922) Found 1 source file
2025-06-18 16:02:09.290 [info] [Info  - 16:02:09] (2922) Setting environmentName for service "Ressources": "3.13.3 (venv venv)"
2025-06-18 16:02:09.293 [info] [Info  - 16:02:09] (2922) Setting pythonPath for service "Ressources": "/home/curry/Downloads/sujets/Groupe 1 - 5/Mercredi/Ressources/venv/bin/python"
2025-06-18 16:02:09.295 [info] [Info  - 16:02:09] (2922) No include entries specified; assuming /home/curry/Downloads/sujets/Groupe 1 - 5/Mercredi/Ressources
2025-06-18 16:02:09.296 [info] [Info  - 16:02:09] (2922) Auto-excluding **/node_modules
2025-06-18 16:02:09.297 [info] [Info  - 16:02:09] (2922) Auto-excluding **/__pycache__
2025-06-18 16:02:09.297 [info] [Info  - 16:02:09] (2922) Auto-excluding **/.*
2025-06-18 16:02:09.353 [info] [Info  - 16:02:09] (2922) Assuming Python version 3.13.3.final.0
2025-06-18 16:02:09.507 [info] [Info  - 16:02:09] (2922) Auto-excluding /home/curry/Downloads/sujets/Groupe 1 - 5/Mercredi/Ressources/venv
2025-06-18 16:02:09.508 [info] [Info  - 16:02:09] (2922) Found 1 source file
2025-06-18 16:02:10.859 [info] [Info  - 16:02:10] (2922) BG: Priority queue background worker(2) root directory: file:///home/curry/.vscode/extensions/ms-python.vscode-pylance-2025.6.1/dist
2025-06-18 16:02:10.862 [info] [Info  - 16:02:10] (2922) BG: Priority queue background worker(2) started
2025-06-18 16:02:11.275 [info] [Info  - 16:02:11] (2922) BG: Indexer background runner(3) root directory: file:///home/curry/.vscode/extensions/ms-python.vscode-pylance-2025.6.1/dist (index)
2025-06-18 16:02:11.276 [info] [Info  - 16:02:11] (2922) BG: Indexing(3) started
2025-06-18 16:02:13.569 [info] [Info  - 16:02:13] (2922) BG: scanned(3) 11 files over 1 exec env
2025-06-18 16:02:13.573 [info] [Info  - 16:02:13] (2922) BG: indexed(3) 11 files over 1 exec env
2025-06-18 16:02:13.573 [info] [Info  - 16:02:13] (2922) BG: Indexing finished(3).
