2025-06-25 11:41:24.962 [info] [main] Log level: Info
2025-06-25 11:41:24.962 [info] [main] Validating found git in: "git"
2025-06-25 11:41:24.962 [info] [main] Using git "2.50.0" from "git"
2025-06-25 11:41:24.962 [info] [Model][doInitialScan] Initial repository scan started
2025-06-25 11:41:24.962 [info] > git rev-parse --show-toplevel [4ms]
2025-06-25 11:41:24.962 [info] > git rev-parse --git-dir --git-common-dir [3ms]
2025-06-25 11:41:24.962 [info] [Model][openRepository] Opened repository (path): /home/curry/Workspace/SEM1/MUL/myhunter
2025-06-25 11:41:24.962 [info] [Model][openRepository] Opened repository (real path): /home/curry/Workspace/SEM1/MUL/myhunter
2025-06-25 11:41:24.962 [info] > git config --get commit.template [7ms]
2025-06-25 11:41:24.962 [info] > git rev-parse --show-toplevel [11ms]
2025-06-25 11:41:24.962 [info] > git for-each-ref --format=%(refname)%00%(upstream:short)%00%(objectname)%00%(upstream:track)%00%(upstream:remotename)%00%(upstream:remoteref) refs/heads/main refs/remotes/main [9ms]
2025-06-25 11:41:24.962 [warning] [Git][revParse] Unable to read file: ENOENT: no such file or directory, open '/home/curry/Workspace/SEM1/MUL/myhunter/.git/refs/remotes/origin/main'
2025-06-25 11:41:24.962 [info] > git rev-parse --show-toplevel [6ms]
2025-06-25 11:41:24.962 [info] > git rev-parse refs/remotes/origin/main [6ms]
2025-06-25 11:41:24.962 [info] > git for-each-ref --sort -committerdate --format %(refname)%00%(objectname)%00%(*objectname) [4ms]
2025-06-25 11:41:24.962 [info] > git rev-parse --show-toplevel [17ms]
2025-06-25 11:41:24.962 [info] > git status -z -uall [28ms]
2025-06-25 11:41:24.962 [info] > git rev-parse --show-toplevel [6ms]
2025-06-25 11:41:24.979 [info] > git for-each-ref --format=%(refname)%00%(upstream:short)%00%(objectname)%00%(upstream:track)%00%(upstream:remotename)%00%(upstream:remoteref) refs/heads/main refs/remotes/main [22ms]
2025-06-25 11:41:24.989 [info] > git config --get --local branch.main.vscode-merge-base [5ms]
2025-06-25 11:41:24.989 [warning] [Git][config] git config failed: Failed to execute git
2025-06-25 11:41:24.995 [info] > git config --get commit.template [24ms]
2025-06-25 11:41:24.995 [info] > git rev-parse --show-toplevel [29ms]
2025-06-25 11:41:24.996 [info] [Model][doInitialScan] Initial repository scan completed - repositories (1), closed repositories (0), parent repositories (0), unsafe repositories (0)
2025-06-25 11:41:24.999 [info] > git reflog main --grep-reflog=branch: Created from *. [3ms]
2025-06-25 11:41:25.009 [info] > git symbolic-ref --short refs/remotes/origin/HEAD [5ms]
2025-06-25 11:41:25.016 [info] > git for-each-ref --format=%(refname)%00%(upstream:short)%00%(objectname)%00%(upstream:track)%00%(upstream:remotename)%00%(upstream:remoteref) refs/heads/main refs/remotes/main [8ms]
2025-06-25 11:41:25.023 [warning] [Git][revParse] Unable to read file: ENOENT: no such file or directory, open '/home/curry/Workspace/SEM1/MUL/myhunter/.git/refs/remotes/origin/main'
2025-06-25 11:41:25.024 [info] > git for-each-ref --format=%(refname)%00%(upstream:short)%00%(objectname)%00%(upstream:track)%00%(upstream:remotename)%00%(upstream:remoteref) refs/heads/origin/main refs/remotes/origin/main [9ms]
2025-06-25 11:41:25.034 [info] > git rev-parse refs/remotes/origin/main [11ms]
2025-06-25 11:41:25.050 [info] > git config --add --local branch.main.vscode-merge-base origin/main [17ms]
2025-06-25 11:41:25.050 [info] > git for-each-ref --sort -committerdate --format %(refname)%00%(objectname)%00%(*objectname) [2ms] (cancelled)
2025-06-25 11:41:25.060 [info] > git status -z -uall [19ms] (cancelled)
2025-06-25 11:41:25.068 [info] > git config --get commit.template [9ms]
2025-06-25 11:41:25.068 [info] > git for-each-ref --format=%(refname)%00%(upstream:short)%00%(objectname)%00%(upstream:track)%00%(upstream:remotename)%00%(upstream:remoteref) refs/heads/main refs/remotes/main [13ms]
2025-06-25 11:41:25.092 [info] > git config --get --local branch.main.vscode-merge-base [18ms]
2025-06-25 11:41:25.100 [info] > git for-each-ref --format=%(refname)%00%(upstream:short)%00%(objectname)%00%(upstream:track)%00%(upstream:remotename)%00%(upstream:remoteref) refs/heads/main refs/remotes/main [20ms]
2025-06-25 11:41:25.105 [warning] [Git][revParse] Unable to read file: ENOENT: no such file or directory, open '/home/curry/Workspace/SEM1/MUL/myhunter/.git/refs/remotes/origin/main'
2025-06-25 11:41:25.115 [info] > git rev-parse refs/remotes/origin/main [10ms]
2025-06-25 11:41:25.128 [info] > git for-each-ref --format=%(refname)%00%(upstream:short)%00%(objectname)%00%(upstream:track)%00%(upstream:remotename)%00%(upstream:remoteref) refs/heads/origin/main refs/remotes/origin/main [29ms]
2025-06-25 11:41:25.151 [info] > git for-each-ref --sort -committerdate --format %(refname)%00%(objectname)%00%(*objectname) [23ms]
2025-06-25 11:41:25.153 [info] > git merge-base refs/heads/main refs/remotes/origin/main [17ms]
2025-06-25 11:41:25.158 [info] > git status -z -uall [36ms]
2025-06-25 11:41:25.176 [info] > git merge-base refs/heads/main refs/remotes/origin/main [11ms]
2025-06-25 11:41:25.180 [info] > git diff --name-status -z --diff-filter=ADMR 3ac22dbc43c59d8d5a822686330bad3a60a9e933...refs/remotes/origin/main [23ms]
2025-06-25 11:41:25.181 [info] > git diff --name-status -z --diff-filter=ADMR 3ac22dbc43c59d8d5a822686330bad3a60a9e933...refs/remotes/origin/main [1ms]
2025-06-25 11:41:25.182 [info] > git merge-base refs/heads/main refs/remotes/origin/main [11ms]
2025-06-25 11:41:25.192 [info] > git diff --name-status -z --diff-filter=ADMR 3ac22dbc43c59d8d5a822686330bad3a60a9e933...refs/remotes/origin/main [5ms]
2025-06-25 11:41:27.344 [info] > git check-ignore -v -z --stdin [204ms]
2025-06-25 11:41:27.529 [info] > git show --textconv :Makefile [37ms]
2025-06-25 11:41:27.531 [info] > git ls-files --stage -- Makefile [19ms]
2025-06-25 11:41:27.550 [info] > git cat-file -s 3926618146845bb79c346466e6385b160e8e3a21 [4ms]
2025-06-25 11:41:28.018 [info] > git blame --root --incremental 3ac22dbc43c59d8d5a822686330bad3a60a9e933 -- Makefile [3ms]
2025-06-25 11:41:28.106 [info] > git config --get commit.template [33ms]
2025-06-25 11:41:28.140 [info] > git for-each-ref --format=%(refname)%00%(upstream:short)%00%(objectname)%00%(upstream:track)%00%(upstream:remotename)%00%(upstream:remoteref) refs/heads/main refs/remotes/main [5ms]
2025-06-25 11:41:28.156 [warning] [Git][revParse] Unable to read file: ENOENT: no such file or directory, open '/home/curry/Workspace/SEM1/MUL/myhunter/.git/refs/remotes/origin/main'
2025-06-25 11:41:28.196 [info] > git rev-parse refs/remotes/origin/main [40ms]
2025-06-25 11:41:28.256 [info] > git status -z -uall [41ms]
2025-06-25 11:41:28.266 [info] > git for-each-ref --sort -committerdate --format %(refname)%00%(objectname)%00%(*objectname) [31ms]
2025-06-25 11:41:38.039 [info] > git diff --name-status -z --diff-filter=ADMR @{upstream} [36ms]
2025-06-25 11:41:39.157 [info] > git config --get commit.template [16ms]
2025-06-25 11:41:39.157 [info] > git for-each-ref --format=%(refname)%00%(upstream:short)%00%(objectname)%00%(upstream:track)%00%(upstream:remotename)%00%(upstream:remoteref) refs/heads/main refs/remotes/main [1ms]
2025-06-25 11:41:39.176 [warning] [Git][revParse] Unable to read file: ENOENT: no such file or directory, open '/home/curry/Workspace/SEM1/MUL/myhunter/.git/refs/remotes/origin/main'
2025-06-25 11:41:39.177 [info] > git rev-parse refs/remotes/origin/main [1ms]
2025-06-25 11:41:39.227 [info] > git status -z -uall [25ms]
2025-06-25 11:41:39.228 [info] > git for-each-ref --sort -committerdate --format %(refname)%00%(objectname)%00%(*objectname) [2ms]
2025-06-25 11:41:39.250 [info] > git ls-files --stage -- Makefile [2ms]
2025-06-25 11:41:39.275 [info] > git cat-file -s 3926618146845bb79c346466e6385b160e8e3a21 [2ms]
2025-06-25 11:41:39.299 [info] > git show --textconv :Makefile [3ms]
2025-06-25 11:41:42.206 [info] > git diff --name-status -z --diff-filter=ADMR @{upstream} [4ms]
2025-06-25 11:43:38.029 [info] > git diff --name-status -z --diff-filter=ADMR @{upstream} [4ms]
2025-06-25 11:45:14.949 [info] > git config --get commit.template [28ms]
2025-06-25 11:45:14.949 [info] > git for-each-ref --format=%(refname)%00%(upstream:short)%00%(objectname)%00%(upstream:track)%00%(upstream:remotename)%00%(upstream:remoteref) refs/heads/main refs/remotes/main [2ms]
2025-06-25 11:45:14.970 [warning] [Git][revParse] Unable to read file: ENOENT: no such file or directory, open '/home/curry/Workspace/SEM1/MUL/myhunter/.git/refs/remotes/origin/main'
2025-06-25 11:45:14.972 [info] > git rev-parse refs/remotes/origin/main [2ms]
2025-06-25 11:45:15.021 [info] > git status -z -uall [22ms]
2025-06-25 11:45:15.024 [info] > git for-each-ref --sort -committerdate --format %(refname)%00%(objectname)%00%(*objectname) [3ms]
2025-06-25 11:45:29.414 [info] > git config --get commit.template [1ms]
2025-06-25 11:45:29.438 [info] > git for-each-ref --format=%(refname)%00%(upstream:short)%00%(objectname)%00%(upstream:track)%00%(upstream:remotename)%00%(upstream:remoteref) refs/heads/main refs/remotes/main [3ms]
2025-06-25 11:45:29.461 [warning] [Git][revParse] Unable to read file: ENOENT: no such file or directory, open '/home/curry/Workspace/SEM1/MUL/myhunter/.git/refs/remotes/origin/main'
2025-06-25 11:45:29.462 [info] > git rev-parse refs/remotes/origin/main [1ms]
2025-06-25 11:45:29.505 [info] > git status -z -uall [23ms]
2025-06-25 11:45:29.508 [info] > git for-each-ref --sort -committerdate --format %(refname)%00%(objectname)%00%(*objectname) [4ms]
2025-06-25 11:45:38.037 [info] > git diff --name-status -z --diff-filter=ADMR @{upstream} [8ms]
2025-06-25 11:46:28.336 [info] > git check-ignore -v -z --stdin [1ms]
2025-06-25 11:47:25.171 [info] > git config --get commit.template [25ms]
2025-06-25 11:47:25.196 [info] > git ls-files --stage -- Makefile [27ms]
2025-06-25 11:47:25.227 [info] > git for-each-ref --format=%(refname)%00%(upstream:short)%00%(objectname)%00%(upstream:track)%00%(upstream:remotename)%00%(upstream:remoteref) refs/heads/main refs/remotes/main [32ms]
2025-06-25 11:47:25.247 [warning] [Git][revParse] Unable to read file: ENOENT: no such file or directory, open '/home/curry/Workspace/SEM1/MUL/myhunter/.git/refs/remotes/origin/main'
2025-06-25 11:47:25.249 [info] > git cat-file -s 3926618146845bb79c346466e6385b160e8e3a21 [23ms]
2025-06-25 11:47:25.250 [info] > git rev-parse refs/remotes/origin/main [3ms]
2025-06-25 11:47:25.286 [info] > git status -z -uall [17ms]
2025-06-25 11:47:25.304 [info] > git for-each-ref --sort -committerdate --format %(refname)%00%(objectname)%00%(*objectname) [19ms]
2025-06-25 11:47:25.312 [info] > git show --textconv :Makefile [10ms]
2025-06-25 11:47:30.357 [info] > git config --get commit.template [27ms]
2025-06-25 11:47:30.357 [info] > git for-each-ref --format=%(refname)%00%(upstream:short)%00%(objectname)%00%(upstream:track)%00%(upstream:remotename)%00%(upstream:remoteref) refs/heads/main refs/remotes/main [2ms]
2025-06-25 11:47:30.377 [warning] [Git][revParse] Unable to read file: ENOENT: no such file or directory, open '/home/curry/Workspace/SEM1/MUL/myhunter/.git/refs/remotes/origin/main'
2025-06-25 11:47:30.378 [info] > git rev-parse refs/remotes/origin/main [2ms]
2025-06-25 11:47:30.417 [info] > git status -z -uall [22ms]
2025-06-25 11:47:30.419 [info] > git for-each-ref --sort -committerdate --format %(refname)%00%(objectname)%00%(*objectname) [2ms]
2025-06-25 11:47:38.017 [info] > git diff --name-status -z --diff-filter=ADMR @{upstream} [2ms]
2025-06-25 11:47:47.882 [info] > git config --get commit.template [2ms]
2025-06-25 11:47:47.909 [info] > git for-each-ref --format=%(refname)%00%(upstream:short)%00%(objectname)%00%(upstream:track)%00%(upstream:remotename)%00%(upstream:remoteref) refs/heads/main refs/remotes/main [4ms]
2025-06-25 11:47:47.931 [warning] [Git][revParse] Unable to read file: ENOENT: no such file or directory, open '/home/curry/Workspace/SEM1/MUL/myhunter/.git/refs/remotes/origin/main'
2025-06-25 11:47:47.932 [info] > git rev-parse refs/remotes/origin/main [2ms]
2025-06-25 11:47:47.974 [info] > git status -z -uall [22ms]
2025-06-25 11:47:47.977 [info] > git for-each-ref --sort -committerdate --format %(refname)%00%(objectname)%00%(*objectname) [4ms]
2025-06-25 11:49:38.014 [info] > git diff --name-status -z --diff-filter=ADMR @{upstream} [2ms]
2025-06-25 11:50:01.508 [info] > git config --get commit.template [1ms]
2025-06-25 11:50:01.529 [info] > git for-each-ref --format=%(refname)%00%(upstream:short)%00%(objectname)%00%(upstream:track)%00%(upstream:remotename)%00%(upstream:remoteref) refs/heads/main refs/remotes/main [4ms]
2025-06-25 11:50:01.553 [warning] [Git][revParse] Unable to read file: ENOENT: no such file or directory, open '/home/curry/Workspace/SEM1/MUL/myhunter/.git/refs/remotes/origin/main'
2025-06-25 11:50:01.554 [info] > git rev-parse refs/remotes/origin/main [1ms]
2025-06-25 11:50:01.591 [info] > git status -z -uall [16ms]
2025-06-25 11:50:01.593 [info] > git for-each-ref --sort -committerdate --format %(refname)%00%(objectname)%00%(*objectname) [2ms]
2025-06-25 11:50:39.937 [info] > git config --get commit.template [3ms]
2025-06-25 11:50:39.986 [info] > git for-each-ref --format=%(refname)%00%(upstream:short)%00%(objectname)%00%(upstream:track)%00%(upstream:remotename)%00%(upstream:remoteref) refs/heads/main refs/remotes/main [26ms]
2025-06-25 11:50:40.013 [warning] [Git][revParse] Unable to read file: ENOENT: no such file or directory, open '/home/curry/Workspace/SEM1/MUL/myhunter/.git/refs/remotes/origin/main'
2025-06-25 11:50:40.015 [info] > git rev-parse refs/remotes/origin/main [2ms]
2025-06-25 11:50:40.079 [info] > git status -z -uall [33ms]
2025-06-25 11:50:40.086 [info] > git for-each-ref --sort -committerdate --format %(refname)%00%(objectname)%00%(*objectname) [8ms]
