2025-06-20 11:10:33.814 [info] Reading sessions from keychain...
2025-06-20 11:10:33.814 [info] Getting sessions for all scopes...
2025-06-20 11:10:33.814 [info] Getting sessions for all scopes...
2025-06-20 11:10:33.814 [info] Getting sessions for all scopes...
2025-06-20 11:10:33.814 [info] Getting sessions for all scopes...
2025-06-20 11:10:33.814 [info] Getting sessions for all scopes...
2025-06-20 11:10:33.814 [info] Getting sessions for all scopes...
2025-06-20 11:10:33.814 [info] Getting sessions for all scopes...
2025-06-20 11:10:33.814 [info] Getting sessions for all scopes...
2025-06-20 11:10:33.815 [info] Getting sessions for all scopes...
2025-06-20 11:10:33.815 [info] Getting sessions for all scopes...
2025-06-20 11:10:33.815 [info] Got stored sessions!
2025-06-20 11:10:33.815 [info] Got 2 verified sessions.
2025-06-20 11:10:33.815 [info] Got 2 sessions for ...
2025-06-20 11:10:33.815 [info] Got 2 sessions for ...
2025-06-20 11:10:33.815 [info] Got 2 sessions for ...
2025-06-20 11:10:33.815 [info] Got 2 sessions for ...
2025-06-20 11:10:33.815 [info] Got 2 sessions for ...
2025-06-20 11:10:33.815 [info] Got 2 sessions for ...
2025-06-20 11:10:33.815 [info] Got 2 sessions for ...
2025-06-20 11:10:33.815 [info] Got 2 sessions for ...
2025-06-20 11:10:33.815 [info] Got 2 sessions for ...
2025-06-20 11:10:33.815 [info] Got 2 sessions for ...
2025-06-20 11:10:33.815 [info] Getting sessions for all scopes...
2025-06-20 11:10:33.815 [info] Got 2 sessions for ...
2025-06-20 11:10:33.815 [info] Getting sessions for all scopes...
2025-06-20 11:10:33.815 [info] Got 2 sessions for ...
2025-06-20 11:10:33.815 [info] Getting sessions for all scopes...
2025-06-20 11:10:33.815 [info] Got 2 sessions for ...
2025-06-20 11:10:33.815 [info] Getting sessions for all scopes...
2025-06-20 11:10:33.815 [info] Got 2 sessions for ...
2025-06-20 11:10:33.815 [info] Getting sessions for all scopes...
2025-06-20 11:10:33.815 [info] Got 2 sessions for ...
2025-06-20 11:10:33.815 [info] Getting sessions for all scopes...
2025-06-20 11:10:33.815 [info] Got 2 sessions for ...
2025-06-20 11:10:37.279 [info] Getting sessions for all scopes...
2025-06-20 11:10:37.279 [info] Got 2 sessions for ...
2025-06-20 11:10:37.429 [info] Getting sessions for all scopes...
2025-06-20 11:10:37.429 [info] Got 2 sessions for ...
2025-06-20 11:10:37.429 [info] Getting sessions for all scopes...
2025-06-20 11:10:37.429 [info] Got 2 sessions for ...
2025-06-20 11:10:37.430 [info] Getting sessions for all scopes...
2025-06-20 11:10:37.430 [info] Got 2 sessions for ...
2025-06-20 11:10:37.587 [info] Getting sessions for all scopes...
2025-06-20 11:10:37.587 [info] Got 2 sessions for ...
2025-06-20 11:10:37.587 [info] Getting sessions for read:user,repo,user:email,workflow...
2025-06-20 11:10:37.587 [info] Got 1 sessions for read:user,repo,user:email,workflow...
2025-06-20 11:10:37.616 [info] Getting sessions for read:user,repo,user:email,workflow...
2025-06-20 11:10:37.616 [info] Got 1 sessions for read:user,repo,user:email,workflow...
2025-06-20 11:10:37.969 [info] Getting sessions for all scopes...
2025-06-20 11:10:37.969 [info] Got 2 sessions for ...
2025-06-20 11:10:37.989 [info] Getting sessions for all scopes...
2025-06-20 11:10:37.990 [info] Got 2 sessions for ...
2025-06-20 11:10:38.160 [info] Getting sessions for read:user,repo,user:email,workflow...
2025-06-20 11:10:38.160 [info] Got 1 sessions for read:user,repo,user:email,workflow...
2025-06-20 11:10:39.150 [info] Getting sessions for all scopes...
2025-06-20 11:10:39.150 [info] Got 2 sessions for ...
2025-06-20 11:10:39.151 [info] Getting sessions for all scopes...
2025-06-20 11:10:39.151 [info] Got 2 sessions for ...
2025-06-20 11:10:39.153 [info] Getting sessions for read:user,repo,user:email,workflow...
2025-06-20 11:10:39.153 [info] Got 1 sessions for read:user,repo,user:email,workflow...
2025-06-20 11:10:39.157 [info] Getting sessions for all scopes...
2025-06-20 11:10:39.157 [info] Got 2 sessions for ...
2025-06-20 11:10:39.161 [info] Getting sessions for read:user,repo,user:email,workflow...
2025-06-20 11:10:39.161 [info] Got 1 sessions for read:user,repo,user:email,workflow...
2025-06-20 11:10:39.246 [info] Getting sessions for all scopes...
2025-06-20 11:10:39.246 [info] Got 2 sessions for ...
2025-06-20 11:10:39.249 [info] Getting sessions for read:user,repo,user:email,workflow...
2025-06-20 11:10:39.249 [info] Got 1 sessions for read:user,repo,user:email,workflow...
2025-06-20 11:10:39.257 [info] Getting sessions for all scopes...
2025-06-20 11:10:39.257 [info] Got 2 sessions for ...
2025-06-20 11:10:39.257 [info] Getting sessions for all scopes...
2025-06-20 11:10:39.257 [info] Got 2 sessions for ...
2025-06-20 11:10:40.743 [info] Getting sessions for all scopes...
2025-06-20 11:10:40.743 [info] Got 2 sessions for ...
2025-06-20 11:10:40.745 [info] Getting sessions for read:user,repo,user:email,workflow...
2025-06-20 11:10:40.745 [info] Got 1 sessions for read:user,repo,user:email,workflow...
2025-06-20 11:10:54.753 [info] Reading sessions from keychain...
2025-06-20 11:10:54.753 [info] Getting sessions for all scopes...
2025-06-20 11:10:54.753 [info] Getting sessions for all scopes...
2025-06-20 11:10:54.753 [info] Getting sessions for all scopes...
2025-06-20 11:10:54.753 [info] Getting sessions for all scopes...
2025-06-20 11:10:54.753 [info] Got stored sessions!
2025-06-20 11:10:54.753 [info] Got 2 verified sessions.
2025-06-20 11:10:54.753 [info] Got 2 sessions for ...
2025-06-20 11:10:54.753 [info] Got 2 sessions for ...
2025-06-20 11:10:54.753 [info] Got 2 sessions for ...
2025-06-20 11:10:54.753 [info] Got 2 sessions for ...
2025-06-20 11:10:54.753 [info] Getting sessions for all scopes...
2025-06-20 11:10:54.753 [info] Got 2 sessions for ...
2025-06-20 11:11:00.033 [info] Getting sessions for all scopes...
2025-06-20 11:11:00.033 [info] Got 2 sessions for ...
2025-06-20 11:11:00.033 [info] Getting sessions for all scopes...
2025-06-20 11:11:00.033 [info] Got 2 sessions for ...
2025-06-20 11:11:00.195 [info] Getting sessions for read:user,repo,user:email,workflow...
2025-06-20 11:11:00.195 [info] Got 1 sessions for read:user,repo,user:email,workflow...
2025-06-20 11:11:00.213 [info] Getting sessions for read:user,repo,user:email,workflow...
2025-06-20 11:11:00.213 [info] Got 1 sessions for read:user,repo,user:email,workflow...
2025-06-20 11:11:00.768 [info] Getting sessions for all scopes...
2025-06-20 11:11:00.768 [info] Got 2 sessions for ...
2025-06-20 11:11:00.795 [info] Getting sessions for all scopes...
2025-06-20 11:11:00.795 [info] Got 2 sessions for ...
2025-06-20 11:11:00.860 [info] Getting sessions for read:user,repo,user:email,workflow...
2025-06-20 11:11:00.860 [info] Got 1 sessions for read:user,repo,user:email,workflow...
2025-06-20 11:11:02.903 [info] Reading sessions from keychain...
2025-06-20 11:11:02.903 [info] Getting sessions for all scopes...
2025-06-20 11:11:02.903 [info] Getting sessions for all scopes...
2025-06-20 11:11:02.903 [info] Getting sessions for all scopes...
2025-06-20 11:11:02.903 [info] Getting sessions for all scopes...
2025-06-20 11:11:02.903 [info] Got stored sessions!
2025-06-20 11:11:02.903 [info] Got 2 verified sessions.
2025-06-20 11:11:02.903 [info] Got 2 sessions for ...
2025-06-20 11:11:02.903 [info] Got 2 sessions for ...
2025-06-20 11:11:02.903 [info] Got 2 sessions for ...
2025-06-20 11:11:02.903 [info] Got 2 sessions for ...
2025-06-20 11:11:02.903 [info] Getting sessions for all scopes...
2025-06-20 11:11:02.903 [info] Got 2 sessions for ...
2025-06-20 11:11:06.154 [info] Getting sessions for all scopes...
2025-06-20 11:11:06.155 [info] Got 2 sessions for ...
2025-06-20 11:11:06.155 [info] Getting sessions for all scopes...
2025-06-20 11:11:06.155 [info] Got 2 sessions for ...
2025-06-20 11:11:06.348 [info] Getting sessions for read:user,repo,user:email,workflow...
2025-06-20 11:11:06.348 [info] Got 1 sessions for read:user,repo,user:email,workflow...
2025-06-20 11:11:06.359 [info] Getting sessions for read:user,repo,user:email,workflow...
2025-06-20 11:11:06.359 [info] Got 1 sessions for read:user,repo,user:email,workflow...
2025-06-20 11:11:06.388 [info] Getting sessions for all scopes...
2025-06-20 11:11:06.388 [info] Got 2 sessions for ...
2025-06-20 11:11:06.800 [info] Getting sessions for all scopes...
2025-06-20 11:11:06.800 [info] Got 2 sessions for ...
2025-06-20 11:11:06.985 [info] Getting sessions for read:user,repo,user:email,workflow...
2025-06-20 11:11:06.985 [info] Got 1 sessions for read:user,repo,user:email,workflow...
2025-06-20 11:11:07.973 [info] Getting sessions for all scopes...
2025-06-20 11:11:07.973 [info] Got 2 sessions for ...
2025-06-20 11:11:07.973 [info] Getting sessions for all scopes...
2025-06-20 11:11:07.973 [info] Got 2 sessions for ...
2025-06-20 11:11:08.057 [info] Getting sessions for read:user,repo,user:email,workflow...
2025-06-20 11:11:08.057 [info] Got 1 sessions for read:user,repo,user:email,workflow...
2025-06-20 11:11:08.060 [info] Getting sessions for all scopes...
2025-06-20 11:11:08.060 [info] Got 2 sessions for ...
2025-06-20 11:11:08.063 [info] Getting sessions for read:user,repo,user:email,workflow...
2025-06-20 11:11:08.063 [info] Got 1 sessions for read:user,repo,user:email,workflow...
2025-06-20 11:11:08.157 [info] Getting sessions for all scopes...
2025-06-20 11:11:08.158 [info] Got 2 sessions for ...
2025-06-20 11:11:08.160 [info] Getting sessions for read:user,repo,user:email,workflow...
2025-06-20 11:11:08.160 [info] Got 1 sessions for read:user,repo,user:email,workflow...
2025-06-20 11:11:13.232 [info] Getting sessions for all scopes...
2025-06-20 11:11:13.232 [info] Got 2 sessions for ...
2025-06-20 11:11:13.234 [info] Getting sessions for read:user,repo,user:email,workflow...
2025-06-20 11:11:13.234 [info] Got 1 sessions for read:user,repo,user:email,workflow...
