2025-06-23 17:21:27.925 [info] Reading sessions from keychain...
2025-06-23 17:21:27.925 [info] Getting sessions for all scopes...
2025-06-23 17:21:27.925 [info] Getting sessions for all scopes...
2025-06-23 17:21:27.925 [info] Getting sessions for all scopes...
2025-06-23 17:21:27.925 [info] Getting sessions for all scopes...
2025-06-23 17:21:27.925 [info] Getting sessions for all scopes...
2025-06-23 17:21:27.925 [info] Getting sessions for all scopes...
2025-06-23 17:21:27.925 [info] Getting sessions for all scopes...
2025-06-23 17:21:27.925 [info] Getting sessions for all scopes...
2025-06-23 17:21:27.925 [info] Getting sessions for all scopes...
2025-06-23 17:21:27.925 [info] Got stored sessions!
2025-06-23 17:21:27.925 [info] Got 2 verified sessions.
2025-06-23 17:21:27.925 [info] Got 2 sessions for ...
2025-06-23 17:21:27.925 [info] Got 2 sessions for ...
2025-06-23 17:21:27.925 [info] Got 2 sessions for ...
2025-06-23 17:21:27.925 [info] Got 2 sessions for ...
2025-06-23 17:21:27.925 [info] Got 2 sessions for ...
2025-06-23 17:21:27.925 [info] Got 2 sessions for ...
2025-06-23 17:21:27.925 [info] Got 2 sessions for ...
2025-06-23 17:21:27.925 [info] Got 2 sessions for ...
2025-06-23 17:21:27.925 [info] Got 2 sessions for ...
2025-06-23 17:21:27.925 [info] Getting sessions for all scopes...
2025-06-23 17:21:27.925 [info] Got 2 sessions for ...
2025-06-23 17:21:27.925 [info] Getting sessions for all scopes...
2025-06-23 17:21:27.925 [info] Got 2 sessions for ...
2025-06-23 17:21:27.925 [info] Getting sessions for all scopes...
2025-06-23 17:21:27.925 [info] Got 2 sessions for ...
2025-06-23 17:21:27.925 [info] Getting sessions for all scopes...
2025-06-23 17:21:27.925 [info] Got 2 sessions for ...
2025-06-23 17:21:27.925 [info] Getting sessions for all scopes...
2025-06-23 17:21:27.925 [info] Got 2 sessions for ...
2025-06-23 17:21:27.925 [info] Getting sessions for all scopes...
2025-06-23 17:21:27.925 [info] Got 2 sessions for ...
2025-06-23 17:21:28.109 [info] Getting sessions for all scopes...
2025-06-23 17:21:28.110 [info] Got 2 sessions for ...
2025-06-23 17:21:28.433 [info] Getting sessions for all scopes...
2025-06-23 17:21:28.433 [info] Got 2 sessions for ...
2025-06-23 17:21:32.070 [info] Getting sessions for all scopes...
2025-06-23 17:21:32.070 [info] Got 2 sessions for ...
2025-06-23 17:21:32.071 [info] Getting sessions for all scopes...
2025-06-23 17:21:32.071 [info] Got 2 sessions for ...
2025-06-23 17:21:32.071 [info] Getting sessions for all scopes...
2025-06-23 17:21:32.071 [info] Got 2 sessions for ...
2025-06-23 17:21:32.075 [info] Getting sessions for all scopes...
2025-06-23 17:21:32.075 [info] Got 2 sessions for ...
2025-06-23 17:21:32.328 [info] Getting sessions for read:user,repo,user:email,workflow...
2025-06-23 17:21:32.328 [info] Got 1 sessions for read:user,repo,user:email,workflow...
2025-06-23 17:21:32.335 [info] Getting sessions for read:user,repo,user:email,workflow...
2025-06-23 17:21:32.335 [info] Got 1 sessions for read:user,repo,user:email,workflow...
2025-06-23 17:21:32.370 [info] Getting sessions for all scopes...
2025-06-23 17:21:32.370 [info] Got 2 sessions for ...
2025-06-23 17:21:32.370 [info] Getting sessions for all scopes...
2025-06-23 17:21:32.370 [info] Got 2 sessions for ...
2025-06-23 17:21:34.107 [info] Getting sessions for read:user,repo,user:email,workflow...
2025-06-23 17:21:34.107 [info] Got 1 sessions for read:user,repo,user:email,workflow...
2025-06-23 17:21:35.084 [info] Getting sessions for all scopes...
2025-06-23 17:21:35.084 [info] Got 2 sessions for ...
2025-06-23 17:21:35.084 [info] Getting sessions for all scopes...
2025-06-23 17:21:35.084 [info] Got 2 sessions for ...
2025-06-23 17:21:35.087 [info] Getting sessions for read:user,repo,user:email,workflow...
2025-06-23 17:21:35.087 [info] Got 1 sessions for read:user,repo,user:email,workflow...
2025-06-23 17:21:35.090 [info] Getting sessions for all scopes...
2025-06-23 17:21:35.090 [info] Got 2 sessions for ...
2025-06-23 17:21:35.093 [info] Getting sessions for read:user,repo,user:email,workflow...
2025-06-23 17:21:35.094 [info] Got 1 sessions for read:user,repo,user:email,workflow...
2025-06-23 17:21:35.184 [info] Getting sessions for all scopes...
2025-06-23 17:21:35.184 [info] Got 2 sessions for ...
2025-06-23 17:21:35.186 [info] Getting sessions for read:user,repo,user:email,workflow...
2025-06-23 17:21:35.187 [info] Got 1 sessions for read:user,repo,user:email,workflow...
2025-06-23 17:21:35.198 [info] Getting sessions for all scopes...
2025-06-23 17:21:35.198 [info] Got 2 sessions for ...
2025-06-23 17:21:35.200 [info] Getting sessions for all scopes...
2025-06-23 17:21:35.200 [info] Got 2 sessions for ...
2025-06-23 17:21:36.636 [info] Getting sessions for all scopes...
2025-06-23 17:21:36.636 [info] Got 2 sessions for ...
2025-06-23 17:21:36.637 [info] Getting sessions for read:user,repo,user:email,workflow...
2025-06-23 17:21:36.637 [info] Got 1 sessions for read:user,repo,user:email,workflow...
