2025-06-18 16:02:06.238 [info] [main] Log level: Info
2025-06-18 16:02:06.238 [info] [main] Validating found git in: "git"
2025-06-18 16:02:06.238 [info] [main] Using git "2.50.0" from "git"
2025-06-18 16:02:06.238 [info] [Model][doInitialScan] Initial repository scan started
2025-06-18 16:02:06.238 [info] > git rev-parse --show-toplevel [8ms]
2025-06-18 16:02:06.238 [info] fatal: not a git repository (or any of the parent directories): .git
2025-06-18 16:02:06.238 [info] > git rev-parse --show-toplevel [14ms]
2025-06-18 16:02:06.238 [info] fatal: not a git repository (or any of the parent directories): .git
2025-06-18 16:02:06.238 [info] > git rev-parse --show-toplevel [112ms]
2025-06-18 16:02:06.238 [info] fatal: not a git repository (or any of the parent directories): .git
2025-06-18 16:02:06.238 [info] [Model][doInitialScan] Initial repository scan completed - repositories (0), closed repositories (0), parent repositories (0), unsafe repositories (0)
2025-06-18 16:02:06.269 [info] > git rev-parse --show-toplevel [399ms]
2025-06-18 16:02:06.269 [info] fatal: not a git repository (or any of the parent directories): .git
2025-06-18 16:02:06.675 [info] > git rev-parse --show-toplevel [16ms]
2025-06-18 16:02:06.675 [info] fatal: not a git repository (or any of the parent directories): .git
2025-06-18 16:02:06.750 [info] > git rev-parse --show-toplevel [34ms]
2025-06-18 16:02:06.750 [info] fatal: not a git repository (or any of the parent directories): .git
2025-06-18 16:02:06.785 [info] > git rev-parse --show-toplevel [5ms]
2025-06-18 16:02:06.785 [info] fatal: not a git repository (or any of the parent directories): .git
2025-06-18 16:02:07.344 [info] > git rev-parse --show-toplevel [510ms]
2025-06-18 16:02:07.344 [info] fatal: not a git repository (or any of the parent directories): .git
