make --dry-run --always-make --keep-going --print-directory
make: Entering directory '/home/curry/StreamAssistant'
 
Makefile:535: warning: overriding recipe for target '.qm/StreamAssistant_pt_BR.qm'
Makefile:532: warning: ignoring old recipe for target '.qm/StreamAssistant_pt_BR.qm'
Makefile:583: warning: overriding recipe for target 'moc_filesdialog.cpp'
Makefile:563: warning: ignoring old recipe for target 'moc_filesdialog.cpp'
Makefile:598: warning: overriding recipe for target 'moc_mainwindow.cpp'
Makefile:578: warning: ignoring old recipe for target 'moc_mainwindow.cpp'
Makefile:622: warning: overriding recipe for target 'ui_filesdialog.h'
Makefile:609: warning: ignoring old recipe for target 'ui_filesdialog.h'
Makefile:627: warning: overriding recipe for target 'ui_mainwindow.h'
Makefile:614: warning: ignoring old recipe for target 'ui_mainwindow.h'
Makefile:631: warning: overriding recipe for target 'ui_test.h'
Makefile:618: warning: ignoring old recipe for target 'ui_test.h'
Makefile:732: warning: overriding recipe for target 'install_target'
Makefile:723: warning: ignoring old recipe for target 'install_target'
Makefile:736: warning: overriding recipe for target 'uninstall_target'
Makefile:727: warning: ignoring old recipe for target 'uninstall_target'

/usr/bin/qmake -o Makefile StreamAssistant.pro
 
qmake_qmake_qm_files.qrc: Warning: potential duplicate alias detected: 'StreamAssistant_pt_BR.qm'

Makefile:538: warning: overriding recipe for target '.qm/StreamAssistant_pt_BR.qm'
Makefile:535: warning: ignoring old recipe for target '.qm/StreamAssistant_pt_BR.qm'

Makefile:586: warning: overriding recipe for target 'moc_filesdialog.cpp'
Makefile:566: warning: ignoring old recipe for target 'moc_filesdialog.cpp'
Makefile:601: warning: overriding recipe for target 'moc_mainwindow.cpp'
Makefile:581: warning: ignoring old recipe for target 'moc_mainwindow.cpp'
Makefile:625: warning: overriding recipe for target 'ui_filesdialog.h'
Makefile:612: warning: ignoring old recipe for target 'ui_filesdialog.h'
Makefile:630: warning: overriding recipe for target 'ui_mainwindow.h'
Makefile:617: warning: ignoring old recipe for target 'ui_mainwindow.h'
Makefile:634: warning: overriding recipe for target 'ui_test.h'
Makefile:621: warning: ignoring old recipe for target 'ui_test.h'
Makefile:735: warning: overriding recipe for target 'install_target'
Makefile:726: warning: ignoring old recipe for target 'install_target'
Makefile:739: warning: overriding recipe for target 'uninstall_target'
Makefile:730: warning: ignoring old recipe for target 'uninstall_target'

/usr/bin/uic filesdialog.ui -o ui_filesdialog.h
/usr/bin/uic mainwindow.ui -o ui_mainwindow.h
 
/usr/bin/uic test.ui -o ui_test.h
g++ -c -pipe -O2 -std=gnu++11 -flto -fno-fat-lto-objects -Wall -Wextra -D_REENTRANT -fPIC -DQT_DISABLE_DEPRECATED_BEFORE=0x060000 -DQT_NO_DEBUG -DQT_WIDGETS_LIB -DQT_GUI_LIB -DQT_CORE_LIB -I. -I/usr/include/qt -I/usr/include/qt/QtWidgets -I/usr/include/qt/QtGui -I/usr/include/qt/QtCore -I. -I. -I/usr/lib/qt/mkspecs/linux-g++ -o checkboxwidget.o checkboxwidget.cpp
g++ -c -pipe -O2 -std=gnu++11 -flto -fno-fat-lto-objects -Wall -Wextra -D_REENTRANT -fPIC -DQT_DISABLE_DEPRECATED_BEFORE=0x060000 -DQT_NO_DEBUG -DQT_WIDGETS_LIB -DQT_GUI_LIB -DQT_CORE_LIB -I. -I/usr/include/qt -I/usr/include/qt/QtWidgets -I/usr/include/qt/QtGui -I/usr/include/qt/QtCore -I. -I. -I/usr/lib/qt/mkspecs/linux-g++ -o clickablelabel.o clickablelabel.cpp
g++ -c -pipe -O2 -std=gnu++11 -flto -fno-fat-lto-objects -Wall -Wextra -D_REENTRANT -fPIC -DQT_DISABLE_DEPRECATED_BEFORE=0x060000 -DQT_NO_DEBUG -DQT_WIDGETS_LIB -DQT_GUI_LIB -DQT_CORE_LIB -I. -I/usr/include/qt -I/usr/include/qt/QtWidgets -I/usr/include/qt/QtGui -I/usr/include/qt/QtCore -I. -I. -I/usr/lib/qt/mkspecs/linux-g++ -o comboboxwidget.o comboboxwidget.cpp
g++ -c -pipe -O2 -std=gnu++11 -flto -fno-fat-lto-objects -Wall -Wextra -D_REENTRANT -fPIC -DQT_DISABLE_DEPRECATED_BEFORE=0x060000 -DQT_NO_DEBUG -DQT_WIDGETS_LIB -DQT_GUI_LIB -DQT_CORE_LIB -I. -I/usr/include/qt -I/usr/include/qt/QtWidgets -I/usr/include/qt/QtGui -I/usr/include/qt/QtCore -I. -I. -I/usr/lib/qt/mkspecs/linux-g++ -o filesdialog.o filesdialog.cpp
g++ -c -pipe -O2 -std=gnu++11 -flto -fno-fat-lto-objects -Wall -Wextra -D_REENTRANT -fPIC -DQT_DISABLE_DEPRECATED_BEFORE=0x060000 -DQT_NO_DEBUG -DQT_WIDGETS_LIB -DQT_GUI_LIB -DQT_CORE_LIB -I. -I/usr/include/qt -I/usr/include/qt/QtWidgets -I/usr/include/qt/QtGui -I/usr/include/qt/QtCore -I. -I. -I/usr/lib/qt/mkspecs/linux-g++ -o labelwidget.o labelwidget.cpp
g++ -c -pipe -O2 -std=gnu++11 -flto -fno-fat-lto-objects -Wall -Wextra -D_REENTRANT -fPIC -DQT_DISABLE_DEPRECATED_BEFORE=0x060000 -DQT_NO_DEBUG -DQT_WIDGETS_LIB -DQT_GUI_LIB -DQT_CORE_LIB -I. -I/usr/include/qt -I/usr/include/qt/QtWidgets -I/usr/include/qt/QtGui -I/usr/include/qt/QtCore -I. -I. -I/usr/lib/qt/mkspecs/linux-g++ -o lineeditwidget.o lineeditwidget.cpp
g++ -c -pipe -O2 -std=gnu++11 -flto -fno-fat-lto-objects -Wall -Wextra -D_REENTRANT -fPIC -DQT_DISABLE_DEPRECATED_BEFORE=0x060000 -DQT_NO_DEBUG -DQT_WIDGETS_LIB -DQT_GUI_LIB -DQT_CORE_LIB -I. -I/usr/include/qt -I/usr/include/qt/QtWidgets -I/usr/include/qt/QtGui -I/usr/include/qt/QtCore -I. -I. -I/usr/lib/qt/mkspecs/linux-g++ -o main.o main.cpp
g++ -c -pipe -O2 -std=gnu++11 -flto -fno-fat-lto-objects -Wall -Wextra -D_REENTRANT -fPIC -DQT_DISABLE_DEPRECATED_BEFORE=0x060000 -DQT_NO_DEBUG -DQT_WIDGETS_LIB -DQT_GUI_LIB -DQT_CORE_LIB -I. -I/usr/include/qt -I/usr/include/qt/QtWidgets -I/usr/include/qt/QtGui -I/usr/include/qt/QtCore -I. -I. -I/usr/lib/qt/mkspecs/linux-g++ -o mainwindow.o mainwindow.cpp
g++ -c -pipe -O2 -std=gnu++11 -flto -fno-fat-lto-objects -Wall -Wextra -D_REENTRANT -fPIC -DQT_DISABLE_DEPRECATED_BEFORE=0x060000 -DQT_NO_DEBUG -DQT_WIDGETS_LIB -DQT_GUI_LIB -DQT_CORE_LIB -I. -I/usr/include/qt -I/usr/include/qt/QtWidgets -I/usr/include/qt/QtGui -I/usr/include/qt/QtCore -I. -I. -I/usr/lib/qt/mkspecs/linux-g++ -o mywidget.o mywidget.cpp
g++ -c -pipe -O2 -std=gnu++11 -flto -fno-fat-lto-objects -Wall -Wextra -D_REENTRANT -fPIC -DQT_DISABLE_DEPRECATED_BEFORE=0x060000 -DQT_NO_DEBUG -DQT_WIDGETS_LIB -DQT_GUI_LIB -DQT_CORE_LIB -I. -I/usr/include/qt -I/usr/include/qt/QtWidgets -I/usr/include/qt/QtGui -I/usr/include/qt/QtCore -I. -I. -I/usr/lib/qt/mkspecs/linux-g++ -o plaintextwidget.o plaintextwidget.cpp
g++ -c -pipe -O2 -std=gnu++11 -flto -fno-fat-lto-objects -Wall -Wextra -D_REENTRANT -fPIC -DQT_DISABLE_DEPRECATED_BEFORE=0x060000 -DQT_NO_DEBUG -DQT_WIDGETS_LIB -DQT_GUI_LIB -DQT_CORE_LIB -I. -I/usr/include/qt -I/usr/include/qt/QtWidgets -I/usr/include/qt/QtGui -I/usr/include/qt/QtCore -I. -I. -I/usr/lib/qt/mkspecs/linux-g++ -o radiobuttonwidget.o radiobuttonwidget.cpp
g++ -c -pipe -O2 -std=gnu++11 -flto -fno-fat-lto-objects -Wall -Wextra -D_REENTRANT -fPIC -DQT_DISABLE_DEPRECATED_BEFORE=0x060000 -DQT_NO_DEBUG -DQT_WIDGETS_LIB -DQT_GUI_LIB -DQT_CORE_LIB -I. -I/usr/include/qt -I/usr/include/qt/QtWidgets -I/usr/include/qt/QtGui -I/usr/include/qt/QtCore -I. -I. -I/usr/lib/qt/mkspecs/linux-g++ -o spinboxwidget.o spinboxwidget.cpp
 
/usr/bin/lrelease StreamAssistant_pt_BR.ts -qm .qm/StreamAssistant_pt_BR.qm
/usr/bin/rcc -name qmake_qmake_qm_files qmake_qmake_qm_files.qrc -o qrc_qmake_qmake_qm_files.cpp
g++ -c -pipe -O2 -std=gnu++11 -flto -fno-fat-lto-objects -Wall -Wextra -D_REENTRANT -fPIC -DQT_DISABLE_DEPRECATED_BEFORE=0x060000 -DQT_NO_DEBUG -DQT_WIDGETS_LIB -DQT_GUI_LIB -DQT_CORE_LIB -I. -I/usr/include/qt -I/usr/include/qt/QtWidgets -I/usr/include/qt/QtGui -I/usr/include/qt/QtCore -I. -I. -I/usr/lib/qt/mkspecs/linux-g++ -o qrc_qmake_qmake_qm_files.o qrc_qmake_qmake_qm_files.cpp
 
g++ -pipe -O2 -std=gnu++11 -flto -fno-fat-lto-objects -Wall -Wextra -dM -E -o moc_predefs.h /usr/lib/qt/mkspecs/features/data/dummy.cpp
 
/usr/bin/moc -DQT_DISABLE_DEPRECATED_BEFORE=0x060000 -DQT_NO_DEBUG -DQT_WIDGETS_LIB -DQT_GUI_LIB -DQT_CORE_LIB --include /home/curry/StreamAssistant/moc_predefs.h -I/usr/lib/qt/mkspecs/linux-g++ -I/home/curry/StreamAssistant -I/usr/include/qt -I/usr/include/qt/QtWidgets -I/usr/include/qt/QtGui -I/usr/include/qt/QtCore -I/usr/include/c++/15.1.1 -I/usr/include/c++/15.1.1/x86_64-pc-linux-gnu -I/usr/include/c++/15.1.1/backward -I/usr/lib/gcc/x86_64-pc-linux-gnu/15.1.1/include -I/usr/local/include -I/usr/lib/gcc/x86_64-pc-linux-gnu/15.1.1/include-fixed -I/usr/include clickablelabel.h -o moc_clickablelabel.cpp
g++ -c -pipe -O2 -std=gnu++11 -flto -fno-fat-lto-objects -Wall -Wextra -D_REENTRANT -fPIC -DQT_DISABLE_DEPRECATED_BEFORE=0x060000 -DQT_NO_DEBUG -DQT_WIDGETS_LIB -DQT_GUI_LIB -DQT_CORE_LIB -I. -I/usr/include/qt -I/usr/include/qt/QtWidgets -I/usr/include/qt/QtGui -I/usr/include/qt/QtCore -I. -I. -I/usr/lib/qt/mkspecs/linux-g++ -o moc_clickablelabel.o moc_clickablelabel.cpp
 
/usr/bin/moc -DQT_DISABLE_DEPRECATED_BEFORE=0x060000 -DQT_NO_DEBUG -DQT_WIDGETS_LIB -DQT_GUI_LIB -DQT_CORE_LIB --include /home/curry/StreamAssistant/moc_predefs.h -I/usr/lib/qt/mkspecs/linux-g++ -I/home/curry/StreamAssistant -I/usr/include/qt -I/usr/include/qt/QtWidgets -I/usr/include/qt/QtGui -I/usr/include/qt/QtCore -I/usr/include/c++/15.1.1 -I/usr/include/c++/15.1.1/x86_64-pc-linux-gnu -I/usr/include/c++/15.1.1/backward -I/usr/lib/gcc/x86_64-pc-linux-gnu/15.1.1/include -I/usr/local/include -I/usr/lib/gcc/x86_64-pc-linux-gnu/15.1.1/include-fixed -I/usr/include filesdialog.h -o moc_filesdialog.cpp
g++ -c -pipe -O2 -std=gnu++11 -flto -fno-fat-lto-objects -Wall -Wextra -D_REENTRANT -fPIC -DQT_DISABLE_DEPRECATED_BEFORE=0x060000 -DQT_NO_DEBUG -DQT_WIDGETS_LIB -DQT_GUI_LIB -DQT_CORE_LIB -I. -I/usr/include/qt -I/usr/include/qt/QtWidgets -I/usr/include/qt/QtGui -I/usr/include/qt/QtCore -I. -I. -I/usr/lib/qt/mkspecs/linux-g++ -o moc_filesdialog.o moc_filesdialog.cpp
/usr/bin/moc -DQT_DISABLE_DEPRECATED_BEFORE=0x060000 -DQT_NO_DEBUG -DQT_WIDGETS_LIB -DQT_GUI_LIB -DQT_CORE_LIB --include /home/curry/StreamAssistant/moc_predefs.h -I/usr/lib/qt/mkspecs/linux-g++ -I/home/curry/StreamAssistant -I/usr/include/qt -I/usr/include/qt/QtWidgets -I/usr/include/qt/QtGui -I/usr/include/qt/QtCore -I/usr/include/c++/15.1.1 -I/usr/include/c++/15.1.1/x86_64-pc-linux-gnu -I/usr/include/c++/15.1.1/backward -I/usr/lib/gcc/x86_64-pc-linux-gnu/15.1.1/include -I/usr/local/include -I/usr/lib/gcc/x86_64-pc-linux-gnu/15.1.1/include-fixed -I/usr/include mainwindow.h -o moc_mainwindow.cpp
g++ -c -pipe -O2 -std=gnu++11 -flto -fno-fat-lto-objects -Wall -Wextra -D_REENTRANT -fPIC -DQT_DISABLE_DEPRECATED_BEFORE=0x060000 -DQT_NO_DEBUG -DQT_WIDGETS_LIB -DQT_GUI_LIB -DQT_CORE_LIB -I. -I/usr/include/qt -I/usr/include/qt/QtWidgets -I/usr/include/qt/QtGui -I/usr/include/qt/QtCore -I. -I. -I/usr/lib/qt/mkspecs/linux-g++ -o moc_mainwindow.o moc_mainwindow.cpp
g++ -Wl,-O1 -pipe -O2 -std=gnu++11 -flto=12 -fno-fat-lto-objects -fuse-linker-plugin -fPIC -o StreamAssistant checkboxwidget.o clickablelabel.o comboboxwidget.o filesdialog.o labelwidget.o lineeditwidget.o main.o mainwindow.o mywidget.o plaintextwidget.o radiobuttonwidget.o spinboxwidget.o qrc_qmake_qmake_qm_files.o moc_clickablelabel.o moc_filesdialog.o moc_mainwindow.o   /usr/lib/libQt5Widgets.so /usr/lib/libQt5Gui.so /usr/lib/libQt5Core.so -lGL -lpthread   
make: Leaving directory '/home/curry/StreamAssistant'
 
