2025-06-19 12:49:57.167 [info] Reading sessions from keychain...
2025-06-19 12:49:57.167 [info] Getting sessions for all scopes...
2025-06-19 12:49:57.167 [info] Getting sessions for all scopes...
2025-06-19 12:49:57.167 [info] Getting sessions for all scopes...
2025-06-19 12:49:57.167 [info] Getting sessions for all scopes...
2025-06-19 12:49:57.167 [info] Getting sessions for all scopes...
2025-06-19 12:49:57.167 [info] Getting sessions for all scopes...
2025-06-19 12:49:57.167 [info] Getting sessions for all scopes...
2025-06-19 12:49:57.167 [info] Getting sessions for all scopes...
2025-06-19 12:49:57.167 [info] Getting sessions for all scopes...
2025-06-19 12:49:57.167 [info] Got stored sessions!
2025-06-19 12:49:57.167 [info] Got 2 verified sessions.
2025-06-19 12:49:57.167 [info] Got 2 sessions for ...
2025-06-19 12:49:57.167 [info] Got 2 sessions for ...
2025-06-19 12:49:57.167 [info] Got 2 sessions for ...
2025-06-19 12:49:57.167 [info] Got 2 sessions for ...
2025-06-19 12:49:57.167 [info] Got 2 sessions for ...
2025-06-19 12:49:57.167 [info] Got 2 sessions for ...
2025-06-19 12:49:57.168 [info] Got 2 sessions for ...
2025-06-19 12:49:57.168 [info] Got 2 sessions for ...
2025-06-19 12:49:57.168 [info] Got 2 sessions for ...
2025-06-19 12:49:57.215 [info] Getting sessions for all scopes...
2025-06-19 12:49:57.216 [info] Got 2 sessions for ...
2025-06-19 12:49:57.278 [info] Getting sessions for all scopes...
2025-06-19 12:49:57.278 [info] Got 2 sessions for ...
2025-06-19 12:49:57.278 [info] Getting sessions for all scopes...
2025-06-19 12:49:57.278 [info] Got 2 sessions for ...
2025-06-19 12:49:57.278 [info] Getting sessions for all scopes...
2025-06-19 12:49:57.278 [info] Got 2 sessions for ...
2025-06-19 12:49:57.279 [info] Getting sessions for all scopes...
2025-06-19 12:49:57.279 [info] Got 2 sessions for ...
2025-06-19 12:49:57.279 [info] Getting sessions for all scopes...
2025-06-19 12:49:57.279 [info] Got 2 sessions for ...
2025-06-19 12:49:58.448 [info] Getting sessions for all scopes...
2025-06-19 12:49:58.448 [info] Got 2 sessions for ...
2025-06-19 12:49:58.467 [info] Getting sessions for all scopes...
2025-06-19 12:49:58.467 [info] Got 2 sessions for ...
2025-06-19 12:50:01.447 [info] Getting sessions for all scopes...
2025-06-19 12:50:01.447 [info] Got 2 sessions for ...
2025-06-19 12:50:01.453 [info] Getting sessions for all scopes...
2025-06-19 12:50:01.453 [info] Got 2 sessions for ...
2025-06-19 12:50:01.453 [info] Getting sessions for all scopes...
2025-06-19 12:50:01.454 [info] Got 2 sessions for ...
2025-06-19 12:50:01.782 [info] Getting sessions for all scopes...
2025-06-19 12:50:01.782 [info] Got 2 sessions for ...
2025-06-19 12:50:01.782 [info] Getting sessions for read:user,repo,user:email,workflow...
2025-06-19 12:50:01.782 [info] Got 1 sessions for read:user,repo,user:email,workflow...
2025-06-19 12:50:01.813 [info] Getting sessions for read:user,repo,user:email,workflow...
2025-06-19 12:50:01.813 [info] Got 1 sessions for read:user,repo,user:email,workflow...
2025-06-19 12:50:02.407 [info] Getting sessions for all scopes...
2025-06-19 12:50:02.407 [info] Got 2 sessions for ...
2025-06-19 12:50:02.425 [info] Getting sessions for all scopes...
2025-06-19 12:50:02.425 [info] Got 2 sessions for ...
2025-06-19 12:50:02.473 [info] Getting sessions for read:user,repo,user:email,workflow...
2025-06-19 12:50:02.473 [info] Got 1 sessions for read:user,repo,user:email,workflow...
2025-06-19 12:50:04.451 [info] Getting sessions for all scopes...
2025-06-19 12:50:04.452 [info] Got 2 sessions for ...
2025-06-19 12:50:04.452 [info] Getting sessions for all scopes...
2025-06-19 12:50:04.453 [info] Got 2 sessions for ...
2025-06-19 12:50:04.459 [info] Getting sessions for read:user,repo,user:email,workflow...
2025-06-19 12:50:04.460 [info] Got 1 sessions for read:user,repo,user:email,workflow...
2025-06-19 12:50:04.468 [info] Getting sessions for all scopes...
2025-06-19 12:50:04.468 [info] Got 2 sessions for ...
2025-06-19 12:50:04.513 [info] Getting sessions for read:user,repo,user:email,workflow...
2025-06-19 12:50:04.513 [info] Got 1 sessions for read:user,repo,user:email,workflow...
2025-06-19 12:50:04.732 [info] Getting sessions for all scopes...
2025-06-19 12:50:04.733 [info] Got 2 sessions for ...
2025-06-19 12:50:04.739 [info] Getting sessions for read:user,repo,user:email,workflow...
2025-06-19 12:50:04.739 [info] Got 1 sessions for read:user,repo,user:email,workflow...
2025-06-19 12:50:04.751 [info] Getting sessions for all scopes...
2025-06-19 12:50:04.751 [info] Got 2 sessions for ...
2025-06-19 12:50:04.753 [info] Getting sessions for all scopes...
2025-06-19 12:50:04.753 [info] Got 2 sessions for ...
2025-06-19 12:50:06.367 [info] Getting sessions for all scopes...
2025-06-19 12:50:06.367 [info] Got 2 sessions for ...
2025-06-19 12:50:06.368 [info] Getting sessions for read:user,repo,user:email,workflow...
2025-06-19 12:50:06.368 [info] Got 1 sessions for read:user,repo,user:email,workflow...
