2025-06-20 11:57:42.591 [info] Reading sessions from keychain...
2025-06-20 11:57:42.591 [info] Getting sessions for all scopes...
2025-06-20 11:57:42.591 [info] Getting sessions for all scopes...
2025-06-20 11:57:42.591 [info] Getting sessions for all scopes...
2025-06-20 11:57:42.591 [info] Getting sessions for all scopes...
2025-06-20 11:57:42.591 [info] Getting sessions for all scopes...
2025-06-20 11:57:42.591 [info] Getting sessions for all scopes...
2025-06-20 11:57:42.591 [info] Getting sessions for all scopes...
2025-06-20 11:57:42.591 [info] Getting sessions for all scopes...
2025-06-20 11:57:42.591 [info] Getting sessions for all scopes...
2025-06-20 11:57:42.591 [info] Got stored sessions!
2025-06-20 11:57:42.591 [info] Got 2 verified sessions.
2025-06-20 11:57:42.591 [info] Got 2 sessions for ...
2025-06-20 11:57:42.591 [info] Got 2 sessions for ...
2025-06-20 11:57:42.591 [info] Got 2 sessions for ...
2025-06-20 11:57:42.591 [info] Got 2 sessions for ...
2025-06-20 11:57:42.591 [info] Got 2 sessions for ...
2025-06-20 11:57:42.591 [info] Got 2 sessions for ...
2025-06-20 11:57:42.591 [info] Got 2 sessions for ...
2025-06-20 11:57:42.591 [info] Got 2 sessions for ...
2025-06-20 11:57:42.591 [info] Got 2 sessions for ...
2025-06-20 11:57:42.591 [info] Getting sessions for all scopes...
2025-06-20 11:57:42.591 [info] Got 2 sessions for ...
2025-06-20 11:57:42.591 [info] Getting sessions for all scopes...
2025-06-20 11:57:42.592 [info] Got 2 sessions for ...
2025-06-20 11:57:42.592 [info] Getting sessions for all scopes...
2025-06-20 11:57:42.592 [info] Got 2 sessions for ...
2025-06-20 11:57:42.592 [info] Getting sessions for all scopes...
2025-06-20 11:57:42.592 [info] Got 2 sessions for ...
2025-06-20 11:57:42.592 [info] Getting sessions for all scopes...
2025-06-20 11:57:42.592 [info] Got 2 sessions for ...
2025-06-20 11:57:42.592 [info] Getting sessions for all scopes...
2025-06-20 11:57:42.592 [info] Got 2 sessions for ...
2025-06-20 11:57:42.592 [info] Getting sessions for all scopes...
2025-06-20 11:57:42.592 [info] Got 2 sessions for ...
2025-06-20 11:57:43.011 [info] Getting sessions for all scopes...
2025-06-20 11:57:43.011 [info] Got 2 sessions for ...
2025-06-20 11:57:45.632 [info] Getting sessions for all scopes...
2025-06-20 11:57:45.632 [info] Got 2 sessions for ...
2025-06-20 11:57:45.793 [info] Getting sessions for all scopes...
2025-06-20 11:57:45.794 [info] Got 2 sessions for ...
2025-06-20 11:57:45.794 [info] Getting sessions for all scopes...
2025-06-20 11:57:45.794 [info] Got 2 sessions for ...
2025-06-20 11:57:45.794 [info] Getting sessions for all scopes...
2025-06-20 11:57:45.794 [info] Got 2 sessions for ...
2025-06-20 11:57:45.954 [info] Getting sessions for all scopes...
2025-06-20 11:57:45.954 [info] Got 2 sessions for ...
2025-06-20 11:57:45.958 [info] Getting sessions for read:user,repo,user:email,workflow...
2025-06-20 11:57:45.958 [info] Got 1 sessions for read:user,repo,user:email,workflow...
2025-06-20 11:57:45.966 [info] Getting sessions for read:user,repo,user:email,workflow...
2025-06-20 11:57:45.967 [info] Got 1 sessions for read:user,repo,user:email,workflow...
2025-06-20 11:57:46.013 [info] Getting sessions for all scopes...
2025-06-20 11:57:46.013 [info] Got 2 sessions for ...
2025-06-20 11:57:46.013 [info] Getting sessions for all scopes...
2025-06-20 11:57:46.013 [info] Got 2 sessions for ...
2025-06-20 11:57:46.503 [info] Getting sessions for read:user,repo,user:email,workflow...
2025-06-20 11:57:46.503 [info] Got 1 sessions for read:user,repo,user:email,workflow...
2025-06-20 11:57:47.520 [info] Getting sessions for all scopes...
2025-06-20 11:57:47.520 [info] Got 2 sessions for ...
2025-06-20 11:57:47.520 [info] Getting sessions for all scopes...
2025-06-20 11:57:47.520 [info] Got 2 sessions for ...
2025-06-20 11:57:47.523 [info] Getting sessions for read:user,repo,user:email,workflow...
2025-06-20 11:57:47.523 [info] Got 1 sessions for read:user,repo,user:email,workflow...
2025-06-20 11:57:47.528 [info] Getting sessions for all scopes...
2025-06-20 11:57:47.528 [info] Got 2 sessions for ...
2025-06-20 11:57:47.531 [info] Getting sessions for read:user,repo,user:email,workflow...
2025-06-20 11:57:47.531 [info] Got 1 sessions for read:user,repo,user:email,workflow...
2025-06-20 11:57:47.603 [info] Getting sessions for all scopes...
2025-06-20 11:57:47.603 [info] Got 2 sessions for ...
2025-06-20 11:57:47.605 [info] Getting sessions for read:user,repo,user:email,workflow...
2025-06-20 11:57:47.605 [info] Got 1 sessions for read:user,repo,user:email,workflow...
2025-06-20 11:57:47.609 [info] Getting sessions for all scopes...
2025-06-20 11:57:47.610 [info] Got 2 sessions for ...
2025-06-20 11:57:47.611 [info] Getting sessions for all scopes...
2025-06-20 11:57:47.611 [info] Got 2 sessions for ...
2025-06-20 11:57:49.381 [info] Getting sessions for all scopes...
2025-06-20 11:57:49.381 [info] Got 2 sessions for ...
2025-06-20 11:57:49.383 [info] Getting sessions for read:user,repo,user:email,workflow...
2025-06-20 11:57:49.383 [info] Got 1 sessions for read:user,repo,user:email,workflow...
