2025-06-18 16:02:00.915 [info] Reading sessions from keychain...
2025-06-18 16:02:00.916 [info] Getting sessions for all scopes...
2025-06-18 16:02:00.916 [info] Getting sessions for all scopes...
2025-06-18 16:02:00.917 [info] Getting sessions for all scopes...
2025-06-18 16:02:00.917 [info] Getting sessions for all scopes...
2025-06-18 16:02:00.917 [info] Getting sessions for all scopes...
2025-06-18 16:02:00.917 [info] Getting sessions for all scopes...
2025-06-18 16:02:00.917 [info] Getting sessions for all scopes...
2025-06-18 16:02:01.130 [info] Got stored sessions!
2025-06-18 16:02:01.131 [info] Got 2 verified sessions.
2025-06-18 16:02:01.131 [info] Got 2 sessions for ...
2025-06-18 16:02:01.131 [info] Got 2 sessions for ...
2025-06-18 16:02:01.131 [info] Got 2 sessions for ...
2025-06-18 16:02:01.131 [info] Got 2 sessions for ...
2025-06-18 16:02:01.131 [info] Got 2 sessions for ...
2025-06-18 16:02:01.131 [info] Got 2 sessions for ...
2025-06-18 16:02:01.131 [info] Got 2 sessions for ...
2025-06-18 16:02:02.233 [info] Getting sessions for all scopes...
2025-06-18 16:02:02.233 [info] Got 2 sessions for ...
2025-06-18 16:02:02.234 [info] Getting sessions for all scopes...
2025-06-18 16:02:02.234 [info] Got 2 sessions for ...
2025-06-18 16:02:02.234 [info] Getting sessions for all scopes...
2025-06-18 16:02:02.234 [info] Got 2 sessions for ...
2025-06-18 16:02:02.235 [info] Getting sessions for all scopes...
2025-06-18 16:02:02.235 [info] Got 2 sessions for ...
2025-06-18 16:02:02.235 [info] Getting sessions for all scopes...
2025-06-18 16:02:02.235 [info] Got 2 sessions for ...
2025-06-18 16:02:02.235 [info] Getting sessions for all scopes...
2025-06-18 16:02:02.236 [info] Got 2 sessions for ...
2025-06-18 16:02:04.920 [info] Getting sessions for all scopes...
2025-06-18 16:02:04.920 [info] Got 2 sessions for ...
2025-06-18 16:02:04.948 [info] Getting sessions for all scopes...
2025-06-18 16:02:04.948 [info] Got 2 sessions for ...
2025-06-18 16:02:04.970 [info] Getting sessions for all scopes...
2025-06-18 16:02:04.970 [info] Got 2 sessions for ...
2025-06-18 16:02:06.016 [info] Getting sessions for all scopes...
2025-06-18 16:02:06.016 [info] Got 2 sessions for ...
2025-06-18 16:02:06.660 [info] Getting sessions for all scopes...
2025-06-18 16:02:06.660 [info] Got 2 sessions for ...
2025-06-18 16:02:06.787 [info] Getting sessions for read:user,repo,user:email,workflow...
2025-06-18 16:02:06.788 [info] Got 1 sessions for read:user,repo,user:email,workflow...
2025-06-18 16:02:06.789 [info] Getting sessions for all scopes...
2025-06-18 16:02:06.789 [info] Got 2 sessions for ...
2025-06-18 16:02:06.790 [info] Getting sessions for all scopes...
2025-06-18 16:02:06.790 [info] Got 2 sessions for ...
2025-06-18 16:02:07.783 [info] Getting sessions for read:user,repo,user:email,workflow...
2025-06-18 16:02:07.783 [info] Got 1 sessions for read:user,repo,user:email,workflow...
2025-06-18 16:02:07.801 [info] Getting sessions for all scopes...
2025-06-18 16:02:07.801 [info] Got 2 sessions for ...
2025-06-18 16:02:07.803 [info] Getting sessions for all scopes...
2025-06-18 16:02:07.803 [info] Got 2 sessions for ...
2025-06-18 16:02:07.806 [info] Getting sessions for read:user,repo,user:email,workflow...
2025-06-18 16:02:07.806 [info] Got 1 sessions for read:user,repo,user:email,workflow...
2025-06-18 16:02:09.102 [info] Getting sessions for all scopes...
2025-06-18 16:02:09.102 [info] Got 2 sessions for ...
2025-06-18 16:02:09.102 [info] Getting sessions for all scopes...
2025-06-18 16:02:09.102 [info] Got 2 sessions for ...
2025-06-18 16:02:09.104 [info] Getting sessions for read:user,repo,user:email,workflow...
2025-06-18 16:02:09.104 [info] Got 1 sessions for read:user,repo,user:email,workflow...
2025-06-18 16:02:09.109 [info] Getting sessions for all scopes...
2025-06-18 16:02:09.109 [info] Got 2 sessions for ...
2025-06-18 16:02:09.111 [info] Getting sessions for read:user,repo,user:email,workflow...
2025-06-18 16:02:09.112 [info] Got 1 sessions for read:user,repo,user:email,workflow...
2025-06-18 16:02:09.232 [info] Getting sessions for all scopes...
2025-06-18 16:02:09.232 [info] Got 2 sessions for ...
2025-06-18 16:02:09.237 [info] Getting sessions for read:user,repo,user:email,workflow...
2025-06-18 16:02:09.237 [info] Got 1 sessions for read:user,repo,user:email,workflow...
2025-06-18 16:02:09.249 [info] Getting sessions for all scopes...
2025-06-18 16:02:09.249 [info] Got 2 sessions for ...
2025-06-18 16:02:09.253 [info] Getting sessions for all scopes...
2025-06-18 16:02:09.253 [info] Got 2 sessions for ...
2025-06-18 16:02:10.990 [info] Getting sessions for all scopes...
2025-06-18 16:02:10.990 [info] Got 2 sessions for ...
2025-06-18 16:02:10.991 [info] Getting sessions for read:user,repo,user:email,workflow...
2025-06-18 16:02:10.991 [info] Got 1 sessions for read:user,repo,user:email,workflow...
2025-06-18 16:29:31.706 [info] Getting sessions for all scopes...
2025-06-18 16:29:31.706 [info] Got 2 sessions for ...
2025-06-18 16:29:31.710 [info] Getting sessions for read:user,repo,user:email,workflow...
2025-06-18 16:29:31.710 [info] Got 1 sessions for read:user,repo,user:email,workflow...
2025-06-18 16:29:31.714 [info] Getting sessions for all scopes...
2025-06-18 16:29:31.714 [info] Got 2 sessions for ...
2025-06-18 16:29:31.716 [info] Getting sessions for read:user,repo,user:email,workflow...
2025-06-18 16:29:31.716 [info] Got 1 sessions for read:user,repo,user:email,workflow...
2025-06-18 16:29:31.778 [info] Getting sessions for all scopes...
2025-06-18 16:29:31.778 [info] Got 2 sessions for ...
2025-06-18 16:29:31.778 [info] Getting sessions for all scopes...
2025-06-18 16:29:31.778 [info] Got 2 sessions for ...
2025-06-18 16:29:31.781 [info] Getting sessions for read:user,repo,user:email,workflow...
2025-06-18 16:29:31.781 [info] Got 1 sessions for read:user,repo,user:email,workflow...
2025-06-18 16:29:31.784 [info] Getting sessions for all scopes...
2025-06-18 16:29:31.784 [info] Got 2 sessions for ...
2025-06-18 16:29:31.786 [info] Getting sessions for read:user,repo,user:email,workflow...
2025-06-18 16:29:31.786 [info] Got 1 sessions for read:user,repo,user:email,workflow...
2025-06-18 16:29:31.788 [info] Getting sessions for all scopes...
2025-06-18 16:29:31.788 [info] Got 2 sessions for ...
2025-06-18 16:29:31.791 [info] Getting sessions for read:user,repo,user:email,workflow...
2025-06-18 16:29:31.791 [info] Got 1 sessions for read:user,repo,user:email,workflow...
2025-06-18 16:29:31.813 [info] Getting sessions for all scopes...
2025-06-18 16:29:31.814 [info] Got 2 sessions for ...
2025-06-18 16:29:31.817 [info] Getting sessions for read:user,repo,user:email,workflow...
2025-06-18 16:29:31.817 [info] Got 1 sessions for read:user,repo,user:email,workflow...
2025-06-18 16:29:31.820 [info] Getting sessions for all scopes...
2025-06-18 16:29:31.820 [info] Got 2 sessions for ...
2025-06-18 16:29:31.822 [info] Getting sessions for read:user,repo,user:email,workflow...
2025-06-18 16:29:31.822 [info] Got 1 sessions for read:user,repo,user:email,workflow...
2025-06-18 16:31:50.848 [info] Getting sessions for all scopes...
2025-06-18 16:31:50.848 [info] Got 2 sessions for ...
2025-06-18 16:31:50.851 [info] Getting sessions for read:user,repo,user:email,workflow...
2025-06-18 16:31:50.851 [info] Got 1 sessions for read:user,repo,user:email,workflow...
2025-06-18 16:31:50.854 [info] Getting sessions for all scopes...
2025-06-18 16:31:50.854 [info] Got 2 sessions for ...
2025-06-18 16:31:50.855 [info] Getting sessions for read:user,repo,user:email,workflow...
2025-06-18 16:31:50.855 [info] Got 1 sessions for read:user,repo,user:email,workflow...
2025-06-18 16:32:50.866 [info] Getting sessions for all scopes...
2025-06-18 16:32:50.866 [info] Got 2 sessions for ...
2025-06-18 16:32:50.872 [info] Getting sessions for read:user,repo,user:email,workflow...
2025-06-18 16:32:50.872 [info] Got 1 sessions for read:user,repo,user:email,workflow...
2025-06-18 16:32:50.875 [info] Getting sessions for all scopes...
2025-06-18 16:32:50.875 [info] Got 2 sessions for ...
2025-06-18 16:32:50.877 [info] Getting sessions for read:user,repo,user:email,workflow...
2025-06-18 16:32:50.877 [info] Got 1 sessions for read:user,repo,user:email,workflow...
2025-06-18 16:34:01.837 [info] Getting sessions for all scopes...
2025-06-18 16:34:01.838 [info] Got 2 sessions for ...
2025-06-18 16:34:01.842 [info] Getting sessions for read:user,repo,user:email,workflow...
2025-06-18 16:34:01.842 [info] Got 1 sessions for read:user,repo,user:email,workflow...
2025-06-18 16:34:01.857 [info] Getting sessions for all scopes...
2025-06-18 16:34:01.857 [info] Got 2 sessions for ...
2025-06-18 16:34:01.862 [info] Getting sessions for read:user,repo,user:email,workflow...
2025-06-18 16:34:01.862 [info] Got 1 sessions for read:user,repo,user:email,workflow...
2025-06-18 16:35:01.871 [info] Getting sessions for all scopes...
2025-06-18 16:35:01.871 [info] Got 2 sessions for ...
2025-06-18 16:35:01.876 [info] Getting sessions for read:user,repo,user:email,workflow...
2025-06-18 16:35:01.876 [info] Got 1 sessions for read:user,repo,user:email,workflow...
2025-06-18 16:35:01.880 [info] Getting sessions for all scopes...
2025-06-18 16:35:01.880 [info] Got 2 sessions for ...
2025-06-18 16:35:01.884 [info] Getting sessions for read:user,repo,user:email,workflow...
2025-06-18 16:35:01.885 [info] Got 1 sessions for read:user,repo,user:email,workflow...
2025-06-18 16:35:23.969 [info] Getting sessions for read:user,repo,user:email,workflow...
2025-06-18 16:35:23.969 [info] Got 1 sessions for read:user,repo,user:email,workflow...
2025-06-18 16:35:24.009 [info] Getting sessions for read:user,repo,user:email,workflow...
2025-06-18 16:35:24.009 [info] Got 1 sessions for read:user,repo,user:email,workflow...
2025-06-18 16:35:24.151 [info] Getting sessions for read:user,repo,user:email,workflow...
2025-06-18 16:35:24.151 [info] Got 1 sessions for read:user,repo,user:email,workflow...
2025-06-18 16:35:24.164 [info] Getting sessions for read:user,repo,user:email,workflow...
2025-06-18 16:35:24.164 [info] Got 1 sessions for read:user,repo,user:email,workflow...
2025-06-18 16:35:24.332 [info] Getting sessions for read:user,repo,user:email,workflow...
2025-06-18 16:35:24.332 [info] Got 1 sessions for read:user,repo,user:email,workflow...
2025-06-18 16:35:24.344 [info] Getting sessions for read:user,repo,user:email,workflow...
2025-06-18 16:35:24.344 [info] Got 1 sessions for read:user,repo,user:email,workflow...
2025-06-18 16:35:24.714 [info] Getting sessions for read:user,repo,user:email,workflow...
2025-06-18 16:35:24.714 [info] Got 1 sessions for read:user,repo,user:email,workflow...
2025-06-18 16:35:24.721 [info] Getting sessions for read:user,repo,user:email,workflow...
2025-06-18 16:35:24.721 [info] Got 1 sessions for read:user,repo,user:email,workflow...
2025-06-18 16:35:25.277 [info] Getting sessions for read:user,repo,user:email,workflow...
2025-06-18 16:35:25.277 [info] Got 1 sessions for read:user,repo,user:email,workflow...
2025-06-18 16:35:25.285 [info] Getting sessions for read:user,repo,user:email,workflow...
2025-06-18 16:35:25.285 [info] Got 1 sessions for read:user,repo,user:email,workflow...
2025-06-18 16:35:25.399 [info] Getting sessions for read:user,repo,user:email,workflow...
2025-06-18 16:35:25.400 [info] Got 1 sessions for read:user,repo,user:email,workflow...
2025-06-18 16:35:25.408 [info] Getting sessions for read:user,repo,user:email,workflow...
2025-06-18 16:35:25.408 [info] Got 1 sessions for read:user,repo,user:email,workflow...
2025-06-18 16:35:25.501 [info] Getting sessions for read:user,repo,user:email,workflow...
2025-06-18 16:35:25.501 [info] Got 1 sessions for read:user,repo,user:email,workflow...
2025-06-18 16:35:25.527 [info] Getting sessions for read:user,repo,user:email,workflow...
2025-06-18 16:35:25.527 [info] Got 1 sessions for read:user,repo,user:email,workflow...
2025-06-18 16:35:25.646 [info] Getting sessions for read:user,repo,user:email,workflow...
2025-06-18 16:35:25.647 [info] Got 1 sessions for read:user,repo,user:email,workflow...
2025-06-18 16:35:25.654 [info] Getting sessions for read:user,repo,user:email,workflow...
2025-06-18 16:35:25.655 [info] Got 1 sessions for read:user,repo,user:email,workflow...
2025-06-18 16:35:25.717 [info] Getting sessions for read:user,repo,user:email,workflow...
2025-06-18 16:35:25.717 [info] Got 1 sessions for read:user,repo,user:email,workflow...
2025-06-18 16:35:25.726 [info] Getting sessions for read:user,repo,user:email,workflow...
2025-06-18 16:35:25.726 [info] Got 1 sessions for read:user,repo,user:email,workflow...
2025-06-18 16:35:25.860 [info] Getting sessions for read:user,repo,user:email,workflow...
2025-06-18 16:35:25.860 [info] Got 1 sessions for read:user,repo,user:email,workflow...
2025-06-18 16:35:25.867 [info] Getting sessions for read:user,repo,user:email,workflow...
2025-06-18 16:35:25.867 [info] Got 1 sessions for read:user,repo,user:email,workflow...
2025-06-18 16:35:26.036 [info] Getting sessions for read:user,repo,user:email,workflow...
2025-06-18 16:35:26.036 [info] Got 1 sessions for read:user,repo,user:email,workflow...
2025-06-18 16:35:26.043 [info] Getting sessions for read:user,repo,user:email,workflow...
2025-06-18 16:35:26.043 [info] Got 1 sessions for read:user,repo,user:email,workflow...
2025-06-18 16:35:51.791 [info] Getting sessions for all scopes...
2025-06-18 16:35:51.791 [info] Got 2 sessions for ...
2025-06-18 16:35:51.830 [info] Getting sessions for read:user,repo,user:email,workflow...
2025-06-18 16:35:51.830 [info] Got 1 sessions for read:user,repo,user:email,workflow...
2025-06-18 16:35:51.852 [info] Getting sessions for all scopes...
2025-06-18 16:35:51.852 [info] Got 2 sessions for ...
2025-06-18 16:35:51.857 [info] Getting sessions for read:user,repo,user:email,workflow...
2025-06-18 16:35:51.857 [info] Got 1 sessions for read:user,repo,user:email,workflow...
2025-06-18 16:36:16.612 [info] Getting sessions for all scopes...
2025-06-18 16:36:16.612 [info] Got 2 sessions for ...
2025-06-18 16:36:16.624 [info] Getting sessions for read:user,repo,user:email,workflow...
2025-06-18 16:36:16.624 [info] Got 1 sessions for read:user,repo,user:email,workflow...
2025-06-18 16:36:16.628 [info] Getting sessions for all scopes...
2025-06-18 16:36:16.628 [info] Got 2 sessions for ...
2025-06-18 16:36:16.634 [info] Getting sessions for read:user,repo,user:email,workflow...
2025-06-18 16:36:16.634 [info] Got 1 sessions for read:user,repo,user:email,workflow...
2025-06-18 16:36:22.321 [info] Getting sessions for read:user,repo,user:email,workflow...
2025-06-18 16:36:22.321 [info] Got 1 sessions for read:user,repo,user:email,workflow...
2025-06-18 16:36:22.328 [info] Getting sessions for read:user,repo,user:email,workflow...
2025-06-18 16:36:22.328 [info] Got 1 sessions for read:user,repo,user:email,workflow...
2025-06-18 16:36:22.476 [info] Getting sessions for read:user,repo,user:email,workflow...
2025-06-18 16:36:22.476 [info] Got 1 sessions for read:user,repo,user:email,workflow...
2025-06-18 16:36:22.488 [info] Getting sessions for read:user,repo,user:email,workflow...
2025-06-18 16:36:22.488 [info] Got 1 sessions for read:user,repo,user:email,workflow...
2025-06-18 16:36:22.619 [info] Getting sessions for read:user,repo,user:email,workflow...
2025-06-18 16:36:22.619 [info] Got 1 sessions for read:user,repo,user:email,workflow...
2025-06-18 16:36:22.631 [info] Getting sessions for read:user,repo,user:email,workflow...
2025-06-18 16:36:22.631 [info] Got 1 sessions for read:user,repo,user:email,workflow...
2025-06-18 16:36:22.843 [info] Getting sessions for read:user,repo,user:email,workflow...
2025-06-18 16:36:22.844 [info] Got 1 sessions for read:user,repo,user:email,workflow...
2025-06-18 16:36:22.854 [info] Getting sessions for read:user,repo,user:email,workflow...
2025-06-18 16:36:22.854 [info] Got 1 sessions for read:user,repo,user:email,workflow...
2025-06-18 16:36:22.969 [info] Getting sessions for read:user,repo,user:email,workflow...
2025-06-18 16:36:22.969 [info] Got 1 sessions for read:user,repo,user:email,workflow...
2025-06-18 16:36:22.981 [info] Getting sessions for read:user,repo,user:email,workflow...
2025-06-18 16:36:22.981 [info] Got 1 sessions for read:user,repo,user:email,workflow...
2025-06-18 16:36:23.294 [info] Getting sessions for read:user,repo,user:email,workflow...
2025-06-18 16:36:23.294 [info] Got 1 sessions for read:user,repo,user:email,workflow...
2025-06-18 16:36:23.299 [info] Getting sessions for read:user,repo,user:email,workflow...
2025-06-18 16:36:23.299 [info] Got 1 sessions for read:user,repo,user:email,workflow...
2025-06-18 16:36:23.459 [info] Getting sessions for read:user,repo,user:email,workflow...
2025-06-18 16:36:23.459 [info] Got 1 sessions for read:user,repo,user:email,workflow...
2025-06-18 16:36:23.467 [info] Getting sessions for read:user,repo,user:email,workflow...
2025-06-18 16:36:23.467 [info] Got 1 sessions for read:user,repo,user:email,workflow...
2025-06-18 16:36:23.657 [info] Getting sessions for read:user,repo,user:email,workflow...
2025-06-18 16:36:23.657 [info] Got 1 sessions for read:user,repo,user:email,workflow...
2025-06-18 16:36:23.663 [info] Getting sessions for read:user,repo,user:email,workflow...
2025-06-18 16:36:23.663 [info] Got 1 sessions for read:user,repo,user:email,workflow...
2025-06-18 16:36:23.741 [info] Getting sessions for read:user,repo,user:email,workflow...
2025-06-18 16:36:23.741 [info] Got 1 sessions for read:user,repo,user:email,workflow...
2025-06-18 16:36:23.750 [info] Getting sessions for read:user,repo,user:email,workflow...
2025-06-18 16:36:23.750 [info] Got 1 sessions for read:user,repo,user:email,workflow...
2025-06-18 16:36:24.004 [info] Getting sessions for read:user,repo,user:email,workflow...
2025-06-18 16:36:24.004 [info] Got 1 sessions for read:user,repo,user:email,workflow...
2025-06-18 16:36:24.008 [info] Getting sessions for read:user,repo,user:email,workflow...
2025-06-18 16:36:24.008 [info] Got 1 sessions for read:user,repo,user:email,workflow...
2025-06-18 16:36:24.088 [info] Getting sessions for read:user,repo,user:email,workflow...
2025-06-18 16:36:24.088 [info] Got 1 sessions for read:user,repo,user:email,workflow...
2025-06-18 16:36:24.098 [info] Getting sessions for read:user,repo,user:email,workflow...
2025-06-18 16:36:24.098 [info] Got 1 sessions for read:user,repo,user:email,workflow...
2025-06-18 16:36:24.299 [info] Getting sessions for read:user,repo,user:email,workflow...
2025-06-18 16:36:24.299 [info] Got 1 sessions for read:user,repo,user:email,workflow...
2025-06-18 16:36:24.307 [info] Getting sessions for read:user,repo,user:email,workflow...
2025-06-18 16:36:24.307 [info] Got 1 sessions for read:user,repo,user:email,workflow...
2025-06-18 16:36:24.514 [info] Getting sessions for read:user,repo,user:email,workflow...
2025-06-18 16:36:24.514 [info] Got 1 sessions for read:user,repo,user:email,workflow...
2025-06-18 16:36:24.521 [info] Getting sessions for read:user,repo,user:email,workflow...
2025-06-18 16:36:24.521 [info] Got 1 sessions for read:user,repo,user:email,workflow...
2025-06-18 16:39:44.203 [info] Getting sessions for all scopes...
2025-06-18 16:39:44.203 [info] Got 2 sessions for ...
2025-06-18 16:39:44.206 [info] Getting sessions for read:user,repo,user:email,workflow...
2025-06-18 16:39:44.206 [info] Got 1 sessions for read:user,repo,user:email,workflow...
2025-06-18 16:39:44.209 [info] Getting sessions for all scopes...
2025-06-18 16:39:44.209 [info] Got 2 sessions for ...
2025-06-18 16:39:44.211 [info] Getting sessions for read:user,repo,user:email,workflow...
2025-06-18 16:39:44.212 [info] Got 1 sessions for read:user,repo,user:email,workflow...
2025-06-18 16:41:26.162 [info] Getting sessions for all scopes...
2025-06-18 16:41:26.162 [info] Got 2 sessions for ...
2025-06-18 16:41:26.165 [info] Getting sessions for read:user,repo,user:email,workflow...
2025-06-18 16:41:26.165 [info] Got 1 sessions for read:user,repo,user:email,workflow...
2025-06-18 16:41:26.171 [info] Getting sessions for all scopes...
2025-06-18 16:41:26.171 [info] Got 2 sessions for ...
2025-06-18 16:41:26.174 [info] Getting sessions for read:user,repo,user:email,workflow...
2025-06-18 16:41:26.174 [info] Got 1 sessions for read:user,repo,user:email,workflow...
2025-06-18 16:41:56.248 [info] Getting sessions for read:user,repo,user:email,workflow...
2025-06-18 16:41:56.249 [info] Got 1 sessions for read:user,repo,user:email,workflow...
2025-06-18 16:41:56.256 [info] Getting sessions for read:user,repo,user:email,workflow...
2025-06-18 16:41:56.256 [info] Got 1 sessions for read:user,repo,user:email,workflow...
2025-06-18 16:41:58.602 [info] Getting sessions for read:user,repo,user:email,workflow...
2025-06-18 16:41:58.602 [info] Got 1 sessions for read:user,repo,user:email,workflow...
2025-06-18 16:41:58.610 [info] Getting sessions for read:user,repo,user:email,workflow...
2025-06-18 16:41:58.610 [info] Got 1 sessions for read:user,repo,user:email,workflow...
2025-06-18 16:41:59.113 [info] Getting sessions for read:user,repo,user:email,workflow...
2025-06-18 16:41:59.113 [info] Got 1 sessions for read:user,repo,user:email,workflow...
2025-06-18 16:41:59.123 [info] Getting sessions for read:user,repo,user:email,workflow...
2025-06-18 16:41:59.123 [info] Got 1 sessions for read:user,repo,user:email,workflow...
2025-06-18 16:42:02.862 [info] Getting sessions for read:user,repo,user:email,workflow...
2025-06-18 16:42:02.862 [info] Got 1 sessions for read:user,repo,user:email,workflow...
2025-06-18 16:42:02.872 [info] Getting sessions for read:user,repo,user:email,workflow...
2025-06-18 16:42:02.872 [info] Got 1 sessions for read:user,repo,user:email,workflow...
2025-06-18 16:42:25.868 [info] Getting sessions for all scopes...
2025-06-18 16:42:25.868 [info] Got 2 sessions for ...
2025-06-18 16:42:25.887 [info] Getting sessions for read:user,repo,user:email,workflow...
2025-06-18 16:42:25.887 [info] Got 1 sessions for read:user,repo,user:email,workflow...
2025-06-18 16:42:25.890 [info] Getting sessions for all scopes...
2025-06-18 16:42:25.890 [info] Got 2 sessions for ...
2025-06-18 16:42:25.892 [info] Getting sessions for read:user,repo,user:email,workflow...
2025-06-18 16:42:25.892 [info] Got 1 sessions for read:user,repo,user:email,workflow...
2025-06-18 16:42:29.500 [info] Getting sessions for all scopes...
2025-06-18 16:42:29.500 [info] Got 2 sessions for ...
2025-06-18 16:42:29.503 [info] Getting sessions for read:user,repo,user:email,workflow...
2025-06-18 16:42:29.503 [info] Got 1 sessions for read:user,repo,user:email,workflow...
2025-06-18 16:42:29.504 [info] Getting sessions for all scopes...
2025-06-18 16:42:29.504 [info] Got 2 sessions for ...
2025-06-18 16:42:29.505 [info] Getting sessions for read:user,repo,user:email,workflow...
2025-06-18 16:42:29.505 [info] Got 1 sessions for read:user,repo,user:email,workflow...
2025-06-18 16:48:56.278 [info] Getting sessions for all scopes...
2025-06-18 16:48:56.278 [info] Got 2 sessions for ...
2025-06-18 16:48:56.282 [info] Getting sessions for read:user,repo,user:email,workflow...
2025-06-18 16:48:56.282 [info] Got 1 sessions for read:user,repo,user:email,workflow...
2025-06-18 16:48:56.287 [info] Getting sessions for all scopes...
2025-06-18 16:48:56.287 [info] Got 2 sessions for ...
2025-06-18 16:48:56.288 [info] Getting sessions for read:user,repo,user:email,workflow...
2025-06-18 16:48:56.288 [info] Got 1 sessions for read:user,repo,user:email,workflow...
2025-06-18 16:49:24.438 [info] Getting sessions for all scopes...
2025-06-18 16:49:24.438 [info] Got 2 sessions for ...
2025-06-18 16:49:24.447 [info] Getting sessions for read:user,repo,user:email,workflow...
2025-06-18 16:49:24.447 [info] Got 1 sessions for read:user,repo,user:email,workflow...
2025-06-18 16:49:24.451 [info] Getting sessions for all scopes...
2025-06-18 16:49:24.451 [info] Got 2 sessions for ...
2025-06-18 16:49:24.454 [info] Getting sessions for read:user,repo,user:email,workflow...
2025-06-18 16:49:24.454 [info] Got 1 sessions for read:user,repo,user:email,workflow...
